[April 05, 2020 - 10:54:46:PM] DEBUG GameRunner:82 - Found entity system 'com.jgfx.chunk.systems.ChunkMeshBuilder'.
[April 05, 2020 - 10:54:46:PM] DEBUG GameRunner:82 - Found entity system 'com.jgfx.chunk.systems.ChunkNeighborBuilder'.
[April 05, 2020 - 10:54:46:PM] DEBUG GameRunner:82 - Found entity system 'com.jgfx.chunk.systems.ChunkRenderer'.
[April 05, 2020 - 10:54:46:PM] DEBUG GameRunner:82 - Found entity system 'com.jgfx.player.systems.SimplePlayerMove'.
[April 05, 2020 - 10:54:46:PM] DEBUG GameRunner:124 - Successfully instantiated entity system 'com.jgfx.chunk.systems.ChunkMeshBuilder'.
[April 05, 2020 - 10:54:46:PM] DEBUG GameRunner:124 - Successfully instantiated entity system 'com.jgfx.chunk.systems.ChunkRenderer'.
[April 05, 2020 - 10:54:46:PM] DEBUG GameRunner:124 - Successfully instantiated entity system 'com.jgfx.chunk.systems.ChunkNeighborBuilder'.
[April 05, 2020 - 10:54:46:PM] DEBUG GameRunner:124 - Successfully instantiated entity system 'com.jgfx.player.systems.SimplePlayerMove'.
[April 05, 2020 - 10:54:46:PM] INFO GameEngine:216 - Status -> Preparing Subsystems...
[April 05, 2020 - 10:54:46:PM] INFO GameEngine:216 - Status -> Pre-initialising graphics subsystem
[April 05, 2020 - 10:54:47:PM] INFO GameEngine:216 - Status -> Pre-initialising input subsystem
[April 05, 2020 - 10:54:47:PM] INFO GameEngine:216 - Status -> Beginning load process: 'Loading assets'.
[April 05, 2020 - 10:54:47:PM] INFO GameEngine:216 - Status -> Beginning load process: 'Loading default shapes'.
[April 05, 2020 - 10:54:47:PM] INFO GameEngine:216 - Status -> Beginning load process: 'Loading assets'.
[April 05, 2020 - 10:54:47:PM] INFO GameEngine:216 - Status -> Beginning load process: 'Loading local player...'.
[April 05, 2020 - 10:54:47:PM] INFO GameEngine:216 - Status -> Injecting instances to Subsystesm...
[April 05, 2020 - 10:54:47:PM] INFO GameEngine:216 - Status -> Scanning for shared variables in graphics subsystem
[April 05, 2020 - 10:54:47:PM] INFO GameEngine:216 - Status -> Scanning for shared variables in input subsystem
[April 05, 2020 - 10:54:47:PM] INFO GameEngine:216 - Status -> Initialising graphics subsystem
[April 05, 2020 - 10:54:47:PM] INFO GameEngine:216 - Status -> Initialising input subsystem
[April 05, 2020 - 10:54:47:PM] INFO GameEngine:216 - Status -> Initializing entity systems...
[April 05, 2020 - 10:54:47:PM] INFO GameEngine:216 - Status -> Post-initialising graphics subsystem
[April 05, 2020 - 10:54:47:PM] INFO GameEngine:216 - Status -> Post-initialising input subsystem
