[April 06, 2020 - 01:29:02:AM] DEBUG GameRunner:82 - Found entity system 'com.jgfx.chunk.systems.ChunkMeshBuilder'.
[April 06, 2020 - 01:29:02:AM] DEBUG GameRunner:82 - Found entity system 'com.jgfx.chunk.systems.ChunkSynthesizer'.
[April 06, 2020 - 01:29:02:AM] DEBUG GameRunner:82 - Found entity system 'com.jgfx.chunk.systems.ChunkNeighborBuilder'.
[April 06, 2020 - 01:29:02:AM] DEBUG GameRunner:82 - Found entity system 'com.jgfx.chunk.systems.ChunkRenderer'.
[April 06, 2020 - 01:29:02:AM] DEBUG GameRunner:82 - Found entity system 'com.jgfx.player.systems.SimplePlayerMove'.
[April 06, 2020 - 01:29:02:AM] DEBUG GameRunner:124 - Successfully instantiated entity system 'com.jgfx.player.systems.SimplePlayerMove'.
[April 06, 2020 - 01:29:02:AM] DEBUG GameRunner:124 - Successfully instantiated entity system 'com.jgfx.chunk.systems.ChunkMeshBuilder'.
[April 06, 2020 - 01:29:02:AM] DEBUG GameRunner:124 - Successfully instantiated entity system 'com.jgfx.chunk.systems.ChunkNeighborBuilder'.
[April 06, 2020 - 01:29:04:AM] DEBUG GameRunner:82 - Found entity system 'com.jgfx.chunk.systems.ChunkMeshBuilder'.
[April 06, 2020 - 01:29:04:AM] DEBUG GameRunner:82 - Found entity system 'com.jgfx.chunk.systems.ChunkSynthesizer'.
[April 06, 2020 - 01:29:04:AM] DEBUG GameRunner:82 - Found entity system 'com.jgfx.chunk.systems.ChunkNeighborBuilder'.
[April 06, 2020 - 01:29:04:AM] DEBUG GameRunner:82 - Found entity system 'com.jgfx.chunk.systems.ChunkRenderer'.
[April 06, 2020 - 01:29:04:AM] DEBUG GameRunner:82 - Found entity system 'com.jgfx.player.systems.SimplePlayerMove'.
[April 06, 2020 - 01:29:04:AM] DEBUG GameRunner:124 - Successfully instantiated entity system 'com.jgfx.player.systems.SimplePlayerMove'.
[April 06, 2020 - 01:29:04:AM] DEBUG GameRunner:124 - Successfully instantiated entity system 'com.jgfx.chunk.systems.ChunkMeshBuilder'.
[April 06, 2020 - 01:29:04:AM] DEBUG GameRunner:124 - Successfully instantiated entity system 'com.jgfx.chunk.systems.ChunkNeighborBuilder'.
[April 06, 2020 - 01:29:05:AM] DEBUG GameRunner:82 - Found entity system 'com.jgfx.chunk.systems.ChunkMeshBuilder'.
[April 06, 2020 - 01:29:05:AM] DEBUG GameRunner:82 - Found entity system 'com.jgfx.chunk.systems.ChunkSynthesizer'.
[April 06, 2020 - 01:29:05:AM] DEBUG GameRunner:82 - Found entity system 'com.jgfx.chunk.systems.ChunkNeighborBuilder'.
[April 06, 2020 - 01:29:05:AM] DEBUG GameRunner:82 - Found entity system 'com.jgfx.chunk.systems.ChunkRenderer'.
[April 06, 2020 - 01:29:05:AM] DEBUG GameRunner:82 - Found entity system 'com.jgfx.player.systems.SimplePlayerMove'.
[April 06, 2020 - 01:29:05:AM] DEBUG GameRunner:124 - Successfully instantiated entity system 'com.jgfx.player.systems.SimplePlayerMove'.
[April 06, 2020 - 01:29:05:AM] DEBUG GameRunner:124 - Successfully instantiated entity system 'com.jgfx.chunk.systems.ChunkMeshBuilder'.
[April 06, 2020 - 01:29:05:AM] DEBUG GameRunner:124 - Successfully instantiated entity system 'com.jgfx.chunk.systems.ChunkNeighborBuilder'.
[April 06, 2020 - 01:29:07:AM] DEBUG GameRunner:82 - Found entity system 'com.jgfx.chunk.systems.ChunkMeshBuilder'.
[April 06, 2020 - 01:29:07:AM] DEBUG GameRunner:82 - Found entity system 'com.jgfx.chunk.systems.ChunkSynthesizer'.
[April 06, 2020 - 01:29:07:AM] DEBUG GameRunner:82 - Found entity system 'com.jgfx.chunk.systems.ChunkNeighborBuilder'.
[April 06, 2020 - 01:29:07:AM] DEBUG GameRunner:82 - Found entity system 'com.jgfx.chunk.systems.ChunkRenderer'.
[April 06, 2020 - 01:29:07:AM] DEBUG GameRunner:82 - Found entity system 'com.jgfx.player.systems.SimplePlayerMove'.
[April 06, 2020 - 01:29:07:AM] DEBUG GameRunner:124 - Successfully instantiated entity system 'com.jgfx.player.systems.SimplePlayerMove'.
[April 06, 2020 - 01:29:07:AM] DEBUG GameRunner:124 - Successfully instantiated entity system 'com.jgfx.chunk.systems.ChunkMeshBuilder'.
[April 06, 2020 - 01:29:07:AM] DEBUG GameRunner:124 - Successfully instantiated entity system 'com.jgfx.chunk.systems.ChunkNeighborBuilder'.
[April 06, 2020 - 01:29:08:AM] DEBUG GameRunner:82 - Found entity system 'com.jgfx.chunk.systems.ChunkMeshBuilder'.
[April 06, 2020 - 01:29:08:AM] DEBUG GameRunner:82 - Found entity system 'com.jgfx.chunk.systems.ChunkSynthesizer'.
[April 06, 2020 - 01:29:08:AM] DEBUG GameRunner:82 - Found entity system 'com.jgfx.chunk.systems.ChunkNeighborBuilder'.
[April 06, 2020 - 01:29:08:AM] DEBUG GameRunner:82 - Found entity system 'com.jgfx.chunk.systems.ChunkRenderer'.
[April 06, 2020 - 01:29:08:AM] DEBUG GameRunner:82 - Found entity system 'com.jgfx.player.systems.SimplePlayerMove'.
[April 06, 2020 - 01:29:08:AM] DEBUG GameRunner:124 - Successfully instantiated entity system 'com.jgfx.player.systems.SimplePlayerMove'.
[April 06, 2020 - 01:29:08:AM] DEBUG GameRunner:124 - Successfully instantiated entity system 'com.jgfx.chunk.systems.ChunkMeshBuilder'.
[April 06, 2020 - 01:29:08:AM] DEBUG GameRunner:124 - Successfully instantiated entity system 'com.jgfx.chunk.systems.ChunkNeighborBuilder'.
[April 06, 2020 - 01:29:10:AM] DEBUG GameRunner:82 - Found entity system 'com.jgfx.chunk.systems.ChunkMeshBuilder'.
[April 06, 2020 - 01:29:10:AM] DEBUG GameRunner:82 - Found entity system 'com.jgfx.chunk.systems.ChunkSynthesizer'.
[April 06, 2020 - 01:29:10:AM] DEBUG GameRunner:82 - Found entity system 'com.jgfx.chunk.systems.ChunkNeighborBuilder'.
[April 06, 2020 - 01:29:10:AM] DEBUG GameRunner:82 - Found entity system 'com.jgfx.chunk.systems.ChunkRenderer'.
[April 06, 2020 - 01:29:10:AM] DEBUG GameRunner:82 - Found entity system 'com.jgfx.player.systems.SimplePlayerMove'.
[April 06, 2020 - 01:29:10:AM] DEBUG GameRunner:124 - Successfully instantiated entity system 'com.jgfx.player.systems.SimplePlayerMove'.
[April 06, 2020 - 01:29:10:AM] DEBUG GameRunner:124 - Successfully instantiated entity system 'com.jgfx.chunk.systems.ChunkMeshBuilder'.
[April 06, 2020 - 01:29:10:AM] DEBUG GameRunner:124 - Successfully instantiated entity system 'com.jgfx.chunk.systems.ChunkNeighborBuilder'.
[April 06, 2020 - 01:29:19:AM] DEBUG GameRunner:82 - Found entity system 'com.jgfx.chunk.systems.ChunkMeshBuilder'.
[April 06, 2020 - 01:29:19:AM] DEBUG GameRunner:82 - Found entity system 'com.jgfx.chunk.systems.ChunkSynthesizer'.
[April 06, 2020 - 01:29:19:AM] DEBUG GameRunner:82 - Found entity system 'com.jgfx.chunk.systems.ChunkNeighborBuilder'.
[April 06, 2020 - 01:29:19:AM] DEBUG GameRunner:82 - Found entity system 'com.jgfx.chunk.systems.ChunkRenderer'.
[April 06, 2020 - 01:29:19:AM] DEBUG GameRunner:82 - Found entity system 'com.jgfx.player.systems.SimplePlayerMove'.
[April 06, 2020 - 01:29:19:AM] DEBUG GameRunner:124 - Successfully instantiated entity system 'com.jgfx.player.systems.SimplePlayerMove'.
[April 06, 2020 - 01:29:19:AM] DEBUG GameRunner:124 - Successfully instantiated entity system 'com.jgfx.chunk.systems.ChunkMeshBuilder'.
[April 06, 2020 - 01:29:19:AM] DEBUG GameRunner:124 - Successfully instantiated entity system 'com.jgfx.chunk.systems.ChunkNeighborBuilder'.
[April 06, 2020 - 01:29:20:AM] DEBUG GameRunner:82 - Found entity system 'com.jgfx.chunk.systems.ChunkMeshBuilder'.
[April 06, 2020 - 01:29:20:AM] DEBUG GameRunner:82 - Found entity system 'com.jgfx.chunk.systems.ChunkSynthesizer'.
[April 06, 2020 - 01:29:20:AM] DEBUG GameRunner:82 - Found entity system 'com.jgfx.chunk.systems.ChunkNeighborBuilder'.
[April 06, 2020 - 01:29:20:AM] DEBUG GameRunner:82 - Found entity system 'com.jgfx.chunk.systems.ChunkRenderer'.
[April 06, 2020 - 01:29:20:AM] DEBUG GameRunner:82 - Found entity system 'com.jgfx.player.systems.SimplePlayerMove'.
[April 06, 2020 - 01:29:20:AM] DEBUG GameRunner:124 - Successfully instantiated entity system 'com.jgfx.player.systems.SimplePlayerMove'.
[April 06, 2020 - 01:29:20:AM] DEBUG GameRunner:124 - Successfully instantiated entity system 'com.jgfx.chunk.systems.ChunkMeshBuilder'.
[April 06, 2020 - 01:29:20:AM] DEBUG GameRunner:124 - Successfully instantiated entity system 'com.jgfx.chunk.systems.ChunkNeighborBuilder'.
[April 06, 2020 - 01:29:21:AM] DEBUG GameRunner:82 - Found entity system 'com.jgfx.chunk.systems.ChunkMeshBuilder'.
[April 06, 2020 - 01:29:21:AM] DEBUG GameRunner:82 - Found entity system 'com.jgfx.chunk.systems.ChunkSynthesizer'.
[April 06, 2020 - 01:29:21:AM] DEBUG GameRunner:82 - Found entity system 'com.jgfx.chunk.systems.ChunkNeighborBuilder'.
[April 06, 2020 - 01:29:21:AM] DEBUG GameRunner:82 - Found entity system 'com.jgfx.chunk.systems.ChunkRenderer'.
[April 06, 2020 - 01:29:21:AM] DEBUG GameRunner:82 - Found entity system 'com.jgfx.player.systems.SimplePlayerMove'.
[April 06, 2020 - 01:29:21:AM] DEBUG GameRunner:124 - Successfully instantiated entity system 'com.jgfx.player.systems.SimplePlayerMove'.
[April 06, 2020 - 01:29:21:AM] DEBUG GameRunner:124 - Successfully instantiated entity system 'com.jgfx.chunk.systems.ChunkMeshBuilder'.
[April 06, 2020 - 01:29:21:AM] DEBUG GameRunner:124 - Successfully instantiated entity system 'com.jgfx.chunk.systems.ChunkNeighborBuilder'.
[April 06, 2020 - 01:29:21:AM] DEBUG GameRunner:82 - Found entity system 'com.jgfx.chunk.systems.ChunkMeshBuilder'.
[April 06, 2020 - 01:29:21:AM] DEBUG GameRunner:82 - Found entity system 'com.jgfx.chunk.systems.ChunkSynthesizer'.
[April 06, 2020 - 01:29:21:AM] DEBUG GameRunner:82 - Found entity system 'com.jgfx.chunk.systems.ChunkNeighborBuilder'.
[April 06, 2020 - 01:29:21:AM] DEBUG GameRunner:82 - Found entity system 'com.jgfx.chunk.systems.ChunkRenderer'.
[April 06, 2020 - 01:29:21:AM] DEBUG GameRunner:82 - Found entity system 'com.jgfx.player.systems.SimplePlayerMove'.
[April 06, 2020 - 01:29:21:AM] DEBUG GameRunner:124 - Successfully instantiated entity system 'com.jgfx.player.systems.SimplePlayerMove'.
[April 06, 2020 - 01:29:21:AM] DEBUG GameRunner:124 - Successfully instantiated entity system 'com.jgfx.chunk.systems.ChunkMeshBuilder'.
[April 06, 2020 - 01:29:21:AM] DEBUG GameRunner:124 - Successfully instantiated entity system 'com.jgfx.chunk.systems.ChunkNeighborBuilder'.
[April 06, 2020 - 01:29:22:AM] DEBUG GameRunner:82 - Found entity system 'com.jgfx.chunk.systems.ChunkMeshBuilder'.
[April 06, 2020 - 01:29:22:AM] DEBUG GameRunner:82 - Found entity system 'com.jgfx.chunk.systems.ChunkSynthesizer'.
[April 06, 2020 - 01:29:22:AM] DEBUG GameRunner:82 - Found entity system 'com.jgfx.chunk.systems.ChunkNeighborBuilder'.
[April 06, 2020 - 01:29:22:AM] DEBUG GameRunner:82 - Found entity system 'com.jgfx.chunk.systems.ChunkRenderer'.
[April 06, 2020 - 01:29:22:AM] DEBUG GameRunner:82 - Found entity system 'com.jgfx.player.systems.SimplePlayerMove'.
[April 06, 2020 - 01:29:22:AM] DEBUG GameRunner:124 - Successfully instantiated entity system 'com.jgfx.player.systems.SimplePlayerMove'.
[April 06, 2020 - 01:29:22:AM] DEBUG GameRunner:124 - Successfully instantiated entity system 'com.jgfx.chunk.systems.ChunkMeshBuilder'.
[April 06, 2020 - 01:29:22:AM] DEBUG GameRunner:124 - Successfully instantiated entity system 'com.jgfx.chunk.systems.ChunkNeighborBuilder'.
[April 06, 2020 - 01:29:27:AM] DEBUG GameRunner:82 - Found entity system 'com.jgfx.chunk.systems.ChunkMeshBuilder'.
[April 06, 2020 - 01:29:27:AM] DEBUG GameRunner:82 - Found entity system 'com.jgfx.chunk.systems.ChunkSynthesizer'.
[April 06, 2020 - 01:29:27:AM] DEBUG GameRunner:82 - Found entity system 'com.jgfx.chunk.systems.ChunkNeighborBuilder'.
[April 06, 2020 - 01:29:27:AM] DEBUG GameRunner:82 - Found entity system 'com.jgfx.chunk.systems.ChunkRenderer'.
[April 06, 2020 - 01:29:27:AM] DEBUG GameRunner:82 - Found entity system 'com.jgfx.player.systems.SimplePlayerMove'.
[April 06, 2020 - 01:29:27:AM] DEBUG GameRunner:124 - Successfully instantiated entity system 'com.jgfx.player.systems.SimplePlayerMove'.
[April 06, 2020 - 01:29:27:AM] DEBUG GameRunner:124 - Successfully instantiated entity system 'com.jgfx.chunk.systems.ChunkMeshBuilder'.
[April 06, 2020 - 01:29:27:AM] DEBUG GameRunner:124 - Successfully instantiated entity system 'com.jgfx.chunk.systems.ChunkNeighborBuilder'.
[April 06, 2020 - 01:29:28:AM] DEBUG GameRunner:82 - Found entity system 'com.jgfx.chunk.systems.ChunkMeshBuilder'.
[April 06, 2020 - 01:29:28:AM] DEBUG GameRunner:82 - Found entity system 'com.jgfx.chunk.systems.ChunkSynthesizer'.
[April 06, 2020 - 01:29:28:AM] DEBUG GameRunner:82 - Found entity system 'com.jgfx.chunk.systems.ChunkNeighborBuilder'.
[April 06, 2020 - 01:29:28:AM] DEBUG GameRunner:82 - Found entity system 'com.jgfx.chunk.systems.ChunkRenderer'.
[April 06, 2020 - 01:29:28:AM] DEBUG GameRunner:82 - Found entity system 'com.jgfx.player.systems.SimplePlayerMove'.
[April 06, 2020 - 01:29:29:AM] DEBUG GameRunner:124 - Successfully instantiated entity system 'com.jgfx.player.systems.SimplePlayerMove'.
[April 06, 2020 - 01:29:29:AM] DEBUG GameRunner:124 - Successfully instantiated entity system 'com.jgfx.chunk.systems.ChunkMeshBuilder'.
[April 06, 2020 - 01:29:29:AM] DEBUG GameRunner:124 - Successfully instantiated entity system 'com.jgfx.chunk.systems.ChunkNeighborBuilder'.
[April 06, 2020 - 01:29:29:AM] DEBUG GameRunner:82 - Found entity system 'com.jgfx.chunk.systems.ChunkMeshBuilder'.
[April 06, 2020 - 01:29:29:AM] DEBUG GameRunner:82 - Found entity system 'com.jgfx.chunk.systems.ChunkSynthesizer'.
[April 06, 2020 - 01:29:29:AM] DEBUG GameRunner:82 - Found entity system 'com.jgfx.chunk.systems.ChunkNeighborBuilder'.
[April 06, 2020 - 01:29:29:AM] DEBUG GameRunner:82 - Found entity system 'com.jgfx.chunk.systems.ChunkRenderer'.
[April 06, 2020 - 01:29:29:AM] DEBUG GameRunner:82 - Found entity system 'com.jgfx.player.systems.SimplePlayerMove'.
[April 06, 2020 - 01:29:29:AM] DEBUG GameRunner:124 - Successfully instantiated entity system 'com.jgfx.player.systems.SimplePlayerMove'.
[April 06, 2020 - 01:29:29:AM] DEBUG GameRunner:124 - Successfully instantiated entity system 'com.jgfx.chunk.systems.ChunkMeshBuilder'.
[April 06, 2020 - 01:29:29:AM] DEBUG GameRunner:124 - Successfully instantiated entity system 'com.jgfx.chunk.systems.ChunkNeighborBuilder'.
[April 06, 2020 - 01:29:29:AM] DEBUG GameRunner:82 - Found entity system 'com.jgfx.chunk.systems.ChunkMeshBuilder'.
[April 06, 2020 - 01:29:29:AM] DEBUG GameRunner:82 - Found entity system 'com.jgfx.chunk.systems.ChunkSynthesizer'.
[April 06, 2020 - 01:29:29:AM] DEBUG GameRunner:82 - Found entity system 'com.jgfx.chunk.systems.ChunkNeighborBuilder'.
[April 06, 2020 - 01:29:29:AM] DEBUG GameRunner:82 - Found entity system 'com.jgfx.chunk.systems.ChunkRenderer'.
[April 06, 2020 - 01:29:29:AM] DEBUG GameRunner:82 - Found entity system 'com.jgfx.player.systems.SimplePlayerMove'.
[April 06, 2020 - 01:29:29:AM] DEBUG GameRunner:124 - Successfully instantiated entity system 'com.jgfx.player.systems.SimplePlayerMove'.
[April 06, 2020 - 01:29:29:AM] DEBUG GameRunner:124 - Successfully instantiated entity system 'com.jgfx.chunk.systems.ChunkMeshBuilder'.
[April 06, 2020 - 01:29:29:AM] DEBUG GameRunner:124 - Successfully instantiated entity system 'com.jgfx.chunk.systems.ChunkNeighborBuilder'.
[April 06, 2020 - 01:29:29:AM] DEBUG GameRunner:82 - Found entity system 'com.jgfx.chunk.systems.ChunkMeshBuilder'.
[April 06, 2020 - 01:29:29:AM] DEBUG GameRunner:82 - Found entity system 'com.jgfx.chunk.systems.ChunkSynthesizer'.
[April 06, 2020 - 01:29:29:AM] DEBUG GameRunner:82 - Found entity system 'com.jgfx.chunk.systems.ChunkNeighborBuilder'.
[April 06, 2020 - 01:29:29:AM] DEBUG GameRunner:82 - Found entity system 'com.jgfx.chunk.systems.ChunkRenderer'.
[April 06, 2020 - 01:29:29:AM] DEBUG GameRunner:82 - Found entity system 'com.jgfx.player.systems.SimplePlayerMove'.
[April 06, 2020 - 01:29:29:AM] DEBUG GameRunner:124 - Successfully instantiated entity system 'com.jgfx.player.systems.SimplePlayerMove'.
[April 06, 2020 - 01:29:29:AM] DEBUG GameRunner:124 - Successfully instantiated entity system 'com.jgfx.chunk.systems.ChunkMeshBuilder'.
[April 06, 2020 - 01:29:29:AM] DEBUG GameRunner:124 - Successfully instantiated entity system 'com.jgfx.chunk.systems.ChunkNeighborBuilder'.
[April 06, 2020 - 01:29:34:AM] DEBUG GameRunner:82 - Found entity system 'com.jgfx.chunk.systems.ChunkMeshBuilder'.
[April 06, 2020 - 01:29:34:AM] DEBUG GameRunner:82 - Found entity system 'com.jgfx.chunk.systems.ChunkSynthesizer'.
[April 06, 2020 - 01:29:34:AM] DEBUG GameRunner:82 - Found entity system 'com.jgfx.chunk.systems.ChunkNeighborBuilder'.
[April 06, 2020 - 01:29:34:AM] DEBUG GameRunner:82 - Found entity system 'com.jgfx.chunk.systems.ChunkRenderer'.
[April 06, 2020 - 01:29:34:AM] DEBUG GameRunner:82 - Found entity system 'com.jgfx.player.systems.SimplePlayerMove'.
[April 06, 2020 - 01:29:34:AM] DEBUG GameRunner:124 - Successfully instantiated entity system 'com.jgfx.player.systems.SimplePlayerMove'.
[April 06, 2020 - 01:29:34:AM] DEBUG GameRunner:124 - Successfully instantiated entity system 'com.jgfx.chunk.systems.ChunkMeshBuilder'.
[April 06, 2020 - 01:29:34:AM] DEBUG GameRunner:124 - Successfully instantiated entity system 'com.jgfx.chunk.systems.ChunkNeighborBuilder'.
[April 06, 2020 - 01:29:35:AM] DEBUG GameRunner:82 - Found entity system 'com.jgfx.chunk.systems.ChunkMeshBuilder'.
[April 06, 2020 - 01:29:35:AM] DEBUG GameRunner:82 - Found entity system 'com.jgfx.chunk.systems.ChunkSynthesizer'.
[April 06, 2020 - 01:29:35:AM] DEBUG GameRunner:82 - Found entity system 'com.jgfx.chunk.systems.ChunkNeighborBuilder'.
[April 06, 2020 - 01:29:35:AM] DEBUG GameRunner:82 - Found entity system 'com.jgfx.chunk.systems.ChunkRenderer'.
[April 06, 2020 - 01:29:35:AM] DEBUG GameRunner:82 - Found entity system 'com.jgfx.player.systems.SimplePlayerMove'.
[April 06, 2020 - 01:29:35:AM] DEBUG GameRunner:124 - Successfully instantiated entity system 'com.jgfx.player.systems.SimplePlayerMove'.
[April 06, 2020 - 01:29:35:AM] DEBUG GameRunner:124 - Successfully instantiated entity system 'com.jgfx.chunk.systems.ChunkMeshBuilder'.
[April 06, 2020 - 01:29:35:AM] DEBUG GameRunner:124 - Successfully instantiated entity system 'com.jgfx.chunk.systems.ChunkNeighborBuilder'.
[April 06, 2020 - 01:29:55:AM] DEBUG GameRunner:82 - Found entity system 'com.jgfx.chunk.systems.ChunkMeshBuilder'.
[April 06, 2020 - 01:29:55:AM] DEBUG GameRunner:82 - Found entity system 'com.jgfx.chunk.systems.ChunkSynthesizer'.
[April 06, 2020 - 01:29:55:AM] DEBUG GameRunner:82 - Found entity system 'com.jgfx.chunk.systems.ChunkNeighborBuilder'.
[April 06, 2020 - 01:29:55:AM] DEBUG GameRunner:82 - Found entity system 'com.jgfx.chunk.systems.ChunkRenderer'.
[April 06, 2020 - 01:29:55:AM] DEBUG GameRunner:82 - Found entity system 'com.jgfx.player.systems.SimplePlayerMove'.
[April 06, 2020 - 01:29:55:AM] DEBUG GameRunner:124 - Successfully instantiated entity system 'com.jgfx.player.systems.SimplePlayerMove'.
[April 06, 2020 - 01:29:55:AM] DEBUG GameRunner:124 - Successfully instantiated entity system 'com.jgfx.chunk.systems.ChunkMeshBuilder'.
[April 06, 2020 - 01:29:55:AM] DEBUG GameRunner:124 - Successfully instantiated entity system 'com.jgfx.chunk.systems.ChunkNeighborBuilder'.
[April 06, 2020 - 01:29:55:AM] DEBUG GameRunner:124 - Successfully instantiated entity system 'com.jgfx.chunk.systems.ChunkSynthesizer'.
[April 06, 2020 - 01:29:55:AM] DEBUG GameRunner:124 - Successfully instantiated entity system 'com.jgfx.chunk.systems.ChunkRenderer'.
[April 06, 2020 - 01:29:55:AM] INFO GameEngine:216 - Status -> Preparing Subsystems...
[April 06, 2020 - 01:29:55:AM] INFO GameEngine:216 - Status -> Pre-initialising graphics subsystem
[April 06, 2020 - 01:29:55:AM] INFO GameEngine:216 - Status -> Pre-initialising input subsystem
[April 06, 2020 - 01:29:55:AM] INFO GameEngine:216 - Status -> Beginning load process: 'Loading assets'.
[April 06, 2020 - 01:29:55:AM] INFO GameEngine:216 - Status -> Beginning load process: 'Loading default shapes'.
[April 06, 2020 - 01:29:55:AM] INFO GameEngine:216 - Status -> Beginning load process: 'Loading assets'.
[April 06, 2020 - 01:29:56:AM] INFO GameEngine:216 - Status -> Beginning load process: 'Loading local player...'.
[April 06, 2020 - 01:29:56:AM] INFO GameEngine:216 - Status -> Injecting instances to Subsystesm...
[April 06, 2020 - 01:29:56:AM] INFO GameEngine:216 - Status -> Scanning for shared variables in graphics subsystem
[April 06, 2020 - 01:29:56:AM] INFO GameEngine:216 - Status -> Scanning for shared variables in input subsystem
[April 06, 2020 - 01:29:56:AM] INFO GameEngine:216 - Status -> Initialising graphics subsystem
[April 06, 2020 - 01:29:56:AM] INFO GameEngine:216 - Status -> Initialising input subsystem
[April 06, 2020 - 01:29:56:AM] INFO GameEngine:216 - Status -> Initializing entity systems...
[April 06, 2020 - 01:29:56:AM] INFO GameEngine:216 - Status -> Post-initialising graphics subsystem
[April 06, 2020 - 01:29:56:AM] INFO GameEngine:216 - Status -> Post-initialising input subsystem
