[April 06, 2020 - 02:19:05:AM] DEBUG GameRunner:82 - Found entity system 'com.jgfx.chunk.systems.ChunkMeshBuilder'.
[April 06, 2020 - 02:19:05:AM] DEBUG GameRunner:82 - Found entity system 'com.jgfx.chunk.systems.ChunkNeighborBuilder'.
[April 06, 2020 - 02:19:05:AM] DEBUG GameRunner:82 - Found entity system 'com.jgfx.chunk.systems.ChunkRenderer'.
[April 06, 2020 - 02:19:05:AM] DEBUG GameRunner:82 - Found entity system 'com.jgfx.chunk.systems.ChunkManager'.
[April 06, 2020 - 02:19:05:AM] DEBUG GameRunner:82 - Found entity system 'com.jgfx.chunk.systems.ChunkSynthesizer'.
[April 06, 2020 - 02:19:05:AM] DEBUG GameRunner:82 - Found entity system 'com.jgfx.player.systems.SimplePlayerMove'.
[April 06, 2020 - 02:19:05:AM] DEBUG GameRunner:124 - Successfully instantiated entity system 'com.jgfx.chunk.systems.ChunkRenderer'.
[April 06, 2020 - 02:19:05:AM] DEBUG GameRunner:124 - Successfully instantiated entity system 'com.jgfx.player.systems.SimplePlayerMove'.
[April 06, 2020 - 02:19:05:AM] DEBUG GameRunner:124 - Successfully instantiated entity system 'com.jgfx.chunk.systems.ChunkMeshBuilder'.
[April 06, 2020 - 02:19:05:AM] DEBUG GameRunner:124 - Successfully instantiated entity system 'com.jgfx.chunk.systems.ChunkManager'.
[April 06, 2020 - 02:19:05:AM] DEBUG GameRunner:124 - Successfully instantiated entity system 'com.jgfx.chunk.systems.ChunkNeighborBuilder'.
[April 06, 2020 - 02:19:05:AM] DEBUG GameRunner:124 - Successfully instantiated entity system 'com.jgfx.chunk.systems.ChunkSynthesizer'.
[April 06, 2020 - 02:19:06:AM] INFO GameEngine:216 - Status -> Preparing Subsystems...
[April 06, 2020 - 02:19:06:AM] INFO GameEngine:216 - Status -> Pre-initialising graphics subsystem
[April 06, 2020 - 02:19:07:AM] INFO GameEngine:216 - Status -> Pre-initialising input subsystem
[April 06, 2020 - 02:19:07:AM] INFO GameEngine:216 - Status -> Beginning load process: 'Loading assets'.
[April 06, 2020 - 02:19:07:AM] INFO GameEngine:216 - Status -> Beginning load process: 'Loading default shapes'.
[April 06, 2020 - 02:19:07:AM] INFO GameEngine:216 - Status -> Beginning load process: 'Loading assets'.
[April 06, 2020 - 02:19:13:AM] DEBUG GameRunner:82 - Found entity system 'com.jgfx.chunk.systems.ChunkMeshBuilder'.
[April 06, 2020 - 02:19:13:AM] DEBUG GameRunner:82 - Found entity system 'com.jgfx.chunk.systems.ChunkNeighborBuilder'.
[April 06, 2020 - 02:19:13:AM] DEBUG GameRunner:82 - Found entity system 'com.jgfx.chunk.systems.ChunkRenderer'.
[April 06, 2020 - 02:19:13:AM] DEBUG GameRunner:82 - Found entity system 'com.jgfx.chunk.systems.ChunkManager'.
[April 06, 2020 - 02:19:13:AM] DEBUG GameRunner:82 - Found entity system 'com.jgfx.chunk.systems.ChunkSynthesizer'.
[April 06, 2020 - 02:19:13:AM] DEBUG GameRunner:82 - Found entity system 'com.jgfx.player.systems.SimplePlayerMove'.
[April 06, 2020 - 02:19:13:AM] DEBUG GameRunner:124 - Successfully instantiated entity system 'com.jgfx.chunk.systems.ChunkRenderer'.
[April 06, 2020 - 02:19:13:AM] DEBUG GameRunner:124 - Successfully instantiated entity system 'com.jgfx.player.systems.SimplePlayerMove'.
[April 06, 2020 - 02:19:13:AM] DEBUG GameRunner:124 - Successfully instantiated entity system 'com.jgfx.chunk.systems.ChunkMeshBuilder'.
[April 06, 2020 - 02:19:13:AM] DEBUG GameRunner:124 - Successfully instantiated entity system 'com.jgfx.chunk.systems.ChunkManager'.
[April 06, 2020 - 02:19:13:AM] DEBUG GameRunner:124 - Successfully instantiated entity system 'com.jgfx.chunk.systems.ChunkNeighborBuilder'.
[April 06, 2020 - 02:19:13:AM] DEBUG GameRunner:124 - Successfully instantiated entity system 'com.jgfx.chunk.systems.ChunkSynthesizer'.
[April 06, 2020 - 02:19:13:AM] INFO GameEngine:216 - Status -> Preparing Subsystems...
[April 06, 2020 - 02:19:13:AM] INFO GameEngine:216 - Status -> Pre-initialising graphics subsystem
[April 06, 2020 - 02:19:14:AM] DEBUG GameRunner:82 - Found entity system 'com.jgfx.chunk.systems.ChunkMeshBuilder'.
[April 06, 2020 - 02:19:14:AM] DEBUG GameRunner:82 - Found entity system 'com.jgfx.chunk.systems.ChunkNeighborBuilder'.
[April 06, 2020 - 02:19:14:AM] DEBUG GameRunner:82 - Found entity system 'com.jgfx.chunk.systems.ChunkRenderer'.
[April 06, 2020 - 02:19:14:AM] DEBUG GameRunner:82 - Found entity system 'com.jgfx.chunk.systems.ChunkManager'.
[April 06, 2020 - 02:19:14:AM] DEBUG GameRunner:82 - Found entity system 'com.jgfx.chunk.systems.ChunkSynthesizer'.
[April 06, 2020 - 02:19:14:AM] DEBUG GameRunner:82 - Found entity system 'com.jgfx.player.systems.SimplePlayerMove'.
[April 06, 2020 - 02:19:14:AM] DEBUG GameRunner:124 - Successfully instantiated entity system 'com.jgfx.chunk.systems.ChunkRenderer'.
[April 06, 2020 - 02:19:14:AM] DEBUG GameRunner:124 - Successfully instantiated entity system 'com.jgfx.player.systems.SimplePlayerMove'.
[April 06, 2020 - 02:19:14:AM] DEBUG GameRunner:124 - Successfully instantiated entity system 'com.jgfx.chunk.systems.ChunkMeshBuilder'.
[April 06, 2020 - 02:19:14:AM] DEBUG GameRunner:124 - Successfully instantiated entity system 'com.jgfx.chunk.systems.ChunkManager'.
[April 06, 2020 - 02:19:14:AM] DEBUG GameRunner:124 - Successfully instantiated entity system 'com.jgfx.chunk.systems.ChunkNeighborBuilder'.
[April 06, 2020 - 02:19:14:AM] DEBUG GameRunner:124 - Successfully instantiated entity system 'com.jgfx.chunk.systems.ChunkSynthesizer'.
[April 06, 2020 - 02:19:14:AM] INFO GameEngine:216 - Status -> Preparing Subsystems...
[April 06, 2020 - 02:19:14:AM] INFO GameEngine:216 - Status -> Pre-initialising graphics subsystem
[April 06, 2020 - 02:19:14:AM] INFO GameEngine:216 - Status -> Pre-initialising input subsystem
[April 06, 2020 - 02:19:14:AM] INFO GameEngine:216 - Status -> Beginning load process: 'Loading assets'.
[April 06, 2020 - 02:19:14:AM] INFO GameEngine:216 - Status -> Beginning load process: 'Loading default shapes'.
[April 06, 2020 - 02:19:14:AM] INFO GameEngine:216 - Status -> Beginning load process: 'Loading assets'.
[April 06, 2020 - 02:19:15:AM] DEBUG GameRunner:82 - Found entity system 'com.jgfx.chunk.systems.ChunkMeshBuilder'.
[April 06, 2020 - 02:19:15:AM] DEBUG GameRunner:82 - Found entity system 'com.jgfx.chunk.systems.ChunkNeighborBuilder'.
[April 06, 2020 - 02:19:15:AM] DEBUG GameRunner:82 - Found entity system 'com.jgfx.chunk.systems.ChunkRenderer'.
[April 06, 2020 - 02:19:15:AM] DEBUG GameRunner:82 - Found entity system 'com.jgfx.chunk.systems.ChunkManager'.
[April 06, 2020 - 02:19:15:AM] DEBUG GameRunner:82 - Found entity system 'com.jgfx.chunk.systems.ChunkSynthesizer'.
[April 06, 2020 - 02:19:15:AM] DEBUG GameRunner:82 - Found entity system 'com.jgfx.player.systems.SimplePlayerMove'.
[April 06, 2020 - 02:19:15:AM] DEBUG GameRunner:124 - Successfully instantiated entity system 'com.jgfx.chunk.systems.ChunkRenderer'.
[April 06, 2020 - 02:19:15:AM] DEBUG GameRunner:124 - Successfully instantiated entity system 'com.jgfx.player.systems.SimplePlayerMove'.
[April 06, 2020 - 02:19:15:AM] DEBUG GameRunner:124 - Successfully instantiated entity system 'com.jgfx.chunk.systems.ChunkMeshBuilder'.
[April 06, 2020 - 02:19:15:AM] DEBUG GameRunner:124 - Successfully instantiated entity system 'com.jgfx.chunk.systems.ChunkManager'.
[April 06, 2020 - 02:19:15:AM] DEBUG GameRunner:124 - Successfully instantiated entity system 'com.jgfx.chunk.systems.ChunkNeighborBuilder'.
[April 06, 2020 - 02:19:15:AM] DEBUG GameRunner:124 - Successfully instantiated entity system 'com.jgfx.chunk.systems.ChunkSynthesizer'.
[April 06, 2020 - 02:19:15:AM] INFO GameEngine:216 - Status -> Preparing Subsystems...
[April 06, 2020 - 02:19:15:AM] INFO GameEngine:216 - Status -> Beginning load process: 'Loading local player...'.
[April 06, 2020 - 02:19:15:AM] INFO GameEngine:216 - Status -> Pre-initialising graphics subsystem
[April 06, 2020 - 02:19:15:AM] INFO GameEngine:216 - Status -> Pre-initialising input subsystem
[April 06, 2020 - 02:19:15:AM] INFO GameEngine:216 - Status -> Beginning load process: 'Loading assets'.
[April 06, 2020 - 02:19:15:AM] INFO GameEngine:216 - Status -> Injecting instances to Subsystesm...
[April 06, 2020 - 02:19:15:AM] INFO GameEngine:216 - Status -> Scanning for shared variables in graphics subsystem
[April 06, 2020 - 02:19:15:AM] INFO GameEngine:216 - Status -> Scanning for shared variables in input subsystem
[April 06, 2020 - 02:19:15:AM] INFO GameEngine:216 - Status -> Initialising graphics subsystem
[April 06, 2020 - 02:19:15:AM] INFO GameEngine:216 - Status -> Initialising input subsystem
[April 06, 2020 - 02:19:15:AM] INFO GameEngine:216 - Status -> Initializing entity systems...
[April 06, 2020 - 02:19:15:AM] INFO GameEngine:216 - Status -> Post-initialising graphics subsystem
[April 06, 2020 - 02:19:15:AM] INFO GameEngine:216 - Status -> Post-initialising input subsystem
[April 06, 2020 - 02:19:15:AM] INFO GameEngine:216 - Status -> Beginning load process: 'Loading default shapes'.
[April 06, 2020 - 02:19:15:AM] INFO GameEngine:216 - Status -> Beginning load process: 'Loading assets'.
[April 06, 2020 - 02:19:15:AM] DEBUG GameRunner:82 - Found entity system 'com.jgfx.chunk.systems.ChunkMeshBuilder'.
[April 06, 2020 - 02:19:15:AM] DEBUG GameRunner:82 - Found entity system 'com.jgfx.chunk.systems.ChunkNeighborBuilder'.
[April 06, 2020 - 02:19:15:AM] DEBUG GameRunner:82 - Found entity system 'com.jgfx.chunk.systems.ChunkRenderer'.
[April 06, 2020 - 02:19:15:AM] DEBUG GameRunner:82 - Found entity system 'com.jgfx.chunk.systems.ChunkManager'.
[April 06, 2020 - 02:19:15:AM] DEBUG GameRunner:82 - Found entity system 'com.jgfx.chunk.systems.ChunkSynthesizer'.
[April 06, 2020 - 02:19:15:AM] DEBUG GameRunner:82 - Found entity system 'com.jgfx.player.systems.SimplePlayerMove'.
[April 06, 2020 - 02:19:15:AM] DEBUG GameRunner:124 - Successfully instantiated entity system 'com.jgfx.chunk.systems.ChunkRenderer'.
[April 06, 2020 - 02:19:15:AM] DEBUG GameRunner:124 - Successfully instantiated entity system 'com.jgfx.player.systems.SimplePlayerMove'.
[April 06, 2020 - 02:19:15:AM] DEBUG GameRunner:124 - Successfully instantiated entity system 'com.jgfx.chunk.systems.ChunkMeshBuilder'.
[April 06, 2020 - 02:19:15:AM] DEBUG GameRunner:124 - Successfully instantiated entity system 'com.jgfx.chunk.systems.ChunkManager'.
[April 06, 2020 - 02:19:15:AM] DEBUG GameRunner:124 - Successfully instantiated entity system 'com.jgfx.chunk.systems.ChunkNeighborBuilder'.
[April 06, 2020 - 02:19:15:AM] DEBUG GameRunner:124 - Successfully instantiated entity system 'com.jgfx.chunk.systems.ChunkSynthesizer'.
[April 06, 2020 - 02:19:15:AM] INFO GameEngine:216 - Status -> Preparing Subsystems...
[April 06, 2020 - 02:19:15:AM] INFO GameEngine:216 - Status -> Pre-initialising graphics subsystem
[April 06, 2020 - 02:19:15:AM] INFO GameEngine:216 - Status -> Pre-initialising input subsystem
[April 06, 2020 - 02:19:15:AM] INFO GameEngine:216 - Status -> Beginning load process: 'Loading assets'.
[April 06, 2020 - 02:19:15:AM] INFO GameEngine:216 - Status -> Beginning load process: 'Loading default shapes'.
[April 06, 2020 - 02:19:15:AM] INFO GameEngine:216 - Status -> Beginning load process: 'Loading assets'.
[April 06, 2020 - 02:19:16:AM] INFO GameEngine:216 - Status -> Pre-initialising input subsystem
[April 06, 2020 - 02:19:16:AM] INFO GameEngine:216 - Status -> Beginning load process: 'Loading assets'.
[April 06, 2020 - 02:19:16:AM] INFO GameEngine:216 - Status -> Beginning load process: 'Loading default shapes'.
[April 06, 2020 - 02:19:16:AM] INFO GameEngine:216 - Status -> Beginning load process: 'Loading assets'.
[April 06, 2020 - 02:19:19:AM] DEBUG ChunkManager:51 - Chunk[0] at 0, 0, 0 stored in chunk manager
[April 06, 2020 - 02:19:19:AM] WARN ChunkManager:48 - Chunk[0] at 0, 0, 0 was generated twice. Destroying
[April 06, 2020 - 02:19:19:AM] WARN ChunkManager:48 - Chunk[0] at 0, 0, 0 was generated twice. Destroying
[April 06, 2020 - 02:19:19:AM] WARN ChunkManager:48 - Chunk[0] at 0, 0, 0 was generated twice. Destroying
[April 06, 2020 - 02:19:19:AM] WARN ChunkManager:48 - Chunk[0] at 0, 0, 0 was generated twice. Destroying
[April 06, 2020 - 02:19:19:AM] WARN ChunkManager:48 - Chunk[0] at 0, 0, 0 was generated twice. Destroying
[April 06, 2020 - 02:19:19:AM] WARN ChunkManager:48 - Chunk[0] at 0, 0, 0 was generated twice. Destroying
[April 06, 2020 - 02:19:19:AM] WARN ChunkManager:48 - Chunk[0] at 0, 0, 0 was generated twice. Destroying
[April 06, 2020 - 02:19:19:AM] WARN ChunkManager:48 - Chunk[0] at 0, 0, 0 was generated twice. Destroying
[April 06, 2020 - 02:19:19:AM] WARN ChunkManager:48 - Chunk[0] at 0, 0, 0 was generated twice. Destroying
[April 06, 2020 - 02:19:19:AM] WARN ChunkManager:48 - Chunk[0] at 0, 0, 0 was generated twice. Destroying
[April 06, 2020 - 02:19:19:AM] WARN ChunkManager:48 - Chunk[0] at 0, 0, 0 was generated twice. Destroying
[April 06, 2020 - 02:19:44:AM] DEBUG ChunkManager:51 - Chunk[-2052] at -4, 0, -2 stored in chunk manager
[April 06, 2020 - 02:19:44:AM] WARN ChunkManager:48 - Chunk[-2052] at -4, 0, -2 was generated twice. Destroying
[April 06, 2020 - 02:19:44:AM] WARN ChunkManager:48 - Chunk[-2052] at -4, 0, -2 was generated twice. Destroying
[April 06, 2020 - 02:19:45:AM] WARN ChunkManager:48 - Chunk[-2052] at -4, 0, -2 was generated twice. Destroying
[April 06, 2020 - 02:19:45:AM] WARN ChunkManager:48 - Chunk[-2052] at -4, 0, -2 was generated twice. Destroying
[April 06, 2020 - 02:19:45:AM] WARN ChunkManager:48 - Chunk[-2052] at -4, 0, -2 was generated twice. Destroying
[April 06, 2020 - 02:19:45:AM] WARN ChunkManager:48 - Chunk[-2052] at -4, 0, -2 was generated twice. Destroying
[April 06, 2020 - 02:23:09:AM] DEBUG ChunkManager:51 - Chunk[-2046] at 2, 0, -2 stored in chunk manager
[April 06, 2020 - 02:23:09:AM] WARN ChunkManager:48 - Chunk[-2046] at 2, 0, -2 was generated twice. Destroying
[April 06, 2020 - 02:23:09:AM] WARN ChunkManager:48 - Chunk[-2046] at 2, 0, -2 was generated twice. Destroying
[April 06, 2020 - 02:23:09:AM] WARN ChunkManager:48 - Chunk[-2046] at 2, 0, -2 was generated twice. Destroying
[April 06, 2020 - 02:23:09:AM] WARN ChunkManager:48 - Chunk[-2046] at 2, 0, -2 was generated twice. Destroying
[April 06, 2020 - 02:23:09:AM] WARN ChunkManager:48 - Chunk[-2046] at 2, 0, -2 was generated twice. Destroying
[April 06, 2020 - 02:23:09:AM] WARN ChunkManager:48 - Chunk[-2046] at 2, 0, -2 was generated twice. Destroying
[April 06, 2020 - 02:23:33:AM] DEBUG ChunkManager:51 - Chunk[-8193] at -1, 0, -8 stored in chunk manager
[April 06, 2020 - 02:23:33:AM] WARN ChunkManager:48 - Chunk[-8193] at -1, 0, -8 was generated twice. Destroying
[April 06, 2020 - 02:23:33:AM] WARN ChunkManager:48 - Chunk[-8193] at -1, 0, -8 was generated twice. Destroying
[April 06, 2020 - 02:23:33:AM] WARN ChunkManager:48 - Chunk[-8193] at -1, 0, -8 was generated twice. Destroying
[April 06, 2020 - 02:23:33:AM] WARN ChunkManager:48 - Chunk[-8193] at -1, 0, -8 was generated twice. Destroying
[April 06, 2020 - 02:23:33:AM] WARN ChunkManager:48 - Chunk[-8193] at -1, 0, -8 was generated twice. Destroying
[April 06, 2020 - 02:23:33:AM] WARN ChunkManager:48 - Chunk[-8193] at -1, 0, -8 was generated twice. Destroying
[April 06, 2020 - 02:23:33:AM] WARN ChunkManager:48 - Chunk[-8193] at -1, 0, -8 was generated twice. Destroying
[April 06, 2020 - 02:23:43:AM] WARN ChunkManager:48 - Chunk[-8193] at -1, 0, -8 was generated twice. Destroying
[April 06, 2020 - 02:23:43:AM] WARN ChunkManager:48 - Chunk[-8193] at -1, 0, -8 was generated twice. Destroying
[April 06, 2020 - 02:23:43:AM] WARN ChunkManager:48 - Chunk[-8193] at -1, 0, -8 was generated twice. Destroying
[April 06, 2020 - 02:23:43:AM] WARN ChunkManager:48 - Chunk[-8193] at -1, 0, -8 was generated twice. Destroying
[April 06, 2020 - 02:23:43:AM] WARN ChunkManager:48 - Chunk[-8193] at -1, 0, -8 was generated twice. Destroying
[April 06, 2020 - 02:23:43:AM] WARN ChunkManager:48 - Chunk[-8193] at -1, 0, -8 was generated twice. Destroying
[April 06, 2020 - 02:23:43:AM] WARN ChunkManager:48 - Chunk[-8193] at -1, 0, -8 was generated twice. Destroying
[April 06, 2020 - 02:23:48:AM] DEBUG ChunkManager:51 - Chunk[-48129] at -1, 0, -47 stored in chunk manager
[April 06, 2020 - 02:23:48:AM] WARN ChunkManager:48 - Chunk[-48129] at -1, 0, -47 was generated twice. Destroying
[April 06, 2020 - 02:23:48:AM] WARN ChunkManager:48 - Chunk[-48129] at -1, 0, -47 was generated twice. Destroying
[April 06, 2020 - 02:23:48:AM] WARN ChunkManager:48 - Chunk[-48129] at -1, 0, -47 was generated twice. Destroying
[April 06, 2020 - 02:23:48:AM] WARN ChunkManager:48 - Chunk[-48129] at -1, 0, -47 was generated twice. Destroying
[April 06, 2020 - 02:23:48:AM] WARN ChunkManager:48 - Chunk[-48129] at -1, 0, -47 was generated twice. Destroying
[April 06, 2020 - 02:23:48:AM] WARN ChunkManager:48 - Chunk[-48129] at -1, 0, -47 was generated twice. Destroying
