[April 06, 2020 - 02:25:26:AM] DEBUG GameRunner:82 - Found entity system 'com.jgfx.chunk.systems.ChunkMeshBuilder'.
[April 06, 2020 - 02:25:26:AM] DEBUG GameRunner:82 - Found entity system 'com.jgfx.chunk.systems.ChunkNeighborBuilder'.
[April 06, 2020 - 02:25:26:AM] DEBUG GameRunner:82 - Found entity system 'com.jgfx.chunk.systems.ChunkRenderer'.
[April 06, 2020 - 02:25:26:AM] DEBUG GameRunner:82 - Found entity system 'com.jgfx.chunk.systems.ChunkManager'.
[April 06, 2020 - 02:25:26:AM] DEBUG GameRunner:82 - Found entity system 'com.jgfx.chunk.systems.ChunkSynthesizer'.
[April 06, 2020 - 02:25:26:AM] DEBUG GameRunner:82 - Found entity system 'com.jgfx.player.systems.SimplePlayerMove'.
[April 06, 2020 - 02:25:26:AM] DEBUG GameRunner:124 - Successfully instantiated entity system 'com.jgfx.chunk.systems.ChunkRenderer'.
[April 06, 2020 - 02:25:26:AM] DEBUG GameRunner:124 - Successfully instantiated entity system 'com.jgfx.player.systems.SimplePlayerMove'.
[April 06, 2020 - 02:25:26:AM] DEBUG GameRunner:124 - Successfully instantiated entity system 'com.jgfx.chunk.systems.ChunkMeshBuilder'.
[April 06, 2020 - 02:25:26:AM] DEBUG GameRunner:124 - Successfully instantiated entity system 'com.jgfx.chunk.systems.ChunkManager'.
[April 06, 2020 - 02:25:26:AM] DEBUG GameRunner:124 - Successfully instantiated entity system 'com.jgfx.chunk.systems.ChunkNeighborBuilder'.
[April 06, 2020 - 02:25:26:AM] DEBUG GameRunner:124 - Successfully instantiated entity system 'com.jgfx.chunk.systems.ChunkSynthesizer'.
[April 06, 2020 - 02:25:26:AM] INFO GameEngine:216 - Status -> Preparing Subsystems...
[April 06, 2020 - 02:25:26:AM] INFO GameEngine:216 - Status -> Pre-initialising graphics subsystem
[April 06, 2020 - 02:25:27:AM] INFO GameEngine:216 - Status -> Pre-initialising input subsystem
[April 06, 2020 - 02:25:27:AM] INFO GameEngine:216 - Status -> Beginning load process: 'Loading assets'.
[April 06, 2020 - 02:25:27:AM] DEBUG GameRunner:82 - Found entity system 'com.jgfx.chunk.systems.ChunkMeshBuilder'.
[April 06, 2020 - 02:25:27:AM] DEBUG GameRunner:82 - Found entity system 'com.jgfx.chunk.systems.ChunkNeighborBuilder'.
[April 06, 2020 - 02:25:27:AM] DEBUG GameRunner:82 - Found entity system 'com.jgfx.chunk.systems.ChunkRenderer'.
[April 06, 2020 - 02:25:27:AM] DEBUG GameRunner:82 - Found entity system 'com.jgfx.chunk.systems.ChunkManager'.
[April 06, 2020 - 02:25:27:AM] DEBUG GameRunner:82 - Found entity system 'com.jgfx.chunk.systems.ChunkSynthesizer'.
[April 06, 2020 - 02:25:27:AM] DEBUG GameRunner:82 - Found entity system 'com.jgfx.player.systems.SimplePlayerMove'.
[April 06, 2020 - 02:25:27:AM] DEBUG GameRunner:124 - Successfully instantiated entity system 'com.jgfx.chunk.systems.ChunkRenderer'.
[April 06, 2020 - 02:25:27:AM] DEBUG GameRunner:124 - Successfully instantiated entity system 'com.jgfx.player.systems.SimplePlayerMove'.
[April 06, 2020 - 02:25:27:AM] DEBUG GameRunner:124 - Successfully instantiated entity system 'com.jgfx.chunk.systems.ChunkMeshBuilder'.
[April 06, 2020 - 02:25:27:AM] DEBUG GameRunner:124 - Successfully instantiated entity system 'com.jgfx.chunk.systems.ChunkManager'.
[April 06, 2020 - 02:25:27:AM] DEBUG GameRunner:124 - Successfully instantiated entity system 'com.jgfx.chunk.systems.ChunkNeighborBuilder'.
[April 06, 2020 - 02:25:27:AM] DEBUG GameRunner:124 - Successfully instantiated entity system 'com.jgfx.chunk.systems.ChunkSynthesizer'.
[April 06, 2020 - 02:25:27:AM] INFO GameEngine:216 - Status -> Preparing Subsystems...
[April 06, 2020 - 02:25:27:AM] INFO GameEngine:216 - Status -> Beginning load process: 'Loading default shapes'.
[April 06, 2020 - 02:25:27:AM] INFO GameEngine:216 - Status -> Beginning load process: 'Loading assets'.
[April 06, 2020 - 02:25:27:AM] INFO GameEngine:216 - Status -> Pre-initialising graphics subsystem
[April 06, 2020 - 02:25:28:AM] INFO GameEngine:216 - Status -> Pre-initialising input subsystem
[April 06, 2020 - 02:25:28:AM] INFO GameEngine:216 - Status -> Beginning load process: 'Loading assets'.
[April 06, 2020 - 02:25:28:AM] INFO GameEngine:216 - Status -> Beginning load process: 'Loading default shapes'.
[April 06, 2020 - 02:25:28:AM] INFO GameEngine:216 - Status -> Beginning load process: 'Loading assets'.
[April 06, 2020 - 02:25:29:AM] INFO GameEngine:216 - Status -> Beginning load process: 'Loading local player...'.
[April 06, 2020 - 02:25:29:AM] INFO GameEngine:216 - Status -> Injecting instances to Subsystesm...
[April 06, 2020 - 02:25:29:AM] INFO GameEngine:216 - Status -> Scanning for shared variables in graphics subsystem
[April 06, 2020 - 02:25:29:AM] INFO GameEngine:216 - Status -> Scanning for shared variables in input subsystem
[April 06, 2020 - 02:25:29:AM] INFO GameEngine:216 - Status -> Initialising graphics subsystem
[April 06, 2020 - 02:25:29:AM] INFO GameEngine:216 - Status -> Initialising input subsystem
[April 06, 2020 - 02:25:29:AM] INFO GameEngine:216 - Status -> Initializing entity systems...
[April 06, 2020 - 02:25:29:AM] INFO GameEngine:216 - Status -> Post-initialising graphics subsystem
[April 06, 2020 - 02:25:29:AM] INFO GameEngine:216 - Status -> Post-initialising input subsystem
[April 06, 2020 - 02:25:32:AM] DEBUG GameRunner:82 - Found entity system 'com.jgfx.chunk.systems.ChunkMeshBuilder'.
[April 06, 2020 - 02:25:32:AM] DEBUG GameRunner:82 - Found entity system 'com.jgfx.chunk.systems.ChunkNeighborBuilder'.
[April 06, 2020 - 02:25:32:AM] DEBUG GameRunner:82 - Found entity system 'com.jgfx.chunk.systems.ChunkRenderer'.
[April 06, 2020 - 02:25:32:AM] DEBUG GameRunner:82 - Found entity system 'com.jgfx.chunk.systems.ChunkManager'.
[April 06, 2020 - 02:25:32:AM] DEBUG GameRunner:82 - Found entity system 'com.jgfx.chunk.systems.ChunkSynthesizer'.
[April 06, 2020 - 02:25:32:AM] DEBUG GameRunner:82 - Found entity system 'com.jgfx.player.systems.SimplePlayerMove'.
[April 06, 2020 - 02:25:32:AM] DEBUG GameRunner:124 - Successfully instantiated entity system 'com.jgfx.chunk.systems.ChunkRenderer'.
[April 06, 2020 - 02:25:32:AM] DEBUG GameRunner:124 - Successfully instantiated entity system 'com.jgfx.player.systems.SimplePlayerMove'.
[April 06, 2020 - 02:25:32:AM] DEBUG GameRunner:124 - Successfully instantiated entity system 'com.jgfx.chunk.systems.ChunkMeshBuilder'.
[April 06, 2020 - 02:25:32:AM] DEBUG GameRunner:124 - Successfully instantiated entity system 'com.jgfx.chunk.systems.ChunkManager'.
[April 06, 2020 - 02:25:32:AM] DEBUG GameRunner:124 - Successfully instantiated entity system 'com.jgfx.chunk.systems.ChunkNeighborBuilder'.
[April 06, 2020 - 02:25:32:AM] DEBUG GameRunner:124 - Successfully instantiated entity system 'com.jgfx.chunk.systems.ChunkSynthesizer'.
[April 06, 2020 - 02:25:32:AM] INFO GameEngine:216 - Status -> Preparing Subsystems...
[April 06, 2020 - 02:25:32:AM] INFO GameEngine:216 - Status -> Pre-initialising graphics subsystem
[April 06, 2020 - 02:25:32:AM] DEBUG GameRunner:82 - Found entity system 'com.jgfx.chunk.systems.ChunkMeshBuilder'.
[April 06, 2020 - 02:25:32:AM] DEBUG GameRunner:82 - Found entity system 'com.jgfx.chunk.systems.ChunkNeighborBuilder'.
[April 06, 2020 - 02:25:32:AM] DEBUG GameRunner:82 - Found entity system 'com.jgfx.chunk.systems.ChunkRenderer'.
[April 06, 2020 - 02:25:32:AM] DEBUG GameRunner:82 - Found entity system 'com.jgfx.chunk.systems.ChunkManager'.
[April 06, 2020 - 02:25:32:AM] DEBUG GameRunner:82 - Found entity system 'com.jgfx.chunk.systems.ChunkSynthesizer'.
[April 06, 2020 - 02:25:32:AM] DEBUG GameRunner:82 - Found entity system 'com.jgfx.player.systems.SimplePlayerMove'.
[April 06, 2020 - 02:25:32:AM] DEBUG GameRunner:124 - Successfully instantiated entity system 'com.jgfx.chunk.systems.ChunkRenderer'.
[April 06, 2020 - 02:25:32:AM] DEBUG GameRunner:124 - Successfully instantiated entity system 'com.jgfx.player.systems.SimplePlayerMove'.
[April 06, 2020 - 02:25:32:AM] DEBUG GameRunner:124 - Successfully instantiated entity system 'com.jgfx.chunk.systems.ChunkMeshBuilder'.
[April 06, 2020 - 02:25:32:AM] DEBUG GameRunner:124 - Successfully instantiated entity system 'com.jgfx.chunk.systems.ChunkManager'.
[April 06, 2020 - 02:25:32:AM] DEBUG GameRunner:124 - Successfully instantiated entity system 'com.jgfx.chunk.systems.ChunkNeighborBuilder'.
[April 06, 2020 - 02:25:32:AM] DEBUG GameRunner:124 - Successfully instantiated entity system 'com.jgfx.chunk.systems.ChunkSynthesizer'.
[April 06, 2020 - 02:25:32:AM] INFO GameEngine:216 - Status -> Preparing Subsystems...
[April 06, 2020 - 02:25:32:AM] INFO GameEngine:216 - Status -> Pre-initialising graphics subsystem
[April 06, 2020 - 02:25:32:AM] INFO GameEngine:216 - Status -> Pre-initialising input subsystem
[April 06, 2020 - 02:25:32:AM] INFO GameEngine:216 - Status -> Beginning load process: 'Loading assets'.
[April 06, 2020 - 02:25:32:AM] INFO GameEngine:216 - Status -> Beginning load process: 'Loading default shapes'.
[April 06, 2020 - 02:25:32:AM] INFO GameEngine:216 - Status -> Beginning load process: 'Loading assets'.
[April 06, 2020 - 02:25:33:AM] INFO GameEngine:216 - Status -> Pre-initialising input subsystem
[April 06, 2020 - 02:25:33:AM] INFO GameEngine:216 - Status -> Beginning load process: 'Loading assets'.
[April 06, 2020 - 02:25:33:AM] INFO GameEngine:216 - Status -> Beginning load process: 'Loading default shapes'.
[April 06, 2020 - 02:25:33:AM] INFO GameEngine:216 - Status -> Beginning load process: 'Loading assets'.
[April 06, 2020 - 02:25:38:AM] DEBUG ChunkManager:51 - Chunk[0] at 0, 0, 0 stored in chunk manager
[April 06, 2020 - 02:25:38:AM] WARN ChunkManager:48 - Chunk[0] at 0, 0, 0 was generated twice. Destroying
[April 06, 2020 - 02:25:38:AM] WARN ChunkManager:48 - Chunk[0] at 0, 0, 0 was generated twice. Destroying
[April 06, 2020 - 02:25:38:AM] WARN ChunkManager:48 - Chunk[0] at 0, 0, 0 was generated twice. Destroying
[April 06, 2020 - 02:25:41:AM] DEBUG ChunkManager:51 - Chunk[-4] at 0, 0, -1 stored in chunk manager
[April 06, 2020 - 02:25:41:AM] WARN ChunkManager:48 - Chunk[-4] at 0, 0, -1 was generated twice. Destroying
[April 06, 2020 - 02:25:41:AM] WARN ChunkManager:48 - Chunk[-4] at 0, 0, -1 was generated twice. Destroying
[April 06, 2020 - 02:25:41:AM] WARN ChunkManager:48 - Chunk[-4] at 0, 0, -1 was generated twice. Destroying
[April 06, 2020 - 02:25:43:AM] WARN ChunkManager:48 - Chunk[0] at 0, 0, 0 was generated twice. Destroying
[April 06, 2020 - 02:25:43:AM] WARN ChunkManager:48 - Chunk[0] at 0, 0, 0 was generated twice. Destroying
[April 06, 2020 - 02:25:43:AM] WARN ChunkManager:48 - Chunk[0] at 0, 0, 0 was generated twice. Destroying
[April 06, 2020 - 02:25:43:AM] WARN ChunkManager:48 - Chunk[0] at 0, 0, 0 was generated twice. Destroying
[April 06, 2020 - 02:25:43:AM] WARN ChunkManager:48 - Chunk[0] at 0, 0, 0 was generated twice. Destroying
[April 06, 2020 - 02:25:43:AM] WARN ChunkManager:48 - Chunk[0] at 0, 0, 0 was generated twice. Destroying
[April 06, 2020 - 02:25:47:AM] DEBUG ChunkManager:51 - Chunk[-36] at 0, 0, -9 stored in chunk manager
[April 06, 2020 - 02:25:47:AM] WARN ChunkManager:48 - Chunk[-36] at 0, 0, -9 was generated twice. Destroying
[April 06, 2020 - 02:25:47:AM] WARN ChunkManager:48 - Chunk[-36] at 0, 0, -9 was generated twice. Destroying
[April 06, 2020 - 02:25:47:AM] WARN ChunkManager:48 - Chunk[-36] at 0, 0, -9 was generated twice. Destroying
[April 06, 2020 - 02:25:47:AM] WARN ChunkManager:48 - Chunk[-36] at 0, 0, -9 was generated twice. Destroying
[April 06, 2020 - 02:25:47:AM] WARN ChunkManager:48 - Chunk[-36] at 0, 0, -9 was generated twice. Destroying
[April 06, 2020 - 02:25:50:AM] DEBUG ChunkManager:51 - Chunk[-60] at 0, 0, -15 stored in chunk manager
[April 06, 2020 - 02:25:50:AM] WARN ChunkManager:48 - Chunk[-60] at 0, 0, -15 was generated twice. Destroying
[April 06, 2020 - 02:25:50:AM] WARN ChunkManager:48 - Chunk[-60] at 0, 0, -15 was generated twice. Destroying
[April 06, 2020 - 02:25:50:AM] WARN ChunkManager:48 - Chunk[-60] at 0, 0, -15 was generated twice. Destroying
[April 06, 2020 - 02:25:50:AM] WARN ChunkManager:48 - Chunk[-60] at 0, 0, -15 was generated twice. Destroying
[April 06, 2020 - 02:25:50:AM] WARN ChunkManager:48 - Chunk[-60] at 0, 0, -15 was generated twice. Destroying
[April 06, 2020 - 02:25:50:AM] WARN ChunkManager:48 - Chunk[-60] at 0, 0, -15 was generated twice. Destroying
[April 06, 2020 - 02:25:50:AM] WARN ChunkManager:48 - Chunk[-60] at 0, 0, -15 was generated twice. Destroying
[April 06, 2020 - 02:25:50:AM] WARN ChunkManager:48 - Chunk[-60] at 0, 0, -15 was generated twice. Destroying
[April 06, 2020 - 02:25:53:AM] WARN ChunkManager:48 - Chunk[-36] at 6, 9, -15 was generated twice. Destroying
[April 06, 2020 - 02:25:53:AM] WARN ChunkManager:48 - Chunk[-36] at 6, 9, -15 was generated twice. Destroying
[April 06, 2020 - 02:25:53:AM] WARN ChunkManager:48 - Chunk[-36] at 6, 9, -15 was generated twice. Destroying
[April 06, 2020 - 02:25:53:AM] WARN ChunkManager:48 - Chunk[-36] at 6, 9, -15 was generated twice. Destroying
[April 06, 2020 - 02:25:53:AM] WARN ChunkManager:48 - Chunk[-36] at 6, 9, -15 was generated twice. Destroying
[April 06, 2020 - 02:25:53:AM] WARN ChunkManager:48 - Chunk[-36] at 6, 9, -15 was generated twice. Destroying
[April 06, 2020 - 02:25:57:AM] DEBUG ChunkManager:51 - Chunk[8] at 6, 31, -15 stored in chunk manager
[April 06, 2020 - 02:25:57:AM] DEBUG ChunkManager:51 - Chunk[10] at 6, 32, -15 stored in chunk manager
[April 06, 2020 - 02:25:57:AM] WARN ChunkManager:48 - Chunk[10] at 6, 32, -15 was generated twice. Destroying
[April 06, 2020 - 02:25:57:AM] WARN ChunkManager:48 - Chunk[10] at 6, 32, -15 was generated twice. Destroying
[April 06, 2020 - 02:25:57:AM] WARN ChunkManager:48 - Chunk[10] at 6, 32, -15 was generated twice. Destroying
[April 06, 2020 - 02:25:57:AM] WARN ChunkManager:48 - Chunk[10] at 6, 32, -15 was generated twice. Destroying
[April 06, 2020 - 02:25:57:AM] WARN ChunkManager:48 - Chunk[10] at 6, 32, -15 was generated twice. Destroying
[April 06, 2020 - 02:25:59:AM] DEBUG ChunkManager:51 - Chunk[34] at 6, 44, -15 stored in chunk manager
[April 06, 2020 - 02:25:59:AM] WARN ChunkManager:48 - Chunk[34] at 6, 44, -15 was generated twice. Destroying
[April 06, 2020 - 02:25:59:AM] WARN ChunkManager:48 - Chunk[34] at 6, 44, -15 was generated twice. Destroying
[April 06, 2020 - 02:25:59:AM] WARN ChunkManager:48 - Chunk[34] at 6, 44, -15 was generated twice. Destroying
[April 06, 2020 - 02:25:59:AM] DEBUG ChunkManager:51 - Chunk[36] at 6, 45, -15 stored in chunk manager
[April 06, 2020 - 02:25:59:AM] WARN ChunkManager:48 - Chunk[36] at 6, 45, -15 was generated twice. Destroying
[April 06, 2020 - 02:25:59:AM] WARN ChunkManager:48 - Chunk[36] at 6, 45, -15 was generated twice. Destroying
[April 06, 2020 - 02:25:59:AM] WARN ChunkManager:48 - Chunk[36] at 6, 45, -15 was generated twice. Destroying
[April 06, 2020 - 02:25:59:AM] WARN ChunkManager:48 - Chunk[36] at 6, 45, -15 was generated twice. Destroying
[April 06, 2020 - 02:25:59:AM] WARN ChunkManager:48 - Chunk[36] at 6, 45, -15 was generated twice. Destroying
[April 06, 2020 - 02:25:59:AM] DEBUG ChunkManager:51 - Chunk[38] at 6, 46, -15 stored in chunk manager
[April 06, 2020 - 02:25:59:AM] WARN ChunkManager:48 - Chunk[38] at 6, 46, -15 was generated twice. Destroying
[April 06, 2020 - 02:25:59:AM] WARN ChunkManager:48 - Chunk[38] at 6, 46, -15 was generated twice. Destroying
[April 06, 2020 - 02:26:01:AM] DEBUG ChunkManager:51 - Chunk[114] at 2, 54, 1 stored in chunk manager
[April 06, 2020 - 02:26:01:AM] WARN ChunkManager:48 - Chunk[114] at 2, 54, 1 was generated twice. Destroying
[April 06, 2020 - 02:26:01:AM] WARN ChunkManager:48 - Chunk[114] at 2, 54, 1 was generated twice. Destroying
[April 06, 2020 - 02:26:01:AM] WARN ChunkManager:48 - Chunk[114] at 2, 54, 1 was generated twice. Destroying
[April 06, 2020 - 02:26:01:AM] WARN ChunkManager:48 - Chunk[114] at 2, 54, 1 was generated twice. Destroying
[April 06, 2020 - 02:26:01:AM] WARN ChunkManager:48 - Chunk[114] at 2, 54, 1 was generated twice. Destroying
[April 06, 2020 - 02:26:01:AM] WARN ChunkManager:48 - Chunk[114] at 2, 54, 1 was generated twice. Destroying
[April 06, 2020 - 02:26:01:AM] WARN ChunkManager:48 - Chunk[114] at 2, 54, 1 was generated twice. Destroying
[April 06, 2020 - 02:26:01:AM] WARN ChunkManager:48 - Chunk[114] at 2, 54, 1 was generated twice. Destroying
[April 06, 2020 - 02:26:01:AM] WARN ChunkManager:48 - Chunk[114] at 2, 54, 1 was generated twice. Destroying
[April 06, 2020 - 02:26:01:AM] WARN ChunkManager:48 - Chunk[114] at 2, 54, 1 was generated twice. Destroying
[April 06, 2020 - 02:26:01:AM] WARN ChunkManager:48 - Chunk[114] at 2, 54, 1 was generated twice. Destroying
[April 06, 2020 - 02:26:02:AM] WARN ChunkManager:48 - Chunk[114] at 2, 54, 1 was generated twice. Destroying
[April 06, 2020 - 02:26:02:AM] WARN ChunkManager:48 - Chunk[114] at 2, 54, 1 was generated twice. Destroying
[April 06, 2020 - 02:26:02:AM] WARN ChunkManager:48 - Chunk[114] at 2, 54, 1 was generated twice. Destroying
[April 06, 2020 - 02:26:02:AM] WARN ChunkManager:48 - Chunk[114] at 2, 54, 1 was generated twice. Destroying
[April 06, 2020 - 02:26:02:AM] WARN ChunkManager:48 - Chunk[114] at 2, 54, 1 was generated twice. Destroying
[April 06, 2020 - 02:26:02:AM] WARN ChunkManager:48 - Chunk[114] at 2, 54, 1 was generated twice. Destroying
[April 06, 2020 - 02:26:02:AM] WARN ChunkManager:48 - Chunk[114] at 2, 54, 1 was generated twice. Destroying
[April 06, 2020 - 02:26:02:AM] WARN ChunkManager:48 - Chunk[114] at 2, 54, 1 was generated twice. Destroying
[April 06, 2020 - 02:26:02:AM] WARN ChunkManager:48 - Chunk[114] at 2, 54, 1 was generated twice. Destroying
[April 06, 2020 - 02:26:02:AM] WARN ChunkManager:48 - Chunk[114] at 2, 54, 1 was generated twice. Destroying
[April 06, 2020 - 02:26:02:AM] WARN ChunkManager:48 - Chunk[114] at 2, 54, 1 was generated twice. Destroying
[April 06, 2020 - 02:26:02:AM] WARN ChunkManager:48 - Chunk[114] at 2, 54, 1 was generated twice. Destroying
[April 06, 2020 - 02:26:02:AM] WARN ChunkManager:48 - Chunk[114] at 2, 54, 1 was generated twice. Destroying
[April 06, 2020 - 02:26:02:AM] WARN ChunkManager:48 - Chunk[114] at 2, 54, 1 was generated twice. Destroying
[April 06, 2020 - 02:26:02:AM] WARN ChunkManager:48 - Chunk[114] at 2, 54, 1 was generated twice. Destroying
[April 06, 2020 - 02:26:02:AM] WARN ChunkManager:48 - Chunk[114] at 2, 54, 1 was generated twice. Destroying
[April 06, 2020 - 02:26:02:AM] WARN ChunkManager:48 - Chunk[114] at 2, 54, 1 was generated twice. Destroying
[April 06, 2020 - 02:26:02:AM] WARN ChunkManager:48 - Chunk[114] at 2, 54, 1 was generated twice. Destroying
[April 06, 2020 - 02:26:03:AM] WARN ChunkManager:48 - Chunk[114] at 2, 54, 1 was generated twice. Destroying
[April 06, 2020 - 02:26:03:AM] WARN ChunkManager:48 - Chunk[114] at 2, 54, 1 was generated twice. Destroying
[April 06, 2020 - 02:26:03:AM] WARN ChunkManager:48 - Chunk[114] at 2, 54, 1 was generated twice. Destroying
[April 06, 2020 - 02:26:03:AM] WARN ChunkManager:48 - Chunk[114] at 2, 54, 1 was generated twice. Destroying
[April 06, 2020 - 02:26:03:AM] WARN ChunkManager:48 - Chunk[114] at 2, 54, 1 was generated twice. Destroying
[April 06, 2020 - 02:26:03:AM] WARN ChunkManager:48 - Chunk[114] at 2, 54, 1 was generated twice. Destroying
[April 06, 2020 - 02:26:03:AM] WARN ChunkManager:48 - Chunk[114] at 2, 54, 1 was generated twice. Destroying
[April 06, 2020 - 02:26:03:AM] WARN ChunkManager:48 - Chunk[114] at 2, 54, 1 was generated twice. Destroying
[April 06, 2020 - 02:26:03:AM] WARN ChunkManager:48 - Chunk[114] at 2, 54, 1 was generated twice. Destroying
[April 06, 2020 - 02:26:03:AM] WARN ChunkManager:48 - Chunk[114] at 2, 54, 1 was generated twice. Destroying
[April 06, 2020 - 02:26:03:AM] WARN ChunkManager:48 - Chunk[114] at 2, 54, 1 was generated twice. Destroying
[April 06, 2020 - 02:26:03:AM] WARN ChunkManager:48 - Chunk[114] at 2, 54, 1 was generated twice. Destroying
[April 06, 2020 - 02:26:03:AM] WARN ChunkManager:48 - Chunk[114] at 2, 54, 1 was generated twice. Destroying
[April 06, 2020 - 02:26:03:AM] WARN ChunkManager:48 - Chunk[114] at 2, 54, 1 was generated twice. Destroying
[April 06, 2020 - 02:26:03:AM] WARN ChunkManager:48 - Chunk[114] at 2, 54, 1 was generated twice. Destroying
[April 06, 2020 - 02:26:03:AM] WARN ChunkManager:48 - Chunk[114] at 2, 54, 1 was generated twice. Destroying
[April 06, 2020 - 02:26:03:AM] WARN ChunkManager:48 - Chunk[114] at 2, 54, 1 was generated twice. Destroying
[April 06, 2020 - 02:26:03:AM] WARN ChunkManager:48 - Chunk[114] at 2, 54, 1 was generated twice. Destroying
[April 06, 2020 - 02:26:03:AM] WARN ChunkManager:48 - Chunk[114] at 2, 54, 1 was generated twice. Destroying
[April 06, 2020 - 02:26:03:AM] WARN ChunkManager:48 - Chunk[114] at 2, 54, 1 was generated twice. Destroying
[April 06, 2020 - 02:26:03:AM] WARN ChunkManager:48 - Chunk[114] at 2, 54, 1 was generated twice. Destroying
[April 06, 2020 - 02:26:03:AM] WARN ChunkManager:48 - Chunk[114] at 2, 54, 1 was generated twice. Destroying
[April 06, 2020 - 02:26:03:AM] WARN ChunkManager:48 - Chunk[114] at 2, 54, 1 was generated twice. Destroying
[April 06, 2020 - 02:26:03:AM] WARN ChunkManager:48 - Chunk[114] at 2, 54, 1 was generated twice. Destroying
[April 06, 2020 - 02:26:03:AM] WARN ChunkManager:48 - Chunk[114] at 2, 54, 1 was generated twice. Destroying
[April 06, 2020 - 02:26:03:AM] WARN ChunkManager:48 - Chunk[114] at 2, 54, 1 was generated twice. Destroying
[April 06, 2020 - 02:26:03:AM] WARN ChunkManager:48 - Chunk[114] at 2, 54, 1 was generated twice. Destroying
[April 06, 2020 - 02:26:03:AM] WARN ChunkManager:48 - Chunk[114] at 2, 54, 1 was generated twice. Destroying
[April 06, 2020 - 02:26:03:AM] WARN ChunkManager:48 - Chunk[114] at 2, 54, 1 was generated twice. Destroying
[April 06, 2020 - 02:26:03:AM] WARN ChunkManager:48 - Chunk[114] at 2, 54, 1 was generated twice. Destroying
[April 06, 2020 - 02:26:04:AM] WARN ChunkManager:48 - Chunk[114] at 2, 54, 1 was generated twice. Destroying
[April 06, 2020 - 02:26:04:AM] WARN ChunkManager:48 - Chunk[114] at 2, 54, 1 was generated twice. Destroying
[April 06, 2020 - 02:26:04:AM] WARN ChunkManager:48 - Chunk[114] at 2, 54, 1 was generated twice. Destroying
[April 06, 2020 - 02:26:04:AM] WARN ChunkManager:48 - Chunk[114] at 2, 54, 1 was generated twice. Destroying
[April 06, 2020 - 02:26:04:AM] WARN ChunkManager:48 - Chunk[114] at 2, 54, 1 was generated twice. Destroying
[April 06, 2020 - 02:26:04:AM] WARN ChunkManager:48 - Chunk[114] at 2, 54, 1 was generated twice. Destroying
[April 06, 2020 - 02:26:04:AM] WARN ChunkManager:48 - Chunk[114] at 2, 54, 1 was generated twice. Destroying
[April 06, 2020 - 02:26:04:AM] WARN ChunkManager:48 - Chunk[114] at 2, 54, 1 was generated twice. Destroying
[April 06, 2020 - 02:26:04:AM] WARN ChunkManager:48 - Chunk[114] at 2, 54, 1 was generated twice. Destroying
[April 06, 2020 - 02:26:04:AM] WARN ChunkManager:48 - Chunk[114] at 2, 54, 1 was generated twice. Destroying
[April 06, 2020 - 02:26:04:AM] WARN ChunkManager:48 - Chunk[114] at 2, 54, 1 was generated twice. Destroying
[April 06, 2020 - 02:26:04:AM] WARN ChunkManager:48 - Chunk[114] at 2, 54, 1 was generated twice. Destroying
[April 06, 2020 - 02:26:04:AM] WARN ChunkManager:48 - Chunk[114] at 2, 54, 1 was generated twice. Destroying
[April 06, 2020 - 02:26:04:AM] WARN ChunkManager:48 - Chunk[114] at 2, 54, 1 was generated twice. Destroying
[April 06, 2020 - 02:26:04:AM] WARN ChunkManager:48 - Chunk[114] at 2, 54, 1 was generated twice. Destroying
[April 06, 2020 - 02:26:04:AM] WARN ChunkManager:48 - Chunk[114] at 2, 54, 1 was generated twice. Destroying
[April 06, 2020 - 02:26:04:AM] WARN ChunkManager:48 - Chunk[114] at 2, 54, 1 was generated twice. Destroying
[April 06, 2020 - 02:26:05:AM] WARN ChunkManager:48 - Chunk[114] at 2, 54, 1 was generated twice. Destroying
[April 06, 2020 - 02:26:05:AM] WARN ChunkManager:48 - Chunk[114] at 2, 54, 1 was generated twice. Destroying
[April 06, 2020 - 02:26:05:AM] WARN ChunkManager:48 - Chunk[114] at 2, 54, 1 was generated twice. Destroying
[April 06, 2020 - 02:26:05:AM] WARN ChunkManager:48 - Chunk[114] at 2, 54, 1 was generated twice. Destroying
[April 06, 2020 - 02:26:05:AM] WARN ChunkManager:48 - Chunk[114] at 2, 54, 1 was generated twice. Destroying
[April 06, 2020 - 02:26:05:AM] WARN ChunkManager:48 - Chunk[114] at 2, 54, 1 was generated twice. Destroying
[April 06, 2020 - 02:26:05:AM] WARN ChunkManager:48 - Chunk[114] at 2, 54, 1 was generated twice. Destroying
[April 06, 2020 - 02:26:05:AM] WARN ChunkManager:48 - Chunk[114] at 2, 54, 1 was generated twice. Destroying
[April 06, 2020 - 02:26:05:AM] WARN ChunkManager:48 - Chunk[114] at 2, 54, 1 was generated twice. Destroying
[April 06, 2020 - 02:26:05:AM] DEBUG ChunkManager:51 - Chunk[121] at -3, 54, 4 stored in chunk manager
[April 06, 2020 - 02:26:05:AM] WARN ChunkManager:48 - Chunk[121] at -3, 54, 4 was generated twice. Destroying
[April 06, 2020 - 02:26:06:AM] DEBUG ChunkManager:51 - Chunk[120] at -4, 54, 4 stored in chunk manager
[April 06, 2020 - 02:26:06:AM] WARN ChunkManager:48 - Chunk[120] at -4, 54, 4 was generated twice. Destroying
[April 06, 2020 - 02:26:06:AM] WARN ChunkManager:48 - Chunk[120] at -4, 54, 4 was generated twice. Destroying
[April 06, 2020 - 02:26:06:AM] WARN ChunkManager:48 - Chunk[120] at -4, 54, 4 was generated twice. Destroying
[April 06, 2020 - 02:26:06:AM] WARN ChunkManager:48 - Chunk[120] at -4, 54, 4 was generated twice. Destroying
[April 06, 2020 - 02:26:06:AM] WARN ChunkManager:48 - Chunk[120] at -4, 54, 4 was generated twice. Destroying
[April 06, 2020 - 02:26:06:AM] DEBUG ChunkManager:51 - Chunk[119] at -5, 54, 4 stored in chunk manager
[April 06, 2020 - 02:26:06:AM] WARN ChunkManager:48 - Chunk[119] at -5, 54, 4 was generated twice. Destroying
[April 06, 2020 - 02:26:06:AM] DEBUG ChunkManager:51 - Chunk[126] at -10, 54, 7 stored in chunk manager
[April 06, 2020 - 02:26:06:AM] WARN ChunkManager:48 - Chunk[126] at -10, 54, 7 was generated twice. Destroying
[April 06, 2020 - 02:26:06:AM] WARN ChunkManager:48 - Chunk[126] at -10, 54, 7 was generated twice. Destroying
[April 06, 2020 - 02:26:06:AM] DEBUG ChunkManager:51 - Chunk[125] at -11, 54, 7 stored in chunk manager
[April 06, 2020 - 02:26:06:AM] WARN ChunkManager:48 - Chunk[125] at -11, 54, 7 was generated twice. Destroying
[April 06, 2020 - 02:26:06:AM] WARN ChunkManager:48 - Chunk[125] at -11, 54, 7 was generated twice. Destroying
[April 06, 2020 - 02:26:06:AM] DEBUG ChunkManager:51 - Chunk[129] at -11, 54, 8 stored in chunk manager
[April 06, 2020 - 02:26:06:AM] WARN ChunkManager:48 - Chunk[129] at -11, 54, 8 was generated twice. Destroying
[April 06, 2020 - 02:26:08:AM] DEBUG ChunkManager:51 - Chunk[134] at -18, 54, 11 stored in chunk manager
[April 06, 2020 - 02:26:08:AM] WARN ChunkManager:48 - Chunk[134] at -18, 54, 11 was generated twice. Destroying
[April 06, 2020 - 02:26:08:AM] WARN ChunkManager:48 - Chunk[134] at -18, 54, 11 was generated twice. Destroying
[April 06, 2020 - 02:26:08:AM] WARN ChunkManager:48 - Chunk[134] at -18, 54, 11 was generated twice. Destroying
[April 06, 2020 - 02:26:08:AM] WARN ChunkManager:48 - Chunk[134] at -18, 54, 11 was generated twice. Destroying
[April 06, 2020 - 02:26:08:AM] WARN ChunkManager:48 - Chunk[134] at -18, 54, 11 was generated twice. Destroying
[April 06, 2020 - 02:26:08:AM] WARN ChunkManager:48 - Chunk[134] at -18, 54, 11 was generated twice. Destroying
[April 06, 2020 - 02:26:08:AM] WARN ChunkManager:48 - Chunk[134] at -18, 54, 11 was generated twice. Destroying
[April 06, 2020 - 02:26:08:AM] DEBUG ChunkManager:51 - Chunk[141] at -23, 54, 14 stored in chunk manager
[April 06, 2020 - 02:26:08:AM] WARN ChunkManager:48 - Chunk[141] at -23, 54, 14 was generated twice. Destroying
[April 06, 2020 - 02:26:08:AM] DEBUG ChunkManager:51 - Chunk[140] at -24, 54, 14 stored in chunk manager
[April 06, 2020 - 02:26:08:AM] WARN ChunkManager:48 - Chunk[140] at -24, 54, 14 was generated twice. Destroying
[April 06, 2020 - 02:26:08:AM] WARN ChunkManager:48 - Chunk[140] at -24, 54, 14 was generated twice. Destroying
[April 06, 2020 - 02:26:08:AM] WARN ChunkManager:48 - Chunk[140] at -24, 54, 14 was generated twice. Destroying
[April 06, 2020 - 02:26:08:AM] WARN ChunkManager:48 - Chunk[140] at -24, 54, 14 was generated twice. Destroying
[April 06, 2020 - 02:26:09:AM] DEBUG ChunkManager:51 - Chunk[143] at -29, 54, 16 stored in chunk manager
[April 06, 2020 - 02:26:09:AM] DEBUG ChunkManager:51 - Chunk[147] at -29, 54, 17 stored in chunk manager
[April 06, 2020 - 02:26:09:AM] DEBUG ChunkManager:51 - Chunk[146] at -30, 54, 17 stored in chunk manager
[April 06, 2020 - 02:26:09:AM] WARN ChunkManager:48 - Chunk[146] at -30, 54, 17 was generated twice. Destroying
[April 06, 2020 - 02:26:09:AM] WARN ChunkManager:48 - Chunk[146] at -30, 54, 17 was generated twice. Destroying
[April 06, 2020 - 02:26:09:AM] DEBUG ChunkManager:51 - Chunk[145] at -31, 54, 17 stored in chunk manager
[April 06, 2020 - 02:26:09:AM] WARN ChunkManager:48 - Chunk[145] at -31, 54, 17 was generated twice. Destroying
[April 06, 2020 - 02:26:09:AM] WARN ChunkManager:48 - Chunk[145] at -31, 54, 17 was generated twice. Destroying
[April 06, 2020 - 02:26:09:AM] DEBUG ChunkManager:51 - Chunk[148] at -32, 54, 18 stored in chunk manager
[April 06, 2020 - 02:26:09:AM] WARN ChunkManager:48 - Chunk[148] at -32, 54, 18 was generated twice. Destroying
[April 06, 2020 - 02:26:09:AM] WARN ChunkManager:48 - Chunk[148] at -32, 54, 18 was generated twice. Destroying
[April 06, 2020 - 02:26:11:AM] DEBUG ChunkManager:51 - Chunk[159] at -45, 54, 24 stored in chunk manager
[April 06, 2020 - 02:26:11:AM] WARN ChunkManager:48 - Chunk[159] at -45, 54, 24 was generated twice. Destroying
[April 06, 2020 - 02:26:11:AM] WARN ChunkManager:48 - Chunk[159] at -45, 54, 24 was generated twice. Destroying
[April 06, 2020 - 02:26:11:AM] WARN ChunkManager:48 - Chunk[159] at -45, 54, 24 was generated twice. Destroying
[April 06, 2020 - 02:26:11:AM] WARN ChunkManager:48 - Chunk[159] at -45, 54, 24 was generated twice. Destroying
[April 06, 2020 - 02:26:12:AM] WARN ChunkManager:48 - Chunk[159] at -49, 54, 25 was generated twice. Destroying
[April 06, 2020 - 02:26:13:AM] WARN ChunkManager:48 - Chunk[159] at -49, 54, 25 was generated twice. Destroying
[April 06, 2020 - 02:26:13:AM] WARN ChunkManager:48 - Chunk[159] at -49, 54, 25 was generated twice. Destroying
[April 06, 2020 - 02:26:13:AM] WARN ChunkManager:48 - Chunk[159] at -49, 54, 25 was generated twice. Destroying
[April 06, 2020 - 02:26:13:AM] WARN ChunkManager:48 - Chunk[159] at -49, 54, 25 was generated twice. Destroying
[April 06, 2020 - 02:26:13:AM] WARN ChunkManager:48 - Chunk[159] at -49, 54, 25 was generated twice. Destroying
[April 06, 2020 - 02:26:13:AM] WARN ChunkManager:48 - Chunk[159] at -49, 54, 25 was generated twice. Destroying
