[April 06, 2020 - 02:35:33:AM] DEBUG GameRunner:82 - Found entity system 'com.jgfx.chunk.systems.ChunkMeshBuilder'.
[April 06, 2020 - 02:35:33:AM] DEBUG GameRunner:82 - Found entity system 'com.jgfx.chunk.systems.ChunkGenerator'.
[April 06, 2020 - 02:35:33:AM] DEBUG GameRunner:82 - Found entity system 'com.jgfx.chunk.systems.ChunkNeighborBuilder'.
[April 06, 2020 - 02:35:33:AM] DEBUG GameRunner:82 - Found entity system 'com.jgfx.chunk.systems.ChunkRenderer'.
[April 06, 2020 - 02:35:33:AM] DEBUG GameRunner:82 - Found entity system 'com.jgfx.chunk.systems.ChunkManager'.
[April 06, 2020 - 02:35:33:AM] DEBUG GameRunner:82 - Found entity system 'com.jgfx.chunk.systems.ChunkSynthesizer'.
[April 06, 2020 - 02:35:33:AM] DEBUG GameRunner:82 - Found entity system 'com.jgfx.player.systems.SimplePlayerMove'.
[April 06, 2020 - 02:35:33:AM] DEBUG GameRunner:124 - Successfully instantiated entity system 'com.jgfx.chunk.systems.ChunkNeighborBuilder'.
[April 06, 2020 - 02:35:33:AM] DEBUG GameRunner:124 - Successfully instantiated entity system 'com.jgfx.chunk.systems.ChunkSynthesizer'.
[April 06, 2020 - 02:35:33:AM] DEBUG GameRunner:124 - Successfully instantiated entity system 'com.jgfx.chunk.systems.ChunkMeshBuilder'.
[April 06, 2020 - 02:35:33:AM] DEBUG GameRunner:124 - Successfully instantiated entity system 'com.jgfx.player.systems.SimplePlayerMove'.
[April 06, 2020 - 02:35:33:AM] DEBUG GameRunner:124 - Successfully instantiated entity system 'com.jgfx.chunk.systems.ChunkRenderer'.
[April 06, 2020 - 02:35:33:AM] DEBUG GameRunner:124 - Successfully instantiated entity system 'com.jgfx.chunk.systems.ChunkGenerator'.
[April 06, 2020 - 02:35:33:AM] DEBUG GameRunner:124 - Successfully instantiated entity system 'com.jgfx.chunk.systems.ChunkManager'.
[April 06, 2020 - 02:35:33:AM] INFO GameEngine:216 - Status -> Preparing Subsystems...
[April 06, 2020 - 02:35:33:AM] INFO GameEngine:216 - Status -> Pre-initialising graphics subsystem
[April 06, 2020 - 02:35:34:AM] INFO GameEngine:216 - Status -> Pre-initialising input subsystem
[April 06, 2020 - 02:35:34:AM] INFO GameEngine:216 - Status -> Beginning load process: 'Loading assets'.
[April 06, 2020 - 02:35:34:AM] INFO GameEngine:216 - Status -> Beginning load process: 'Loading default shapes'.
[April 06, 2020 - 02:35:34:AM] INFO GameEngine:216 - Status -> Beginning load process: 'Loading assets'.
[April 06, 2020 - 02:35:40:AM] DEBUG GameRunner:82 - Found entity system 'com.jgfx.chunk.systems.ChunkMeshBuilder'.
[April 06, 2020 - 02:35:40:AM] DEBUG GameRunner:82 - Found entity system 'com.jgfx.chunk.systems.ChunkGenerator'.
[April 06, 2020 - 02:35:40:AM] DEBUG GameRunner:82 - Found entity system 'com.jgfx.chunk.systems.ChunkNeighborBuilder'.
[April 06, 2020 - 02:35:40:AM] DEBUG GameRunner:82 - Found entity system 'com.jgfx.chunk.systems.ChunkRenderer'.
[April 06, 2020 - 02:35:40:AM] DEBUG GameRunner:82 - Found entity system 'com.jgfx.chunk.systems.ChunkManager'.
[April 06, 2020 - 02:35:40:AM] DEBUG GameRunner:82 - Found entity system 'com.jgfx.chunk.systems.ChunkSynthesizer'.
[April 06, 2020 - 02:35:40:AM] DEBUG GameRunner:82 - Found entity system 'com.jgfx.player.systems.SimplePlayerMove'.
[April 06, 2020 - 02:35:40:AM] DEBUG GameRunner:124 - Successfully instantiated entity system 'com.jgfx.chunk.systems.ChunkNeighborBuilder'.
[April 06, 2020 - 02:35:40:AM] DEBUG GameRunner:124 - Successfully instantiated entity system 'com.jgfx.chunk.systems.ChunkSynthesizer'.
[April 06, 2020 - 02:35:40:AM] DEBUG GameRunner:124 - Successfully instantiated entity system 'com.jgfx.chunk.systems.ChunkMeshBuilder'.
[April 06, 2020 - 02:35:40:AM] DEBUG GameRunner:124 - Successfully instantiated entity system 'com.jgfx.player.systems.SimplePlayerMove'.
[April 06, 2020 - 02:35:40:AM] DEBUG GameRunner:124 - Successfully instantiated entity system 'com.jgfx.chunk.systems.ChunkRenderer'.
[April 06, 2020 - 02:35:40:AM] DEBUG GameRunner:124 - Successfully instantiated entity system 'com.jgfx.chunk.systems.ChunkGenerator'.
[April 06, 2020 - 02:35:40:AM] DEBUG GameRunner:124 - Successfully instantiated entity system 'com.jgfx.chunk.systems.ChunkManager'.
[April 06, 2020 - 02:35:40:AM] INFO GameEngine:216 - Status -> Preparing Subsystems...
[April 06, 2020 - 02:35:40:AM] INFO GameEngine:216 - Status -> Pre-initialising graphics subsystem
[April 06, 2020 - 02:35:41:AM] INFO GameEngine:216 - Status -> Pre-initialising input subsystem
[April 06, 2020 - 02:35:41:AM] INFO GameEngine:216 - Status -> Beginning load process: 'Loading assets'.
[April 06, 2020 - 02:35:41:AM] INFO GameEngine:216 - Status -> Beginning load process: 'Loading default shapes'.
[April 06, 2020 - 02:35:41:AM] INFO GameEngine:216 - Status -> Beginning load process: 'Loading assets'.
[April 06, 2020 - 02:35:49:AM] DEBUG GameRunner:82 - Found entity system 'com.jgfx.chunk.systems.ChunkMeshBuilder'.
[April 06, 2020 - 02:35:49:AM] DEBUG GameRunner:82 - Found entity system 'com.jgfx.chunk.systems.ChunkGenerator'.
[April 06, 2020 - 02:35:49:AM] DEBUG GameRunner:82 - Found entity system 'com.jgfx.chunk.systems.ChunkNeighborBuilder'.
[April 06, 2020 - 02:35:49:AM] DEBUG GameRunner:82 - Found entity system 'com.jgfx.chunk.systems.ChunkRenderer'.
[April 06, 2020 - 02:35:49:AM] DEBUG GameRunner:82 - Found entity system 'com.jgfx.chunk.systems.ChunkManager'.
[April 06, 2020 - 02:35:49:AM] DEBUG GameRunner:82 - Found entity system 'com.jgfx.chunk.systems.ChunkSynthesizer'.
[April 06, 2020 - 02:35:49:AM] DEBUG GameRunner:82 - Found entity system 'com.jgfx.player.systems.SimplePlayerMove'.
[April 06, 2020 - 02:35:49:AM] DEBUG GameRunner:124 - Successfully instantiated entity system 'com.jgfx.chunk.systems.ChunkNeighborBuilder'.
[April 06, 2020 - 02:35:49:AM] DEBUG GameRunner:124 - Successfully instantiated entity system 'com.jgfx.chunk.systems.ChunkSynthesizer'.
[April 06, 2020 - 02:35:49:AM] DEBUG GameRunner:124 - Successfully instantiated entity system 'com.jgfx.chunk.systems.ChunkMeshBuilder'.
[April 06, 2020 - 02:35:49:AM] DEBUG GameRunner:124 - Successfully instantiated entity system 'com.jgfx.player.systems.SimplePlayerMove'.
[April 06, 2020 - 02:35:49:AM] DEBUG GameRunner:124 - Successfully instantiated entity system 'com.jgfx.chunk.systems.ChunkRenderer'.
[April 06, 2020 - 02:35:49:AM] DEBUG GameRunner:124 - Successfully instantiated entity system 'com.jgfx.chunk.systems.ChunkGenerator'.
[April 06, 2020 - 02:35:49:AM] DEBUG GameRunner:124 - Successfully instantiated entity system 'com.jgfx.chunk.systems.ChunkManager'.
[April 06, 2020 - 02:35:49:AM] INFO GameEngine:216 - Status -> Preparing Subsystems...
[April 06, 2020 - 02:35:49:AM] INFO GameEngine:216 - Status -> Pre-initialising graphics subsystem
[April 06, 2020 - 02:35:49:AM] INFO GameEngine:216 - Status -> Pre-initialising input subsystem
[April 06, 2020 - 02:35:49:AM] INFO GameEngine:216 - Status -> Beginning load process: 'Loading assets'.
[April 06, 2020 - 02:35:50:AM] INFO GameEngine:216 - Status -> Beginning load process: 'Loading default shapes'.
[April 06, 2020 - 02:35:50:AM] INFO GameEngine:216 - Status -> Beginning load process: 'Loading assets'.
[April 06, 2020 - 02:35:50:AM] DEBUG GameRunner:82 - Found entity system 'com.jgfx.chunk.systems.ChunkMeshBuilder'.
[April 06, 2020 - 02:35:50:AM] DEBUG GameRunner:82 - Found entity system 'com.jgfx.chunk.systems.ChunkGenerator'.
[April 06, 2020 - 02:35:50:AM] DEBUG GameRunner:82 - Found entity system 'com.jgfx.chunk.systems.ChunkNeighborBuilder'.
[April 06, 2020 - 02:35:50:AM] DEBUG GameRunner:82 - Found entity system 'com.jgfx.chunk.systems.ChunkRenderer'.
[April 06, 2020 - 02:35:50:AM] DEBUG GameRunner:82 - Found entity system 'com.jgfx.chunk.systems.ChunkManager'.
[April 06, 2020 - 02:35:50:AM] DEBUG GameRunner:82 - Found entity system 'com.jgfx.chunk.systems.ChunkSynthesizer'.
[April 06, 2020 - 02:35:50:AM] DEBUG GameRunner:82 - Found entity system 'com.jgfx.player.systems.SimplePlayerMove'.
[April 06, 2020 - 02:35:50:AM] DEBUG GameRunner:124 - Successfully instantiated entity system 'com.jgfx.chunk.systems.ChunkNeighborBuilder'.
[April 06, 2020 - 02:35:50:AM] DEBUG GameRunner:124 - Successfully instantiated entity system 'com.jgfx.chunk.systems.ChunkSynthesizer'.
[April 06, 2020 - 02:35:50:AM] DEBUG GameRunner:124 - Successfully instantiated entity system 'com.jgfx.chunk.systems.ChunkMeshBuilder'.
[April 06, 2020 - 02:35:50:AM] DEBUG GameRunner:124 - Successfully instantiated entity system 'com.jgfx.player.systems.SimplePlayerMove'.
[April 06, 2020 - 02:35:50:AM] DEBUG GameRunner:124 - Successfully instantiated entity system 'com.jgfx.chunk.systems.ChunkRenderer'.
[April 06, 2020 - 02:35:50:AM] DEBUG GameRunner:124 - Successfully instantiated entity system 'com.jgfx.chunk.systems.ChunkGenerator'.
[April 06, 2020 - 02:35:50:AM] DEBUG GameRunner:124 - Successfully instantiated entity system 'com.jgfx.chunk.systems.ChunkManager'.
[April 06, 2020 - 02:35:50:AM] INFO GameEngine:216 - Status -> Preparing Subsystems...
[April 06, 2020 - 02:35:50:AM] INFO GameEngine:216 - Status -> Pre-initialising graphics subsystem
[April 06, 2020 - 02:35:51:AM] INFO GameEngine:216 - Status -> Pre-initialising input subsystem
[April 06, 2020 - 02:35:51:AM] INFO GameEngine:216 - Status -> Beginning load process: 'Loading assets'.
[April 06, 2020 - 02:35:51:AM] DEBUG GameRunner:82 - Found entity system 'com.jgfx.chunk.systems.ChunkMeshBuilder'.
[April 06, 2020 - 02:35:51:AM] DEBUG GameRunner:82 - Found entity system 'com.jgfx.chunk.systems.ChunkGenerator'.
[April 06, 2020 - 02:35:51:AM] DEBUG GameRunner:82 - Found entity system 'com.jgfx.chunk.systems.ChunkNeighborBuilder'.
[April 06, 2020 - 02:35:51:AM] DEBUG GameRunner:82 - Found entity system 'com.jgfx.chunk.systems.ChunkRenderer'.
[April 06, 2020 - 02:35:51:AM] DEBUG GameRunner:82 - Found entity system 'com.jgfx.chunk.systems.ChunkManager'.
[April 06, 2020 - 02:35:51:AM] DEBUG GameRunner:82 - Found entity system 'com.jgfx.chunk.systems.ChunkSynthesizer'.
[April 06, 2020 - 02:35:51:AM] DEBUG GameRunner:82 - Found entity system 'com.jgfx.player.systems.SimplePlayerMove'.
[April 06, 2020 - 02:35:51:AM] DEBUG GameRunner:124 - Successfully instantiated entity system 'com.jgfx.chunk.systems.ChunkNeighborBuilder'.
[April 06, 2020 - 02:35:51:AM] DEBUG GameRunner:124 - Successfully instantiated entity system 'com.jgfx.chunk.systems.ChunkSynthesizer'.
[April 06, 2020 - 02:35:51:AM] DEBUG GameRunner:124 - Successfully instantiated entity system 'com.jgfx.chunk.systems.ChunkMeshBuilder'.
[April 06, 2020 - 02:35:51:AM] DEBUG GameRunner:124 - Successfully instantiated entity system 'com.jgfx.player.systems.SimplePlayerMove'.
[April 06, 2020 - 02:35:51:AM] DEBUG GameRunner:124 - Successfully instantiated entity system 'com.jgfx.chunk.systems.ChunkRenderer'.
[April 06, 2020 - 02:35:51:AM] DEBUG GameRunner:124 - Successfully instantiated entity system 'com.jgfx.chunk.systems.ChunkGenerator'.
[April 06, 2020 - 02:35:51:AM] DEBUG GameRunner:124 - Successfully instantiated entity system 'com.jgfx.chunk.systems.ChunkManager'.
[April 06, 2020 - 02:35:51:AM] INFO GameEngine:216 - Status -> Preparing Subsystems...
[April 06, 2020 - 02:35:51:AM] INFO GameEngine:216 - Status -> Beginning load process: 'Loading default shapes'.
[April 06, 2020 - 02:35:51:AM] INFO GameEngine:216 - Status -> Beginning load process: 'Loading assets'.
[April 06, 2020 - 02:35:51:AM] INFO GameEngine:216 - Status -> Pre-initialising graphics subsystem
[April 06, 2020 - 02:35:52:AM] DEBUG GameRunner:82 - Found entity system 'com.jgfx.chunk.systems.ChunkMeshBuilder'.
[April 06, 2020 - 02:35:52:AM] DEBUG GameRunner:82 - Found entity system 'com.jgfx.chunk.systems.ChunkGenerator'.
[April 06, 2020 - 02:35:52:AM] DEBUG GameRunner:82 - Found entity system 'com.jgfx.chunk.systems.ChunkNeighborBuilder'.
[April 06, 2020 - 02:35:52:AM] DEBUG GameRunner:82 - Found entity system 'com.jgfx.chunk.systems.ChunkRenderer'.
[April 06, 2020 - 02:35:52:AM] DEBUG GameRunner:82 - Found entity system 'com.jgfx.chunk.systems.ChunkManager'.
[April 06, 2020 - 02:35:52:AM] DEBUG GameRunner:82 - Found entity system 'com.jgfx.chunk.systems.ChunkSynthesizer'.
[April 06, 2020 - 02:35:52:AM] DEBUG GameRunner:82 - Found entity system 'com.jgfx.player.systems.SimplePlayerMove'.
[April 06, 2020 - 02:35:52:AM] DEBUG GameRunner:124 - Successfully instantiated entity system 'com.jgfx.chunk.systems.ChunkNeighborBuilder'.
[April 06, 2020 - 02:35:52:AM] DEBUG GameRunner:124 - Successfully instantiated entity system 'com.jgfx.chunk.systems.ChunkSynthesizer'.
[April 06, 2020 - 02:35:52:AM] DEBUG GameRunner:124 - Successfully instantiated entity system 'com.jgfx.chunk.systems.ChunkMeshBuilder'.
[April 06, 2020 - 02:35:52:AM] DEBUG GameRunner:124 - Successfully instantiated entity system 'com.jgfx.player.systems.SimplePlayerMove'.
[April 06, 2020 - 02:35:52:AM] DEBUG GameRunner:124 - Successfully instantiated entity system 'com.jgfx.chunk.systems.ChunkRenderer'.
[April 06, 2020 - 02:35:52:AM] DEBUG GameRunner:124 - Successfully instantiated entity system 'com.jgfx.chunk.systems.ChunkGenerator'.
[April 06, 2020 - 02:35:52:AM] DEBUG GameRunner:124 - Successfully instantiated entity system 'com.jgfx.chunk.systems.ChunkManager'.
[April 06, 2020 - 02:35:52:AM] INFO GameEngine:216 - Status -> Preparing Subsystems...
[April 06, 2020 - 02:35:52:AM] INFO GameEngine:216 - Status -> Pre-initialising graphics subsystem
[April 06, 2020 - 02:35:52:AM] INFO GameEngine:216 - Status -> Pre-initialising input subsystem
[April 06, 2020 - 02:35:52:AM] INFO GameEngine:216 - Status -> Beginning load process: 'Loading assets'.
[April 06, 2020 - 02:35:52:AM] INFO GameEngine:216 - Status -> Beginning load process: 'Loading default shapes'.
[April 06, 2020 - 02:35:52:AM] INFO GameEngine:216 - Status -> Beginning load process: 'Loading assets'.
[April 06, 2020 - 02:35:52:AM] INFO GameEngine:216 - Status -> Pre-initialising input subsystem
[April 06, 2020 - 02:35:52:AM] INFO GameEngine:216 - Status -> Beginning load process: 'Loading assets'.
[April 06, 2020 - 02:35:53:AM] INFO GameEngine:216 - Status -> Beginning load process: 'Loading default shapes'.
[April 06, 2020 - 02:35:53:AM] INFO GameEngine:216 - Status -> Beginning load process: 'Loading assets'.
[April 06, 2020 - 02:35:53:AM] INFO GameEngine:216 - Status -> Beginning load process: 'Loading local player...'.
[April 06, 2020 - 02:35:53:AM] INFO GameEngine:216 - Status -> Injecting instances to Subsystesm...
[April 06, 2020 - 02:35:53:AM] INFO GameEngine:216 - Status -> Scanning for shared variables in graphics subsystem
[April 06, 2020 - 02:35:53:AM] INFO GameEngine:216 - Status -> Scanning for shared variables in input subsystem
[April 06, 2020 - 02:35:53:AM] INFO GameEngine:216 - Status -> Initialising graphics subsystem
[April 06, 2020 - 02:35:53:AM] INFO GameEngine:216 - Status -> Initialising input subsystem
[April 06, 2020 - 02:35:53:AM] INFO GameEngine:216 - Status -> Initializing entity systems...
[April 06, 2020 - 02:35:53:AM] INFO GameEngine:216 - Status -> Post-initialising graphics subsystem
[April 06, 2020 - 02:35:53:AM] INFO GameEngine:216 - Status -> Post-initialising input subsystem
[April 06, 2020 - 02:36:01:AM] DEBUG ChunkManager:51 - Chunk[0] at 0, 0, 0 stored in chunk manager
[April 06, 2020 - 02:36:01:AM] DEBUG ChunkGenerator:49 - Chunk[0,0,0] blocks generated!
[April 06, 2020 - 02:36:01:AM] WARN ChunkManager:48 - Chunk[0] at 0, 0, 0 was generated twice. Destroying
[April 06, 2020 - 02:36:01:AM] DEBUG ChunkGenerator:49 - Chunk[0,0,0] blocks generated!
[April 06, 2020 - 02:36:01:AM] WARN ChunkManager:48 - Chunk[0] at 0, 0, 0 was generated twice. Destroying
[April 06, 2020 - 02:36:01:AM] DEBUG ChunkGenerator:49 - Chunk[0,0,0] blocks generated!
[April 06, 2020 - 02:36:01:AM] WARN ChunkManager:48 - Chunk[0] at 0, 0, 0 was generated twice. Destroying
[April 06, 2020 - 02:36:01:AM] DEBUG ChunkGenerator:49 - Chunk[0,0,0] blocks generated!
[April 06, 2020 - 02:36:01:AM] WARN ChunkManager:48 - Chunk[0] at 0, 0, 0 was generated twice. Destroying
[April 06, 2020 - 02:36:01:AM] DEBUG ChunkGenerator:49 - Chunk[0,0,0] blocks generated!
[April 06, 2020 - 02:36:01:AM] DEBUG ChunkGenerator:49 - Chunk[0,0,0] blocks generated!
[April 06, 2020 - 02:36:01:AM] DEBUG ChunkGenerator:49 - Chunk[0,0,0] blocks generated!
[April 06, 2020 - 02:36:01:AM] DEBUG ChunkGenerator:49 - Chunk[0,0,0] blocks generated!
[April 06, 2020 - 02:36:01:AM] DEBUG ChunkGenerator:49 - Chunk[0,0,0] blocks generated!
[April 06, 2020 - 02:36:01:AM] DEBUG ChunkGenerator:49 - Chunk[0,0,0] blocks generated!
[April 06, 2020 - 02:36:01:AM] DEBUG ChunkGenerator:49 - Chunk[0,0,0] blocks generated!
[April 06, 2020 - 02:36:01:AM] DEBUG ChunkGenerator:49 - Chunk[0,0,0] blocks generated!
[April 06, 2020 - 02:36:01:AM] DEBUG ChunkGenerator:49 - Chunk[0,0,0] blocks generated!
[April 06, 2020 - 02:36:01:AM] DEBUG ChunkGenerator:49 - Chunk[0,0,0] blocks generated!
[April 06, 2020 - 02:36:01:AM] DEBUG ChunkGenerator:49 - Chunk[0,0,0] blocks generated!
[April 06, 2020 - 02:36:01:AM] DEBUG ChunkGenerator:49 - Chunk[0,0,0] blocks generated!
[April 06, 2020 - 02:36:01:AM] DEBUG ChunkGenerator:49 - Chunk[0,0,0] blocks generated!
[April 06, 2020 - 02:36:01:AM] DEBUG ChunkGenerator:49 - Chunk[0,0,0] blocks generated!
[April 06, 2020 - 02:36:01:AM] DEBUG ChunkGenerator:49 - Chunk[0,0,0] blocks generated!
[April 06, 2020 - 02:36:01:AM] DEBUG ChunkGenerator:49 - Chunk[0,0,0] blocks generated!
[April 06, 2020 - 02:36:02:AM] DEBUG ChunkGenerator:49 - Chunk[0,0,0] blocks generated!
[April 06, 2020 - 02:36:02:AM] DEBUG ChunkGenerator:49 - Chunk[0,0,0] blocks generated!
[April 06, 2020 - 02:36:02:AM] DEBUG ChunkGenerator:49 - Chunk[0,0,0] blocks generated!
[April 06, 2020 - 02:36:02:AM] DEBUG ChunkGenerator:49 - Chunk[0,0,0] blocks generated!
[April 06, 2020 - 02:36:02:AM] DEBUG ChunkGenerator:49 - Chunk[0,0,0] blocks generated!
[April 06, 2020 - 02:36:02:AM] DEBUG ChunkGenerator:49 - Chunk[0,0,0] blocks generated!
[April 06, 2020 - 02:36:02:AM] DEBUG ChunkGenerator:49 - Chunk[0,0,0] blocks generated!
[April 06, 2020 - 02:36:02:AM] DEBUG ChunkGenerator:49 - Chunk[0,0,0] blocks generated!
[April 06, 2020 - 02:36:02:AM] DEBUG ChunkGenerator:49 - Chunk[0,0,0] blocks generated!
[April 06, 2020 - 02:36:02:AM] DEBUG ChunkGenerator:49 - Chunk[0,0,0] blocks generated!
[April 06, 2020 - 02:36:02:AM] DEBUG ChunkGenerator:49 - Chunk[0,0,0] blocks generated!
[April 06, 2020 - 02:36:02:AM] DEBUG ChunkGenerator:49 - Chunk[0,0,0] blocks generated!
[April 06, 2020 - 02:36:02:AM] DEBUG ChunkGenerator:49 - Chunk[0,0,0] blocks generated!
[April 06, 2020 - 02:36:02:AM] DEBUG ChunkGenerator:49 - Chunk[0,0,0] blocks generated!
[April 06, 2020 - 02:36:02:AM] DEBUG ChunkGenerator:49 - Chunk[0,0,0] blocks generated!
[April 06, 2020 - 02:36:02:AM] DEBUG ChunkGenerator:49 - Chunk[0,0,0] blocks generated!
[April 06, 2020 - 02:36:02:AM] DEBUG ChunkGenerator:49 - Chunk[0,0,0] blocks generated!
[April 06, 2020 - 02:36:02:AM] DEBUG ChunkGenerator:49 - Chunk[0,0,0] blocks generated!
[April 06, 2020 - 02:36:02:AM] DEBUG ChunkGenerator:49 - Chunk[0,0,0] blocks generated!
[April 06, 2020 - 02:36:02:AM] DEBUG ChunkGenerator:49 - Chunk[0,0,0] blocks generated!
[April 06, 2020 - 02:36:02:AM] DEBUG ChunkGenerator:49 - Chunk[0,0,0] blocks generated!
[April 06, 2020 - 02:36:02:AM] DEBUG ChunkGenerator:49 - Chunk[0,0,0] blocks generated!
[April 06, 2020 - 02:36:02:AM] DEBUG ChunkGenerator:49 - Chunk[0,0,0] blocks generated!
[April 06, 2020 - 02:36:02:AM] DEBUG ChunkGenerator:49 - Chunk[0,0,0] blocks generated!
[April 06, 2020 - 02:36:02:AM] DEBUG ChunkGenerator:49 - Chunk[0,0,0] blocks generated!
[April 06, 2020 - 02:36:02:AM] DEBUG ChunkGenerator:49 - Chunk[0,0,0] blocks generated!
[April 06, 2020 - 02:36:02:AM] DEBUG ChunkGenerator:49 - Chunk[0,0,0] blocks generated!
[April 06, 2020 - 02:36:02:AM] DEBUG ChunkGenerator:49 - Chunk[0,0,0] blocks generated!
[April 06, 2020 - 02:36:02:AM] DEBUG ChunkGenerator:49 - Chunk[0,0,0] blocks generated!
[April 06, 2020 - 02:36:02:AM] DEBUG ChunkGenerator:49 - Chunk[0,0,0] blocks generated!
[April 06, 2020 - 02:36:02:AM] DEBUG ChunkGenerator:49 - Chunk[0,0,0] blocks generated!
[April 06, 2020 - 02:36:02:AM] DEBUG ChunkGenerator:49 - Chunk[0,0,0] blocks generated!
[April 06, 2020 - 02:36:02:AM] DEBUG ChunkGenerator:49 - Chunk[0,0,0] blocks generated!
[April 06, 2020 - 02:36:02:AM] DEBUG ChunkGenerator:49 - Chunk[0,0,0] blocks generated!
[April 06, 2020 - 02:36:02:AM] DEBUG ChunkGenerator:49 - Chunk[0,0,0] blocks generated!
[April 06, 2020 - 02:36:02:AM] DEBUG ChunkGenerator:49 - Chunk[0,0,0] blocks generated!
[April 06, 2020 - 02:36:02:AM] DEBUG ChunkGenerator:49 - Chunk[0,0,0] blocks generated!
[April 06, 2020 - 02:36:02:AM] DEBUG ChunkGenerator:49 - Chunk[0,0,0] blocks generated!
[April 06, 2020 - 02:36:02:AM] DEBUG ChunkGenerator:49 - Chunk[0,0,0] blocks generated!
[April 06, 2020 - 02:36:02:AM] DEBUG ChunkGenerator:49 - Chunk[0,0,0] blocks generated!
[April 06, 2020 - 02:36:02:AM] DEBUG ChunkGenerator:49 - Chunk[0,0,0] blocks generated!
[April 06, 2020 - 02:36:02:AM] DEBUG ChunkGenerator:49 - Chunk[0,0,0] blocks generated!
[April 06, 2020 - 02:36:02:AM] DEBUG ChunkGenerator:49 - Chunk[0,0,0] blocks generated!
[April 06, 2020 - 02:36:02:AM] DEBUG ChunkGenerator:49 - Chunk[0,0,0] blocks generated!
[April 06, 2020 - 02:36:02:AM] DEBUG ChunkGenerator:49 - Chunk[0,0,0] blocks generated!
[April 06, 2020 - 02:36:02:AM] DEBUG ChunkGenerator:49 - Chunk[0,0,0] blocks generated!
[April 06, 2020 - 02:36:02:AM] DEBUG ChunkGenerator:49 - Chunk[0,0,0] blocks generated!
[April 06, 2020 - 02:36:02:AM] DEBUG ChunkGenerator:49 - Chunk[0,0,0] blocks generated!
[April 06, 2020 - 02:36:02:AM] DEBUG ChunkGenerator:49 - Chunk[0,0,0] blocks generated!
[April 06, 2020 - 02:36:02:AM] DEBUG ChunkGenerator:49 - Chunk[0,0,0] blocks generated!
[April 06, 2020 - 02:36:02:AM] DEBUG ChunkGenerator:49 - Chunk[0,0,0] blocks generated!
[April 06, 2020 - 02:36:02:AM] DEBUG ChunkGenerator:49 - Chunk[0,0,0] blocks generated!
[April 06, 2020 - 02:36:02:AM] DEBUG ChunkGenerator:49 - Chunk[0,0,0] blocks generated!
[April 06, 2020 - 02:36:02:AM] DEBUG ChunkGenerator:49 - Chunk[0,0,0] blocks generated!
[April 06, 2020 - 02:36:02:AM] DEBUG ChunkGenerator:49 - Chunk[0,0,0] blocks generated!
[April 06, 2020 - 02:36:02:AM] DEBUG ChunkGenerator:49 - Chunk[0,0,0] blocks generated!
[April 06, 2020 - 02:36:02:AM] DEBUG ChunkGenerator:49 - Chunk[0,0,0] blocks generated!
[April 06, 2020 - 02:36:02:AM] DEBUG ChunkGenerator:49 - Chunk[0,0,0] blocks generated!
[April 06, 2020 - 02:36:02:AM] DEBUG ChunkGenerator:49 - Chunk[0,0,0] blocks generated!
[April 06, 2020 - 02:36:02:AM] DEBUG ChunkGenerator:49 - Chunk[0,0,0] blocks generated!
[April 06, 2020 - 02:36:03:AM] DEBUG ChunkGenerator:49 - Chunk[0,0,0] blocks generated!
[April 06, 2020 - 02:36:03:AM] DEBUG ChunkGenerator:49 - Chunk[0,0,0] blocks generated!
[April 06, 2020 - 02:36:03:AM] DEBUG ChunkGenerator:49 - Chunk[0,0,0] blocks generated!
[April 06, 2020 - 02:36:03:AM] DEBUG ChunkGenerator:49 - Chunk[0,0,0] blocks generated!
[April 06, 2020 - 02:36:03:AM] DEBUG ChunkGenerator:49 - Chunk[0,0,0] blocks generated!
[April 06, 2020 - 02:36:03:AM] DEBUG ChunkGenerator:49 - Chunk[0,0,0] blocks generated!
[April 06, 2020 - 02:36:03:AM] DEBUG ChunkGenerator:49 - Chunk[0,0,0] blocks generated!
[April 06, 2020 - 02:36:03:AM] DEBUG ChunkGenerator:49 - Chunk[0,0,0] blocks generated!
[April 06, 2020 - 02:36:03:AM] DEBUG ChunkGenerator:49 - Chunk[0,0,0] blocks generated!
[April 06, 2020 - 02:36:03:AM] DEBUG ChunkGenerator:49 - Chunk[0,0,0] blocks generated!
[April 06, 2020 - 02:36:03:AM] DEBUG ChunkGenerator:49 - Chunk[0,0,0] blocks generated!
[April 06, 2020 - 02:36:03:AM] DEBUG ChunkGenerator:49 - Chunk[0,0,0] blocks generated!
[April 06, 2020 - 02:36:03:AM] DEBUG ChunkGenerator:49 - Chunk[0,0,0] blocks generated!
[April 06, 2020 - 02:36:03:AM] DEBUG ChunkGenerator:49 - Chunk[0,0,0] blocks generated!
[April 06, 2020 - 02:36:03:AM] DEBUG ChunkGenerator:49 - Chunk[0,0,0] blocks generated!
[April 06, 2020 - 02:36:03:AM] DEBUG ChunkGenerator:49 - Chunk[0,0,0] blocks generated!
[April 06, 2020 - 02:36:03:AM] DEBUG ChunkGenerator:49 - Chunk[0,0,0] blocks generated!
[April 06, 2020 - 02:36:03:AM] DEBUG ChunkGenerator:49 - Chunk[0,0,0] blocks generated!
[April 06, 2020 - 02:36:03:AM] DEBUG ChunkGenerator:49 - Chunk[0,0,0] blocks generated!
[April 06, 2020 - 02:36:03:AM] DEBUG ChunkGenerator:49 - Chunk[0,0,0] blocks generated!
[April 06, 2020 - 02:36:03:AM] DEBUG ChunkGenerator:49 - Chunk[0,0,0] blocks generated!
[April 06, 2020 - 02:36:03:AM] DEBUG ChunkGenerator:49 - Chunk[0,0,0] blocks generated!
[April 06, 2020 - 02:36:03:AM] DEBUG ChunkGenerator:49 - Chunk[0,0,0] blocks generated!
[April 06, 2020 - 02:36:03:AM] DEBUG ChunkGenerator:49 - Chunk[0,0,0] blocks generated!
[April 06, 2020 - 02:36:03:AM] DEBUG ChunkGenerator:49 - Chunk[0,0,0] blocks generated!
[April 06, 2020 - 02:36:03:AM] DEBUG ChunkGenerator:49 - Chunk[0,0,0] blocks generated!
[April 06, 2020 - 02:36:03:AM] DEBUG ChunkGenerator:49 - Chunk[0,0,0] blocks generated!
[April 06, 2020 - 02:36:03:AM] DEBUG ChunkGenerator:49 - Chunk[0,0,0] blocks generated!
[April 06, 2020 - 02:36:03:AM] DEBUG ChunkGenerator:49 - Chunk[0,0,0] blocks generated!
[April 06, 2020 - 02:36:03:AM] DEBUG ChunkGenerator:49 - Chunk[0,0,0] blocks generated!
[April 06, 2020 - 02:36:03:AM] DEBUG ChunkGenerator:49 - Chunk[0,0,0] blocks generated!
[April 06, 2020 - 02:36:03:AM] DEBUG ChunkGenerator:49 - Chunk[0,0,0] blocks generated!
[April 06, 2020 - 02:36:03:AM] DEBUG ChunkGenerator:49 - Chunk[0,0,0] blocks generated!
[April 06, 2020 - 02:36:03:AM] DEBUG ChunkGenerator:49 - Chunk[0,0,0] blocks generated!
[April 06, 2020 - 02:36:03:AM] DEBUG ChunkGenerator:49 - Chunk[0,0,0] blocks generated!
[April 06, 2020 - 02:36:03:AM] DEBUG ChunkGenerator:49 - Chunk[0,0,0] blocks generated!
[April 06, 2020 - 02:36:03:AM] DEBUG ChunkGenerator:49 - Chunk[0,0,0] blocks generated!
[April 06, 2020 - 02:36:03:AM] DEBUG ChunkGenerator:49 - Chunk[0,0,0] blocks generated!
[April 06, 2020 - 02:36:03:AM] DEBUG ChunkGenerator:49 - Chunk[0,0,0] blocks generated!
[April 06, 2020 - 02:36:03:AM] DEBUG ChunkGenerator:49 - Chunk[0,0,0] blocks generated!
[April 06, 2020 - 02:36:03:AM] DEBUG ChunkGenerator:49 - Chunk[0,0,0] blocks generated!
[April 06, 2020 - 02:36:03:AM] DEBUG ChunkGenerator:49 - Chunk[0,0,0] blocks generated!
[April 06, 2020 - 02:36:03:AM] DEBUG ChunkGenerator:49 - Chunk[0,0,0] blocks generated!
[April 06, 2020 - 02:36:03:AM] DEBUG ChunkGenerator:49 - Chunk[0,0,0] blocks generated!
[April 06, 2020 - 02:36:03:AM] DEBUG ChunkGenerator:49 - Chunk[0,0,0] blocks generated!
[April 06, 2020 - 02:36:03:AM] DEBUG ChunkGenerator:49 - Chunk[0,0,0] blocks generated!
[April 06, 2020 - 02:36:03:AM] DEBUG ChunkGenerator:49 - Chunk[0,0,0] blocks generated!
[April 06, 2020 - 02:36:03:AM] DEBUG ChunkGenerator:49 - Chunk[0,0,0] blocks generated!
[April 06, 2020 - 02:36:03:AM] DEBUG ChunkGenerator:49 - Chunk[0,0,0] blocks generated!
[April 06, 2020 - 02:36:03:AM] DEBUG ChunkGenerator:49 - Chunk[0,0,0] blocks generated!
[April 06, 2020 - 02:36:03:AM] DEBUG ChunkGenerator:49 - Chunk[0,0,0] blocks generated!
[April 06, 2020 - 02:36:03:AM] DEBUG ChunkGenerator:49 - Chunk[0,0,0] blocks generated!
[April 06, 2020 - 02:36:03:AM] DEBUG ChunkGenerator:49 - Chunk[0,0,0] blocks generated!
[April 06, 2020 - 02:36:03:AM] DEBUG ChunkGenerator:49 - Chunk[0,0,0] blocks generated!
[April 06, 2020 - 02:36:03:AM] DEBUG ChunkGenerator:49 - Chunk[0,0,0] blocks generated!
[April 06, 2020 - 02:36:03:AM] DEBUG ChunkGenerator:49 - Chunk[0,0,0] blocks generated!
[April 06, 2020 - 02:36:03:AM] DEBUG ChunkGenerator:49 - Chunk[0,0,0] blocks generated!
[April 06, 2020 - 02:36:03:AM] DEBUG ChunkGenerator:49 - Chunk[0,0,0] blocks generated!
[April 06, 2020 - 02:36:03:AM] DEBUG ChunkGenerator:49 - Chunk[0,0,0] blocks generated!
[April 06, 2020 - 02:36:03:AM] DEBUG ChunkGenerator:49 - Chunk[0,0,0] blocks generated!
[April 06, 2020 - 02:36:04:AM] DEBUG ChunkGenerator:49 - Chunk[0,0,0] blocks generated!
[April 06, 2020 - 02:36:04:AM] DEBUG ChunkGenerator:49 - Chunk[0,0,0] blocks generated!
[April 06, 2020 - 02:36:04:AM] DEBUG ChunkGenerator:49 - Chunk[0,0,0] blocks generated!
[April 06, 2020 - 02:36:04:AM] DEBUG ChunkGenerator:49 - Chunk[0,0,0] blocks generated!
[April 06, 2020 - 02:36:04:AM] DEBUG ChunkGenerator:49 - Chunk[0,0,0] blocks generated!
[April 06, 2020 - 02:36:04:AM] DEBUG ChunkGenerator:49 - Chunk[0,0,0] blocks generated!
[April 06, 2020 - 02:36:04:AM] DEBUG ChunkGenerator:49 - Chunk[0,0,0] blocks generated!
[April 06, 2020 - 02:36:04:AM] DEBUG ChunkGenerator:49 - Chunk[0,0,0] blocks generated!
[April 06, 2020 - 02:36:04:AM] DEBUG ChunkGenerator:49 - Chunk[0,0,0] blocks generated!
[April 06, 2020 - 02:36:04:AM] DEBUG ChunkGenerator:49 - Chunk[0,0,0] blocks generated!
[April 06, 2020 - 02:36:04:AM] DEBUG ChunkGenerator:49 - Chunk[0,0,0] blocks generated!
[April 06, 2020 - 02:36:04:AM] DEBUG ChunkGenerator:49 - Chunk[0,0,0] blocks generated!
[April 06, 2020 - 02:36:04:AM] DEBUG ChunkGenerator:49 - Chunk[0,0,0] blocks generated!
[April 06, 2020 - 02:36:04:AM] DEBUG ChunkGenerator:49 - Chunk[0,0,0] blocks generated!
[April 06, 2020 - 02:36:04:AM] DEBUG ChunkGenerator:49 - Chunk[0,0,0] blocks generated!
[April 06, 2020 - 02:36:04:AM] DEBUG ChunkGenerator:49 - Chunk[0,0,0] blocks generated!
[April 06, 2020 - 02:36:04:AM] DEBUG ChunkGenerator:49 - Chunk[0,0,0] blocks generated!
[April 06, 2020 - 02:36:04:AM] DEBUG ChunkGenerator:49 - Chunk[0,0,0] blocks generated!
[April 06, 2020 - 02:36:04:AM] DEBUG ChunkGenerator:49 - Chunk[0,0,0] blocks generated!
[April 06, 2020 - 02:36:04:AM] DEBUG ChunkGenerator:49 - Chunk[0,0,0] blocks generated!
[April 06, 2020 - 02:36:04:AM] DEBUG ChunkGenerator:49 - Chunk[0,0,0] blocks generated!
[April 06, 2020 - 02:36:04:AM] DEBUG ChunkGenerator:49 - Chunk[0,0,0] blocks generated!
[April 06, 2020 - 02:36:04:AM] DEBUG ChunkGenerator:49 - Chunk[0,0,0] blocks generated!
[April 06, 2020 - 02:36:04:AM] DEBUG ChunkGenerator:49 - Chunk[0,0,0] blocks generated!
[April 06, 2020 - 02:36:04:AM] DEBUG ChunkGenerator:49 - Chunk[0,0,0] blocks generated!
[April 06, 2020 - 02:36:04:AM] DEBUG ChunkGenerator:49 - Chunk[0,0,0] blocks generated!
[April 06, 2020 - 02:36:04:AM] DEBUG ChunkGenerator:49 - Chunk[0,0,0] blocks generated!
[April 06, 2020 - 02:36:04:AM] DEBUG ChunkGenerator:49 - Chunk[0,0,0] blocks generated!
[April 06, 2020 - 02:36:04:AM] DEBUG ChunkGenerator:49 - Chunk[0,0,0] blocks generated!
[April 06, 2020 - 02:36:04:AM] DEBUG ChunkGenerator:49 - Chunk[0,0,0] blocks generated!
[April 06, 2020 - 02:36:04:AM] DEBUG ChunkGenerator:49 - Chunk[0,0,0] blocks generated!
[April 06, 2020 - 02:36:04:AM] DEBUG ChunkGenerator:49 - Chunk[0,0,0] blocks generated!
[April 06, 2020 - 02:36:04:AM] DEBUG ChunkGenerator:49 - Chunk[0,0,0] blocks generated!
[April 06, 2020 - 02:36:04:AM] DEBUG ChunkGenerator:49 - Chunk[0,0,0] blocks generated!
[April 06, 2020 - 02:36:04:AM] DEBUG ChunkGenerator:49 - Chunk[0,0,0] blocks generated!
[April 06, 2020 - 02:36:04:AM] DEBUG ChunkGenerator:49 - Chunk[0,0,0] blocks generated!
[April 06, 2020 - 02:36:04:AM] DEBUG ChunkGenerator:49 - Chunk[0,0,0] blocks generated!
[April 06, 2020 - 02:36:04:AM] DEBUG ChunkGenerator:49 - Chunk[0,0,0] blocks generated!
[April 06, 2020 - 02:36:04:AM] DEBUG ChunkGenerator:49 - Chunk[0,0,0] blocks generated!
[April 06, 2020 - 02:36:04:AM] DEBUG ChunkGenerator:49 - Chunk[0,0,0] blocks generated!
[April 06, 2020 - 02:36:04:AM] DEBUG ChunkGenerator:49 - Chunk[0,0,0] blocks generated!
[April 06, 2020 - 02:36:04:AM] DEBUG ChunkGenerator:49 - Chunk[0,0,0] blocks generated!
[April 06, 2020 - 02:36:04:AM] DEBUG ChunkGenerator:49 - Chunk[0,0,0] blocks generated!
[April 06, 2020 - 02:36:04:AM] DEBUG ChunkGenerator:49 - Chunk[0,0,0] blocks generated!
[April 06, 2020 - 02:36:04:AM] DEBUG ChunkGenerator:49 - Chunk[0,0,0] blocks generated!
[April 06, 2020 - 02:36:04:AM] DEBUG ChunkGenerator:49 - Chunk[0,0,0] blocks generated!
[April 06, 2020 - 02:36:04:AM] DEBUG ChunkGenerator:49 - Chunk[0,0,0] blocks generated!
[April 06, 2020 - 02:36:04:AM] DEBUG ChunkGenerator:49 - Chunk[0,0,0] blocks generated!
[April 06, 2020 - 02:36:04:AM] DEBUG ChunkGenerator:49 - Chunk[0,0,0] blocks generated!
[April 06, 2020 - 02:36:04:AM] DEBUG ChunkGenerator:49 - Chunk[0,0,0] blocks generated!
[April 06, 2020 - 02:36:04:AM] DEBUG ChunkGenerator:49 - Chunk[0,0,0] blocks generated!
[April 06, 2020 - 02:36:04:AM] DEBUG ChunkGenerator:49 - Chunk[0,0,0] blocks generated!
[April 06, 2020 - 02:36:04:AM] DEBUG ChunkGenerator:49 - Chunk[0,0,0] blocks generated!
[April 06, 2020 - 02:36:04:AM] DEBUG ChunkGenerator:49 - Chunk[0,0,0] blocks generated!
[April 06, 2020 - 02:36:04:AM] DEBUG ChunkGenerator:49 - Chunk[0,0,0] blocks generated!
[April 06, 2020 - 02:36:04:AM] DEBUG ChunkGenerator:49 - Chunk[0,0,0] blocks generated!
[April 06, 2020 - 02:36:04:AM] DEBUG ChunkGenerator:49 - Chunk[0,0,0] blocks generated!
[April 06, 2020 - 02:36:04:AM] DEBUG ChunkGenerator:49 - Chunk[0,0,0] blocks generated!
[April 06, 2020 - 02:36:04:AM] DEBUG ChunkGenerator:49 - Chunk[0,0,0] blocks generated!
[April 06, 2020 - 02:36:04:AM] DEBUG ChunkGenerator:49 - Chunk[0,0,0] blocks generated!
[April 06, 2020 - 02:36:05:AM] DEBUG ChunkGenerator:49 - Chunk[0,0,0] blocks generated!
[April 06, 2020 - 02:36:05:AM] DEBUG ChunkGenerator:49 - Chunk[0,0,0] blocks generated!
[April 06, 2020 - 02:36:05:AM] DEBUG ChunkGenerator:49 - Chunk[0,0,0] blocks generated!
[April 06, 2020 - 02:36:05:AM] DEBUG ChunkGenerator:49 - Chunk[0,0,0] blocks generated!
[April 06, 2020 - 02:36:05:AM] DEBUG ChunkGenerator:49 - Chunk[0,0,0] blocks generated!
[April 06, 2020 - 02:36:05:AM] DEBUG ChunkGenerator:49 - Chunk[0,0,0] blocks generated!
[April 06, 2020 - 02:36:05:AM] DEBUG ChunkGenerator:49 - Chunk[0,0,0] blocks generated!
[April 06, 2020 - 02:36:05:AM] DEBUG ChunkGenerator:49 - Chunk[0,0,0] blocks generated!
[April 06, 2020 - 02:36:05:AM] DEBUG ChunkGenerator:49 - Chunk[0,0,0] blocks generated!
[April 06, 2020 - 02:36:05:AM] DEBUG ChunkGenerator:49 - Chunk[0,0,0] blocks generated!
[April 06, 2020 - 02:36:05:AM] DEBUG ChunkGenerator:49 - Chunk[0,0,0] blocks generated!
[April 06, 2020 - 02:36:05:AM] DEBUG ChunkGenerator:49 - Chunk[0,0,0] blocks generated!
[April 06, 2020 - 02:36:05:AM] DEBUG ChunkGenerator:49 - Chunk[0,0,0] blocks generated!
[April 06, 2020 - 02:36:05:AM] DEBUG ChunkGenerator:49 - Chunk[0,0,0] blocks generated!
[April 06, 2020 - 02:36:05:AM] DEBUG ChunkGenerator:49 - Chunk[0,0,0] blocks generated!
[April 06, 2020 - 02:36:05:AM] DEBUG ChunkGenerator:49 - Chunk[0,0,0] blocks generated!
[April 06, 2020 - 02:36:05:AM] DEBUG ChunkGenerator:49 - Chunk[0,0,0] blocks generated!
[April 06, 2020 - 02:36:05:AM] DEBUG ChunkGenerator:49 - Chunk[0,0,0] blocks generated!
[April 06, 2020 - 02:36:05:AM] DEBUG ChunkGenerator:49 - Chunk[0,0,0] blocks generated!
[April 06, 2020 - 02:36:05:AM] DEBUG ChunkGenerator:49 - Chunk[0,0,0] blocks generated!
[April 06, 2020 - 02:36:05:AM] DEBUG ChunkGenerator:49 - Chunk[0,0,0] blocks generated!
[April 06, 2020 - 02:36:05:AM] DEBUG ChunkGenerator:49 - Chunk[0,0,0] blocks generated!
[April 06, 2020 - 02:36:05:AM] DEBUG ChunkGenerator:49 - Chunk[0,0,0] blocks generated!
[April 06, 2020 - 02:36:05:AM] DEBUG ChunkGenerator:49 - Chunk[0,0,0] blocks generated!
[April 06, 2020 - 02:36:05:AM] DEBUG ChunkGenerator:49 - Chunk[0,0,0] blocks generated!
[April 06, 2020 - 02:36:05:AM] DEBUG ChunkGenerator:49 - Chunk[0,0,0] blocks generated!
[April 06, 2020 - 02:36:05:AM] DEBUG ChunkGenerator:49 - Chunk[0,0,0] blocks generated!
[April 06, 2020 - 02:36:05:AM] DEBUG ChunkGenerator:49 - Chunk[0,0,0] blocks generated!
[April 06, 2020 - 02:36:05:AM] DEBUG ChunkGenerator:49 - Chunk[0,0,0] blocks generated!
[April 06, 2020 - 02:36:05:AM] DEBUG ChunkGenerator:49 - Chunk[0,0,0] blocks generated!
[April 06, 2020 - 02:36:05:AM] DEBUG ChunkGenerator:49 - Chunk[0,0,0] blocks generated!
[April 06, 2020 - 02:36:05:AM] DEBUG ChunkGenerator:49 - Chunk[0,0,0] blocks generated!
[April 06, 2020 - 02:36:05:AM] DEBUG ChunkGenerator:49 - Chunk[0,0,0] blocks generated!
[April 06, 2020 - 02:36:05:AM] DEBUG ChunkGenerator:49 - Chunk[0,0,0] blocks generated!
[April 06, 2020 - 02:36:05:AM] DEBUG ChunkGenerator:49 - Chunk[0,0,0] blocks generated!
[April 06, 2020 - 02:36:05:AM] DEBUG ChunkGenerator:49 - Chunk[0,0,0] blocks generated!
[April 06, 2020 - 02:36:05:AM] DEBUG ChunkGenerator:49 - Chunk[0,0,0] blocks generated!
[April 06, 2020 - 02:36:05:AM] DEBUG ChunkGenerator:49 - Chunk[0,0,0] blocks generated!
[April 06, 2020 - 02:36:05:AM] DEBUG ChunkGenerator:49 - Chunk[0,0,0] blocks generated!
[April 06, 2020 - 02:36:05:AM] DEBUG ChunkGenerator:49 - Chunk[0,0,0] blocks generated!
[April 06, 2020 - 02:36:05:AM] DEBUG ChunkGenerator:49 - Chunk[0,0,0] blocks generated!
[April 06, 2020 - 02:36:05:AM] DEBUG ChunkGenerator:49 - Chunk[0,0,0] blocks generated!
[April 06, 2020 - 02:36:05:AM] DEBUG ChunkGenerator:49 - Chunk[0,0,0] blocks generated!
[April 06, 2020 - 02:36:05:AM] DEBUG ChunkGenerator:49 - Chunk[0,0,0] blocks generated!
[April 06, 2020 - 02:36:05:AM] DEBUG ChunkGenerator:49 - Chunk[0,0,0] blocks generated!
[April 06, 2020 - 02:36:05:AM] DEBUG ChunkGenerator:49 - Chunk[0,0,0] blocks generated!
[April 06, 2020 - 02:36:05:AM] DEBUG ChunkGenerator:49 - Chunk[0,0,0] blocks generated!
[April 06, 2020 - 02:36:05:AM] DEBUG ChunkGenerator:49 - Chunk[0,0,0] blocks generated!
[April 06, 2020 - 02:36:05:AM] DEBUG ChunkGenerator:49 - Chunk[0,0,0] blocks generated!
[April 06, 2020 - 02:36:05:AM] DEBUG ChunkGenerator:49 - Chunk[0,0,0] blocks generated!
[April 06, 2020 - 02:36:05:AM] DEBUG ChunkGenerator:49 - Chunk[0,0,0] blocks generated!
[April 06, 2020 - 02:36:05:AM] DEBUG ChunkGenerator:49 - Chunk[0,0,0] blocks generated!
[April 06, 2020 - 02:36:05:AM] DEBUG ChunkGenerator:49 - Chunk[0,0,0] blocks generated!
[April 06, 2020 - 02:36:05:AM] DEBUG ChunkGenerator:49 - Chunk[0,0,0] blocks generated!
[April 06, 2020 - 02:36:05:AM] DEBUG ChunkGenerator:49 - Chunk[0,0,0] blocks generated!
[April 06, 2020 - 02:36:05:AM] DEBUG ChunkGenerator:49 - Chunk[0,0,0] blocks generated!
[April 06, 2020 - 02:36:05:AM] DEBUG ChunkGenerator:49 - Chunk[0,0,0] blocks generated!
[April 06, 2020 - 02:36:05:AM] DEBUG ChunkGenerator:49 - Chunk[0,0,0] blocks generated!
[April 06, 2020 - 02:36:05:AM] DEBUG ChunkGenerator:49 - Chunk[0,0,0] blocks generated!
[April 06, 2020 - 02:36:05:AM] DEBUG ChunkGenerator:49 - Chunk[0,0,0] blocks generated!
[April 06, 2020 - 02:36:06:AM] DEBUG ChunkGenerator:49 - Chunk[0,0,0] blocks generated!
[April 06, 2020 - 02:36:06:AM] DEBUG ChunkGenerator:49 - Chunk[0,0,0] blocks generated!
[April 06, 2020 - 02:36:06:AM] DEBUG ChunkGenerator:49 - Chunk[0,0,0] blocks generated!
[April 06, 2020 - 02:36:06:AM] DEBUG ChunkGenerator:49 - Chunk[0,0,0] blocks generated!
[April 06, 2020 - 02:36:06:AM] DEBUG ChunkGenerator:49 - Chunk[0,0,0] blocks generated!
[April 06, 2020 - 02:36:06:AM] DEBUG ChunkGenerator:49 - Chunk[0,0,0] blocks generated!
[April 06, 2020 - 02:36:06:AM] DEBUG ChunkGenerator:49 - Chunk[0,0,0] blocks generated!
[April 06, 2020 - 02:36:06:AM] DEBUG ChunkGenerator:49 - Chunk[0,0,0] blocks generated!
[April 06, 2020 - 02:36:06:AM] DEBUG ChunkGenerator:49 - Chunk[0,0,0] blocks generated!
[April 06, 2020 - 02:36:06:AM] DEBUG ChunkGenerator:49 - Chunk[0,0,0] blocks generated!
[April 06, 2020 - 02:36:06:AM] DEBUG ChunkGenerator:49 - Chunk[0,0,0] blocks generated!
[April 06, 2020 - 02:36:06:AM] DEBUG ChunkGenerator:49 - Chunk[0,0,0] blocks generated!
[April 06, 2020 - 02:36:06:AM] DEBUG ChunkGenerator:49 - Chunk[0,0,0] blocks generated!
[April 06, 2020 - 02:36:06:AM] DEBUG ChunkGenerator:49 - Chunk[0,0,0] blocks generated!
[April 06, 2020 - 02:36:06:AM] DEBUG ChunkGenerator:49 - Chunk[0,0,0] blocks generated!
[April 06, 2020 - 02:36:06:AM] DEBUG ChunkGenerator:49 - Chunk[0,0,0] blocks generated!
[April 06, 2020 - 02:36:06:AM] DEBUG ChunkGenerator:49 - Chunk[0,0,0] blocks generated!
[April 06, 2020 - 02:36:06:AM] DEBUG ChunkGenerator:49 - Chunk[0,0,0] blocks generated!
[April 06, 2020 - 02:36:06:AM] DEBUG ChunkGenerator:49 - Chunk[0,0,0] blocks generated!
[April 06, 2020 - 02:36:06:AM] DEBUG ChunkGenerator:49 - Chunk[0,0,0] blocks generated!
[April 06, 2020 - 02:36:06:AM] DEBUG ChunkGenerator:49 - Chunk[0,0,0] blocks generated!
[April 06, 2020 - 02:36:06:AM] DEBUG ChunkGenerator:49 - Chunk[0,0,0] blocks generated!
[April 06, 2020 - 02:36:06:AM] DEBUG ChunkGenerator:49 - Chunk[0,0,0] blocks generated!
[April 06, 2020 - 02:36:06:AM] DEBUG ChunkGenerator:49 - Chunk[0,0,0] blocks generated!
[April 06, 2020 - 02:36:06:AM] DEBUG ChunkGenerator:49 - Chunk[0,0,0] blocks generated!
[April 06, 2020 - 02:36:06:AM] DEBUG ChunkGenerator:49 - Chunk[0,0,0] blocks generated!
[April 06, 2020 - 02:36:06:AM] DEBUG ChunkGenerator:49 - Chunk[0,0,0] blocks generated!
[April 06, 2020 - 02:36:06:AM] DEBUG ChunkGenerator:49 - Chunk[0,0,0] blocks generated!
[April 06, 2020 - 02:36:06:AM] DEBUG ChunkGenerator:49 - Chunk[0,0,0] blocks generated!
[April 06, 2020 - 02:36:06:AM] DEBUG ChunkGenerator:49 - Chunk[0,0,0] blocks generated!
[April 06, 2020 - 02:36:06:AM] DEBUG ChunkGenerator:49 - Chunk[0,0,0] blocks generated!
[April 06, 2020 - 02:36:06:AM] DEBUG ChunkGenerator:49 - Chunk[0,0,0] blocks generated!
[April 06, 2020 - 02:36:06:AM] DEBUG ChunkGenerator:49 - Chunk[0,0,0] blocks generated!
[April 06, 2020 - 02:36:06:AM] DEBUG ChunkGenerator:49 - Chunk[0,0,0] blocks generated!
[April 06, 2020 - 02:36:06:AM] DEBUG ChunkGenerator:49 - Chunk[0,0,0] blocks generated!
[April 06, 2020 - 02:36:06:AM] DEBUG ChunkGenerator:49 - Chunk[0,0,0] blocks generated!
[April 06, 2020 - 02:36:06:AM] DEBUG ChunkGenerator:49 - Chunk[0,0,0] blocks generated!
[April 06, 2020 - 02:36:06:AM] DEBUG ChunkGenerator:49 - Chunk[0,0,0] blocks generated!
[April 06, 2020 - 02:36:06:AM] DEBUG ChunkGenerator:49 - Chunk[0,0,0] blocks generated!
[April 06, 2020 - 02:36:06:AM] DEBUG ChunkGenerator:49 - Chunk[0,0,0] blocks generated!
[April 06, 2020 - 02:36:06:AM] DEBUG ChunkGenerator:49 - Chunk[0,0,0] blocks generated!
[April 06, 2020 - 02:36:06:AM] DEBUG ChunkGenerator:49 - Chunk[0,0,0] blocks generated!
[April 06, 2020 - 02:36:06:AM] DEBUG ChunkGenerator:49 - Chunk[0,0,0] blocks generated!
[April 06, 2020 - 02:36:06:AM] DEBUG ChunkGenerator:49 - Chunk[0,0,0] blocks generated!
[April 06, 2020 - 02:36:06:AM] DEBUG ChunkGenerator:49 - Chunk[0,0,0] blocks generated!
[April 06, 2020 - 02:36:06:AM] DEBUG ChunkGenerator:49 - Chunk[0,0,0] blocks generated!
[April 06, 2020 - 02:36:06:AM] DEBUG ChunkGenerator:49 - Chunk[0,0,0] blocks generated!
[April 06, 2020 - 02:36:06:AM] DEBUG ChunkGenerator:49 - Chunk[0,0,0] blocks generated!
[April 06, 2020 - 02:36:06:AM] DEBUG ChunkGenerator:49 - Chunk[0,0,0] blocks generated!
[April 06, 2020 - 02:36:06:AM] DEBUG ChunkGenerator:49 - Chunk[0,0,0] blocks generated!
[April 06, 2020 - 02:36:06:AM] DEBUG ChunkGenerator:49 - Chunk[0,0,0] blocks generated!
[April 06, 2020 - 02:36:06:AM] DEBUG ChunkGenerator:49 - Chunk[0,0,0] blocks generated!
[April 06, 2020 - 02:36:06:AM] DEBUG ChunkGenerator:49 - Chunk[0,0,0] blocks generated!
[April 06, 2020 - 02:36:06:AM] DEBUG ChunkGenerator:49 - Chunk[0,0,0] blocks generated!
[April 06, 2020 - 02:36:06:AM] DEBUG ChunkGenerator:49 - Chunk[0,0,0] blocks generated!
[April 06, 2020 - 02:36:06:AM] DEBUG ChunkGenerator:49 - Chunk[0,0,0] blocks generated!
[April 06, 2020 - 02:36:06:AM] DEBUG ChunkGenerator:49 - Chunk[0,0,0] blocks generated!
[April 06, 2020 - 02:36:06:AM] DEBUG ChunkGenerator:49 - Chunk[0,0,0] blocks generated!
[April 06, 2020 - 02:36:06:AM] DEBUG ChunkGenerator:49 - Chunk[0,0,0] blocks generated!
[April 06, 2020 - 02:36:06:AM] DEBUG ChunkGenerator:49 - Chunk[0,0,0] blocks generated!
[April 06, 2020 - 02:36:07:AM] DEBUG ChunkGenerator:49 - Chunk[0,0,0] blocks generated!
[April 06, 2020 - 02:36:07:AM] DEBUG ChunkGenerator:49 - Chunk[0,0,0] blocks generated!
[April 06, 2020 - 02:36:07:AM] DEBUG ChunkGenerator:49 - Chunk[0,0,0] blocks generated!
[April 06, 2020 - 02:36:07:AM] DEBUG ChunkGenerator:49 - Chunk[0,0,0] blocks generated!
[April 06, 2020 - 02:36:07:AM] DEBUG ChunkGenerator:49 - Chunk[0,0,0] blocks generated!
[April 06, 2020 - 02:36:07:AM] DEBUG ChunkGenerator:49 - Chunk[0,0,0] blocks generated!
[April 06, 2020 - 02:36:07:AM] DEBUG ChunkGenerator:49 - Chunk[0,0,0] blocks generated!
[April 06, 2020 - 02:36:07:AM] DEBUG ChunkGenerator:49 - Chunk[0,0,0] blocks generated!
[April 06, 2020 - 02:36:07:AM] DEBUG ChunkGenerator:49 - Chunk[0,0,0] blocks generated!
[April 06, 2020 - 02:36:07:AM] DEBUG ChunkGenerator:49 - Chunk[0,0,0] blocks generated!
[April 06, 2020 - 02:36:07:AM] DEBUG ChunkGenerator:49 - Chunk[0,0,0] blocks generated!
[April 06, 2020 - 02:36:07:AM] DEBUG ChunkGenerator:49 - Chunk[0,0,0] blocks generated!
[April 06, 2020 - 02:36:07:AM] DEBUG ChunkGenerator:49 - Chunk[0,0,0] blocks generated!
[April 06, 2020 - 02:36:07:AM] DEBUG ChunkGenerator:49 - Chunk[0,0,0] blocks generated!
[April 06, 2020 - 02:36:07:AM] DEBUG ChunkGenerator:49 - Chunk[0,0,0] blocks generated!
[April 06, 2020 - 02:36:07:AM] DEBUG ChunkGenerator:49 - Chunk[0,0,0] blocks generated!
[April 06, 2020 - 02:36:07:AM] DEBUG ChunkGenerator:49 - Chunk[0,0,0] blocks generated!
[April 06, 2020 - 02:36:07:AM] DEBUG ChunkGenerator:49 - Chunk[0,0,0] blocks generated!
[April 06, 2020 - 02:36:07:AM] DEBUG ChunkGenerator:49 - Chunk[0,0,0] blocks generated!
[April 06, 2020 - 02:36:07:AM] DEBUG ChunkGenerator:49 - Chunk[0,0,0] blocks generated!
[April 06, 2020 - 02:36:07:AM] DEBUG ChunkGenerator:49 - Chunk[0,0,0] blocks generated!
[April 06, 2020 - 02:36:07:AM] DEBUG ChunkGenerator:49 - Chunk[0,0,0] blocks generated!
[April 06, 2020 - 02:36:07:AM] DEBUG ChunkGenerator:49 - Chunk[0,0,0] blocks generated!
[April 06, 2020 - 02:36:07:AM] DEBUG ChunkGenerator:49 - Chunk[0,0,0] blocks generated!
[April 06, 2020 - 02:36:07:AM] DEBUG ChunkGenerator:49 - Chunk[0,0,0] blocks generated!
[April 06, 2020 - 02:36:07:AM] DEBUG ChunkGenerator:49 - Chunk[0,0,0] blocks generated!
[April 06, 2020 - 02:36:07:AM] DEBUG ChunkGenerator:49 - Chunk[0,0,0] blocks generated!
[April 06, 2020 - 02:36:07:AM] DEBUG ChunkGenerator:49 - Chunk[0,0,0] blocks generated!
[April 06, 2020 - 02:36:07:AM] DEBUG ChunkGenerator:49 - Chunk[0,0,0] blocks generated!
[April 06, 2020 - 02:36:07:AM] DEBUG ChunkGenerator:49 - Chunk[0,0,0] blocks generated!
[April 06, 2020 - 02:36:07:AM] DEBUG ChunkGenerator:49 - Chunk[0,0,0] blocks generated!
[April 06, 2020 - 02:36:07:AM] DEBUG ChunkGenerator:49 - Chunk[0,0,0] blocks generated!
[April 06, 2020 - 02:36:07:AM] DEBUG ChunkGenerator:49 - Chunk[0,0,0] blocks generated!
[April 06, 2020 - 02:36:07:AM] DEBUG ChunkGenerator:49 - Chunk[0,0,0] blocks generated!
[April 06, 2020 - 02:36:07:AM] DEBUG ChunkGenerator:49 - Chunk[0,0,0] blocks generated!
[April 06, 2020 - 02:36:07:AM] DEBUG ChunkGenerator:49 - Chunk[0,0,0] blocks generated!
[April 06, 2020 - 02:36:07:AM] DEBUG ChunkGenerator:49 - Chunk[0,0,0] blocks generated!
[April 06, 2020 - 02:36:07:AM] DEBUG ChunkGenerator:49 - Chunk[0,0,0] blocks generated!
[April 06, 2020 - 02:36:07:AM] DEBUG ChunkGenerator:49 - Chunk[0,0,0] blocks generated!
[April 06, 2020 - 02:36:07:AM] DEBUG ChunkGenerator:49 - Chunk[0,0,0] blocks generated!
[April 06, 2020 - 02:36:07:AM] DEBUG ChunkGenerator:49 - Chunk[0,0,0] blocks generated!
[April 06, 2020 - 02:36:07:AM] DEBUG ChunkGenerator:49 - Chunk[0,0,0] blocks generated!
[April 06, 2020 - 02:36:07:AM] DEBUG ChunkGenerator:49 - Chunk[0,0,0] blocks generated!
[April 06, 2020 - 02:36:07:AM] DEBUG ChunkGenerator:49 - Chunk[0,0,0] blocks generated!
[April 06, 2020 - 02:36:07:AM] DEBUG ChunkGenerator:49 - Chunk[0,0,0] blocks generated!
[April 06, 2020 - 02:36:07:AM] DEBUG ChunkGenerator:49 - Chunk[0,0,0] blocks generated!
[April 06, 2020 - 02:36:07:AM] DEBUG ChunkGenerator:49 - Chunk[0,0,0] blocks generated!
[April 06, 2020 - 02:36:07:AM] DEBUG ChunkGenerator:49 - Chunk[0,0,0] blocks generated!
[April 06, 2020 - 02:36:07:AM] DEBUG ChunkGenerator:49 - Chunk[0,0,0] blocks generated!
[April 06, 2020 - 02:36:07:AM] DEBUG ChunkGenerator:49 - Chunk[0,0,0] blocks generated!
[April 06, 2020 - 02:36:07:AM] DEBUG ChunkGenerator:49 - Chunk[0,0,0] blocks generated!
[April 06, 2020 - 02:36:07:AM] DEBUG ChunkGenerator:49 - Chunk[0,0,0] blocks generated!
[April 06, 2020 - 02:36:07:AM] DEBUG ChunkGenerator:49 - Chunk[0,0,0] blocks generated!
[April 06, 2020 - 02:36:07:AM] DEBUG ChunkGenerator:49 - Chunk[0,0,0] blocks generated!
[April 06, 2020 - 02:36:07:AM] DEBUG ChunkGenerator:49 - Chunk[0,0,0] blocks generated!
[April 06, 2020 - 02:36:07:AM] DEBUG ChunkGenerator:49 - Chunk[0,0,0] blocks generated!
[April 06, 2020 - 02:36:07:AM] DEBUG ChunkGenerator:49 - Chunk[0,0,0] blocks generated!
[April 06, 2020 - 02:36:07:AM] DEBUG ChunkGenerator:49 - Chunk[0,0,0] blocks generated!
[April 06, 2020 - 02:36:07:AM] DEBUG ChunkGenerator:49 - Chunk[0,0,0] blocks generated!
[April 06, 2020 - 02:36:07:AM] DEBUG ChunkGenerator:49 - Chunk[0,0,0] blocks generated!
[April 06, 2020 - 02:36:08:AM] DEBUG ChunkGenerator:49 - Chunk[0,0,0] blocks generated!
[April 06, 2020 - 02:36:08:AM] DEBUG ChunkGenerator:49 - Chunk[0,0,0] blocks generated!
[April 06, 2020 - 02:36:08:AM] DEBUG ChunkGenerator:49 - Chunk[0,0,0] blocks generated!
[April 06, 2020 - 02:36:08:AM] DEBUG ChunkGenerator:49 - Chunk[0,0,0] blocks generated!
[April 06, 2020 - 02:36:08:AM] DEBUG ChunkGenerator:49 - Chunk[0,0,0] blocks generated!
[April 06, 2020 - 02:36:08:AM] DEBUG ChunkGenerator:49 - Chunk[0,0,0] blocks generated!
[April 06, 2020 - 02:36:08:AM] DEBUG ChunkGenerator:49 - Chunk[0,0,0] blocks generated!
[April 06, 2020 - 02:36:08:AM] DEBUG ChunkGenerator:49 - Chunk[0,0,0] blocks generated!
[April 06, 2020 - 02:36:08:AM] DEBUG ChunkGenerator:49 - Chunk[0,0,0] blocks generated!
[April 06, 2020 - 02:36:08:AM] DEBUG ChunkGenerator:49 - Chunk[0,0,0] blocks generated!
[April 06, 2020 - 02:36:08:AM] DEBUG ChunkGenerator:49 - Chunk[0,0,0] blocks generated!
[April 06, 2020 - 02:36:08:AM] DEBUG ChunkGenerator:49 - Chunk[0,0,0] blocks generated!
[April 06, 2020 - 02:36:08:AM] DEBUG ChunkGenerator:49 - Chunk[0,0,0] blocks generated!
[April 06, 2020 - 02:36:08:AM] DEBUG ChunkGenerator:49 - Chunk[0,0,0] blocks generated!
[April 06, 2020 - 02:36:08:AM] DEBUG ChunkGenerator:49 - Chunk[0,0,0] blocks generated!
[April 06, 2020 - 02:36:08:AM] DEBUG ChunkGenerator:49 - Chunk[0,0,0] blocks generated!
[April 06, 2020 - 02:36:08:AM] DEBUG ChunkGenerator:49 - Chunk[0,0,0] blocks generated!
[April 06, 2020 - 02:36:08:AM] DEBUG ChunkGenerator:49 - Chunk[0,0,0] blocks generated!
[April 06, 2020 - 02:36:08:AM] DEBUG ChunkGenerator:49 - Chunk[0,0,0] blocks generated!
[April 06, 2020 - 02:36:08:AM] DEBUG ChunkGenerator:49 - Chunk[0,0,0] blocks generated!
[April 06, 2020 - 02:36:08:AM] DEBUG ChunkGenerator:49 - Chunk[0,0,0] blocks generated!
[April 06, 2020 - 02:36:08:AM] DEBUG ChunkGenerator:49 - Chunk[0,0,0] blocks generated!
[April 06, 2020 - 02:36:08:AM] DEBUG ChunkGenerator:49 - Chunk[0,0,0] blocks generated!
[April 06, 2020 - 02:36:08:AM] DEBUG ChunkGenerator:49 - Chunk[0,0,0] blocks generated!
[April 06, 2020 - 02:36:08:AM] DEBUG ChunkGenerator:49 - Chunk[0,0,0] blocks generated!
[April 06, 2020 - 02:36:08:AM] DEBUG ChunkGenerator:49 - Chunk[0,0,0] blocks generated!
[April 06, 2020 - 02:36:08:AM] DEBUG ChunkGenerator:49 - Chunk[0,0,0] blocks generated!
[April 06, 2020 - 02:36:08:AM] DEBUG ChunkGenerator:49 - Chunk[0,0,0] blocks generated!
[April 06, 2020 - 02:36:08:AM] DEBUG ChunkGenerator:49 - Chunk[0,0,0] blocks generated!
[April 06, 2020 - 02:36:08:AM] DEBUG ChunkGenerator:49 - Chunk[0,0,0] blocks generated!
[April 06, 2020 - 02:36:08:AM] DEBUG ChunkGenerator:49 - Chunk[0,0,0] blocks generated!
[April 06, 2020 - 02:36:08:AM] DEBUG ChunkGenerator:49 - Chunk[0,0,0] blocks generated!
[April 06, 2020 - 02:36:08:AM] DEBUG ChunkGenerator:49 - Chunk[0,0,0] blocks generated!
[April 06, 2020 - 02:36:08:AM] DEBUG ChunkGenerator:49 - Chunk[0,0,0] blocks generated!
[April 06, 2020 - 02:36:08:AM] DEBUG ChunkGenerator:49 - Chunk[0,0,0] blocks generated!
[April 06, 2020 - 02:36:08:AM] DEBUG ChunkGenerator:49 - Chunk[0,0,0] blocks generated!
[April 06, 2020 - 02:36:08:AM] DEBUG ChunkGenerator:49 - Chunk[0,0,0] blocks generated!
[April 06, 2020 - 02:36:08:AM] DEBUG ChunkGenerator:49 - Chunk[0,0,0] blocks generated!
[April 06, 2020 - 02:36:08:AM] DEBUG ChunkGenerator:49 - Chunk[0,0,0] blocks generated!
[April 06, 2020 - 02:36:08:AM] DEBUG ChunkGenerator:49 - Chunk[0,0,0] blocks generated!
[April 06, 2020 - 02:36:08:AM] DEBUG ChunkGenerator:49 - Chunk[0,0,0] blocks generated!
[April 06, 2020 - 02:36:08:AM] DEBUG ChunkGenerator:49 - Chunk[0,0,0] blocks generated!
[April 06, 2020 - 02:36:08:AM] DEBUG ChunkGenerator:49 - Chunk[0,0,0] blocks generated!
[April 06, 2020 - 02:36:08:AM] DEBUG ChunkGenerator:49 - Chunk[0,0,0] blocks generated!
[April 06, 2020 - 02:36:08:AM] DEBUG ChunkGenerator:49 - Chunk[0,0,0] blocks generated!
[April 06, 2020 - 02:36:08:AM] DEBUG ChunkGenerator:49 - Chunk[0,0,0] blocks generated!
[April 06, 2020 - 02:36:08:AM] DEBUG ChunkGenerator:49 - Chunk[0,0,0] blocks generated!
[April 06, 2020 - 02:36:08:AM] DEBUG ChunkGenerator:49 - Chunk[0,0,0] blocks generated!
[April 06, 2020 - 02:36:08:AM] DEBUG ChunkGenerator:49 - Chunk[0,0,0] blocks generated!
[April 06, 2020 - 02:36:08:AM] DEBUG ChunkGenerator:49 - Chunk[0,0,0] blocks generated!
[April 06, 2020 - 02:36:08:AM] DEBUG ChunkGenerator:49 - Chunk[0,0,0] blocks generated!
[April 06, 2020 - 02:36:08:AM] DEBUG ChunkGenerator:49 - Chunk[0,0,0] blocks generated!
[April 06, 2020 - 02:36:08:AM] DEBUG ChunkGenerator:49 - Chunk[0,0,0] blocks generated!
[April 06, 2020 - 02:36:08:AM] DEBUG ChunkGenerator:49 - Chunk[0,0,0] blocks generated!
[April 06, 2020 - 02:36:08:AM] DEBUG ChunkGenerator:49 - Chunk[0,0,0] blocks generated!
[April 06, 2020 - 02:36:08:AM] DEBUG ChunkGenerator:49 - Chunk[0,0,0] blocks generated!
[April 06, 2020 - 02:36:08:AM] DEBUG ChunkGenerator:49 - Chunk[0,0,0] blocks generated!
[April 06, 2020 - 02:36:08:AM] DEBUG ChunkGenerator:49 - Chunk[0,0,0] blocks generated!
[April 06, 2020 - 02:36:08:AM] DEBUG ChunkGenerator:49 - Chunk[0,0,0] blocks generated!
[April 06, 2020 - 02:36:08:AM] DEBUG ChunkGenerator:49 - Chunk[0,0,0] blocks generated!
[April 06, 2020 - 02:36:09:AM] DEBUG ChunkGenerator:49 - Chunk[0,0,0] blocks generated!
[April 06, 2020 - 02:36:09:AM] DEBUG ChunkGenerator:49 - Chunk[0,0,0] blocks generated!
[April 06, 2020 - 02:36:09:AM] DEBUG ChunkGenerator:49 - Chunk[0,0,0] blocks generated!
[April 06, 2020 - 02:36:09:AM] DEBUG ChunkGenerator:49 - Chunk[0,0,0] blocks generated!
[April 06, 2020 - 02:36:09:AM] DEBUG ChunkGenerator:49 - Chunk[0,0,0] blocks generated!
[April 06, 2020 - 02:36:09:AM] DEBUG ChunkGenerator:49 - Chunk[0,0,0] blocks generated!
[April 06, 2020 - 02:36:09:AM] DEBUG ChunkGenerator:49 - Chunk[0,0,0] blocks generated!
[April 06, 2020 - 02:36:09:AM] DEBUG ChunkGenerator:49 - Chunk[0,0,0] blocks generated!
[April 06, 2020 - 02:36:09:AM] DEBUG ChunkGenerator:49 - Chunk[0,0,0] blocks generated!
[April 06, 2020 - 02:36:09:AM] DEBUG ChunkGenerator:49 - Chunk[0,0,0] blocks generated!
[April 06, 2020 - 02:36:09:AM] DEBUG ChunkGenerator:49 - Chunk[0,0,0] blocks generated!
[April 06, 2020 - 02:36:09:AM] DEBUG ChunkGenerator:49 - Chunk[0,0,0] blocks generated!
[April 06, 2020 - 02:36:09:AM] DEBUG ChunkGenerator:49 - Chunk[0,0,0] blocks generated!
[April 06, 2020 - 02:36:09:AM] DEBUG ChunkGenerator:49 - Chunk[0,0,0] blocks generated!
[April 06, 2020 - 02:36:09:AM] DEBUG ChunkGenerator:49 - Chunk[0,0,0] blocks generated!
[April 06, 2020 - 02:36:09:AM] DEBUG ChunkGenerator:49 - Chunk[0,0,0] blocks generated!
[April 06, 2020 - 02:36:09:AM] DEBUG ChunkGenerator:49 - Chunk[0,0,0] blocks generated!
[April 06, 2020 - 02:36:09:AM] DEBUG ChunkGenerator:49 - Chunk[0,0,0] blocks generated!
[April 06, 2020 - 02:36:09:AM] DEBUG ChunkGenerator:49 - Chunk[0,0,0] blocks generated!
[April 06, 2020 - 02:36:09:AM] DEBUG ChunkGenerator:49 - Chunk[0,0,0] blocks generated!
[April 06, 2020 - 02:36:09:AM] DEBUG ChunkGenerator:49 - Chunk[0,0,0] blocks generated!
[April 06, 2020 - 02:36:09:AM] DEBUG ChunkGenerator:49 - Chunk[0,0,0] blocks generated!
[April 06, 2020 - 02:36:09:AM] DEBUG ChunkGenerator:49 - Chunk[0,0,0] blocks generated!
[April 06, 2020 - 02:36:09:AM] DEBUG ChunkGenerator:49 - Chunk[0,0,0] blocks generated!
[April 06, 2020 - 02:36:09:AM] DEBUG ChunkGenerator:49 - Chunk[0,0,0] blocks generated!
[April 06, 2020 - 02:36:09:AM] DEBUG ChunkGenerator:49 - Chunk[0,0,0] blocks generated!
[April 06, 2020 - 02:36:09:AM] DEBUG ChunkGenerator:49 - Chunk[0,0,0] blocks generated!
[April 06, 2020 - 02:36:09:AM] DEBUG ChunkGenerator:49 - Chunk[0,0,0] blocks generated!
[April 06, 2020 - 02:36:09:AM] DEBUG ChunkGenerator:49 - Chunk[0,0,0] blocks generated!
[April 06, 2020 - 02:36:09:AM] DEBUG ChunkGenerator:49 - Chunk[0,0,0] blocks generated!
[April 06, 2020 - 02:36:09:AM] DEBUG ChunkGenerator:49 - Chunk[0,0,0] blocks generated!
[April 06, 2020 - 02:36:09:AM] DEBUG ChunkGenerator:49 - Chunk[0,0,0] blocks generated!
[April 06, 2020 - 02:36:09:AM] DEBUG ChunkGenerator:49 - Chunk[0,0,0] blocks generated!
[April 06, 2020 - 02:36:09:AM] DEBUG ChunkGenerator:49 - Chunk[0,0,0] blocks generated!
[April 06, 2020 - 02:36:09:AM] DEBUG ChunkGenerator:49 - Chunk[0,0,0] blocks generated!
[April 06, 2020 - 02:36:09:AM] DEBUG ChunkGenerator:49 - Chunk[0,0,0] blocks generated!
[April 06, 2020 - 02:36:09:AM] DEBUG ChunkGenerator:49 - Chunk[0,0,0] blocks generated!
[April 06, 2020 - 02:36:09:AM] DEBUG ChunkGenerator:49 - Chunk[0,0,0] blocks generated!
[April 06, 2020 - 02:36:09:AM] DEBUG ChunkGenerator:49 - Chunk[0,0,0] blocks generated!
[April 06, 2020 - 02:36:09:AM] DEBUG ChunkGenerator:49 - Chunk[0,0,0] blocks generated!
[April 06, 2020 - 02:36:09:AM] DEBUG ChunkGenerator:49 - Chunk[0,0,0] blocks generated!
[April 06, 2020 - 02:36:09:AM] DEBUG ChunkGenerator:49 - Chunk[0,0,0] blocks generated!
[April 06, 2020 - 02:36:09:AM] DEBUG ChunkGenerator:49 - Chunk[0,0,0] blocks generated!
[April 06, 2020 - 02:36:09:AM] DEBUG ChunkGenerator:49 - Chunk[0,0,0] blocks generated!
[April 06, 2020 - 02:36:09:AM] DEBUG ChunkGenerator:49 - Chunk[0,0,0] blocks generated!
[April 06, 2020 - 02:36:09:AM] DEBUG ChunkGenerator:49 - Chunk[0,0,0] blocks generated!
[April 06, 2020 - 02:36:09:AM] DEBUG ChunkGenerator:49 - Chunk[0,0,0] blocks generated!
[April 06, 2020 - 02:36:09:AM] DEBUG ChunkGenerator:49 - Chunk[0,0,0] blocks generated!
[April 06, 2020 - 02:36:09:AM] DEBUG ChunkGenerator:49 - Chunk[0,0,0] blocks generated!
[April 06, 2020 - 02:36:09:AM] DEBUG ChunkGenerator:49 - Chunk[0,0,0] blocks generated!
[April 06, 2020 - 02:36:09:AM] DEBUG ChunkGenerator:49 - Chunk[0,0,0] blocks generated!
[April 06, 2020 - 02:36:09:AM] DEBUG ChunkGenerator:49 - Chunk[0,0,0] blocks generated!
[April 06, 2020 - 02:36:09:AM] DEBUG ChunkGenerator:49 - Chunk[0,0,0] blocks generated!
[April 06, 2020 - 02:36:09:AM] DEBUG ChunkGenerator:49 - Chunk[0,0,0] blocks generated!
[April 06, 2020 - 02:36:09:AM] DEBUG ChunkGenerator:49 - Chunk[0,0,0] blocks generated!
[April 06, 2020 - 02:36:09:AM] DEBUG ChunkGenerator:49 - Chunk[0,0,0] blocks generated!
[April 06, 2020 - 02:36:09:AM] DEBUG ChunkGenerator:49 - Chunk[0,0,0] blocks generated!
[April 06, 2020 - 02:36:09:AM] DEBUG ChunkGenerator:49 - Chunk[0,0,0] blocks generated!
[April 06, 2020 - 02:36:09:AM] DEBUG ChunkGenerator:49 - Chunk[0,0,0] blocks generated!
[April 06, 2020 - 02:36:09:AM] DEBUG ChunkGenerator:49 - Chunk[0,0,0] blocks generated!
[April 06, 2020 - 02:36:10:AM] DEBUG ChunkGenerator:49 - Chunk[0,0,0] blocks generated!
[April 06, 2020 - 02:36:10:AM] DEBUG ChunkGenerator:49 - Chunk[0,0,0] blocks generated!
[April 06, 2020 - 02:36:10:AM] DEBUG ChunkGenerator:49 - Chunk[0,0,0] blocks generated!
[April 06, 2020 - 02:36:10:AM] DEBUG ChunkGenerator:49 - Chunk[0,0,0] blocks generated!
[April 06, 2020 - 02:36:10:AM] DEBUG ChunkGenerator:49 - Chunk[0,0,0] blocks generated!
[April 06, 2020 - 02:36:10:AM] DEBUG ChunkGenerator:49 - Chunk[0,0,0] blocks generated!
[April 06, 2020 - 02:36:10:AM] DEBUG ChunkGenerator:49 - Chunk[0,0,0] blocks generated!
[April 06, 2020 - 02:36:10:AM] DEBUG ChunkGenerator:49 - Chunk[0,0,0] blocks generated!
[April 06, 2020 - 02:36:10:AM] DEBUG ChunkGenerator:49 - Chunk[0,0,0] blocks generated!
[April 06, 2020 - 02:36:10:AM] DEBUG ChunkGenerator:49 - Chunk[0,0,0] blocks generated!
[April 06, 2020 - 02:36:10:AM] DEBUG ChunkGenerator:49 - Chunk[0,0,0] blocks generated!
[April 06, 2020 - 02:36:10:AM] DEBUG ChunkGenerator:49 - Chunk[0,0,0] blocks generated!
[April 06, 2020 - 02:36:10:AM] DEBUG ChunkGenerator:49 - Chunk[0,0,0] blocks generated!
[April 06, 2020 - 02:36:10:AM] DEBUG ChunkGenerator:49 - Chunk[0,0,0] blocks generated!
[April 06, 2020 - 02:36:10:AM] DEBUG ChunkGenerator:49 - Chunk[0,0,0] blocks generated!
[April 06, 2020 - 02:36:10:AM] DEBUG ChunkGenerator:49 - Chunk[0,0,0] blocks generated!
[April 06, 2020 - 02:36:10:AM] DEBUG ChunkGenerator:49 - Chunk[0,0,0] blocks generated!
[April 06, 2020 - 02:36:10:AM] DEBUG ChunkGenerator:49 - Chunk[0,0,0] blocks generated!
[April 06, 2020 - 02:36:10:AM] DEBUG ChunkGenerator:49 - Chunk[0,0,0] blocks generated!
[April 06, 2020 - 02:36:10:AM] DEBUG ChunkGenerator:49 - Chunk[0,0,0] blocks generated!
[April 06, 2020 - 02:36:10:AM] DEBUG ChunkGenerator:49 - Chunk[0,0,0] blocks generated!
[April 06, 2020 - 02:36:10:AM] DEBUG ChunkGenerator:49 - Chunk[0,0,0] blocks generated!
[April 06, 2020 - 02:36:10:AM] DEBUG ChunkGenerator:49 - Chunk[0,0,0] blocks generated!
[April 06, 2020 - 02:36:10:AM] DEBUG ChunkGenerator:49 - Chunk[0,0,0] blocks generated!
[April 06, 2020 - 02:36:10:AM] DEBUG ChunkGenerator:49 - Chunk[0,0,0] blocks generated!
[April 06, 2020 - 02:36:10:AM] DEBUG ChunkGenerator:49 - Chunk[0,0,0] blocks generated!
[April 06, 2020 - 02:36:10:AM] DEBUG ChunkGenerator:49 - Chunk[0,0,0] blocks generated!
[April 06, 2020 - 02:36:10:AM] DEBUG ChunkGenerator:49 - Chunk[0,0,0] blocks generated!
[April 06, 2020 - 02:36:10:AM] DEBUG ChunkGenerator:49 - Chunk[0,0,0] blocks generated!
[April 06, 2020 - 02:36:10:AM] DEBUG ChunkGenerator:49 - Chunk[0,0,0] blocks generated!
[April 06, 2020 - 02:36:10:AM] DEBUG ChunkGenerator:49 - Chunk[0,0,0] blocks generated!
[April 06, 2020 - 02:36:10:AM] DEBUG ChunkGenerator:49 - Chunk[0,0,0] blocks generated!
[April 06, 2020 - 02:36:10:AM] DEBUG ChunkGenerator:49 - Chunk[0,0,0] blocks generated!
[April 06, 2020 - 02:36:10:AM] DEBUG ChunkGenerator:49 - Chunk[0,0,0] blocks generated!
[April 06, 2020 - 02:36:10:AM] DEBUG ChunkGenerator:49 - Chunk[0,0,0] blocks generated!
[April 06, 2020 - 02:36:10:AM] DEBUG ChunkGenerator:49 - Chunk[0,0,0] blocks generated!
[April 06, 2020 - 02:36:10:AM] DEBUG ChunkGenerator:49 - Chunk[0,0,0] blocks generated!
[April 06, 2020 - 02:36:10:AM] DEBUG ChunkGenerator:49 - Chunk[0,0,0] blocks generated!
[April 06, 2020 - 02:36:10:AM] DEBUG ChunkGenerator:49 - Chunk[0,0,0] blocks generated!
[April 06, 2020 - 02:36:10:AM] DEBUG ChunkGenerator:49 - Chunk[0,0,0] blocks generated!
[April 06, 2020 - 02:36:10:AM] DEBUG ChunkGenerator:49 - Chunk[0,0,0] blocks generated!
[April 06, 2020 - 02:36:10:AM] DEBUG ChunkGenerator:49 - Chunk[0,0,0] blocks generated!
[April 06, 2020 - 02:36:10:AM] DEBUG ChunkGenerator:49 - Chunk[0,0,0] blocks generated!
[April 06, 2020 - 02:36:10:AM] DEBUG ChunkGenerator:49 - Chunk[0,0,0] blocks generated!
[April 06, 2020 - 02:36:10:AM] DEBUG ChunkGenerator:49 - Chunk[0,0,0] blocks generated!
[April 06, 2020 - 02:36:10:AM] DEBUG ChunkGenerator:49 - Chunk[0,0,0] blocks generated!
[April 06, 2020 - 02:36:10:AM] DEBUG ChunkGenerator:49 - Chunk[0,0,0] blocks generated!
[April 06, 2020 - 02:36:10:AM] DEBUG ChunkGenerator:49 - Chunk[0,0,0] blocks generated!
[April 06, 2020 - 02:36:10:AM] DEBUG ChunkGenerator:49 - Chunk[0,0,0] blocks generated!
[April 06, 2020 - 02:36:10:AM] DEBUG ChunkGenerator:49 - Chunk[0,0,0] blocks generated!
[April 06, 2020 - 02:36:10:AM] DEBUG ChunkGenerator:49 - Chunk[0,0,0] blocks generated!
[April 06, 2020 - 02:36:10:AM] DEBUG ChunkGenerator:49 - Chunk[0,0,0] blocks generated!
[April 06, 2020 - 02:36:10:AM] DEBUG ChunkGenerator:49 - Chunk[0,0,0] blocks generated!
[April 06, 2020 - 02:36:10:AM] DEBUG ChunkGenerator:49 - Chunk[0,0,0] blocks generated!
[April 06, 2020 - 02:36:10:AM] DEBUG ChunkGenerator:49 - Chunk[0,0,0] blocks generated!
[April 06, 2020 - 02:36:10:AM] DEBUG ChunkGenerator:49 - Chunk[0,0,0] blocks generated!
[April 06, 2020 - 02:36:10:AM] DEBUG ChunkGenerator:49 - Chunk[0,0,0] blocks generated!
[April 06, 2020 - 02:36:10:AM] DEBUG ChunkGenerator:49 - Chunk[0,0,0] blocks generated!
[April 06, 2020 - 02:36:10:AM] DEBUG ChunkGenerator:49 - Chunk[0,0,0] blocks generated!
[April 06, 2020 - 02:36:10:AM] DEBUG ChunkGenerator:49 - Chunk[0,0,0] blocks generated!
[April 06, 2020 - 02:36:11:AM] DEBUG ChunkGenerator:49 - Chunk[0,0,0] blocks generated!
[April 06, 2020 - 02:36:11:AM] DEBUG ChunkGenerator:49 - Chunk[0,0,0] blocks generated!
[April 06, 2020 - 02:36:11:AM] DEBUG ChunkGenerator:49 - Chunk[0,0,0] blocks generated!
[April 06, 2020 - 02:36:11:AM] DEBUG ChunkGenerator:49 - Chunk[0,0,0] blocks generated!
[April 06, 2020 - 02:36:11:AM] DEBUG ChunkGenerator:49 - Chunk[0,0,0] blocks generated!
[April 06, 2020 - 02:36:11:AM] DEBUG ChunkGenerator:49 - Chunk[0,0,0] blocks generated!
[April 06, 2020 - 02:36:11:AM] DEBUG ChunkGenerator:49 - Chunk[0,0,0] blocks generated!
[April 06, 2020 - 02:36:11:AM] DEBUG ChunkGenerator:49 - Chunk[0,0,0] blocks generated!
[April 06, 2020 - 02:36:11:AM] DEBUG ChunkGenerator:49 - Chunk[0,0,0] blocks generated!
[April 06, 2020 - 02:36:11:AM] DEBUG ChunkGenerator:49 - Chunk[0,0,0] blocks generated!
[April 06, 2020 - 02:36:11:AM] DEBUG ChunkGenerator:49 - Chunk[0,0,0] blocks generated!
[April 06, 2020 - 02:36:11:AM] DEBUG ChunkGenerator:49 - Chunk[0,0,0] blocks generated!
[April 06, 2020 - 02:36:11:AM] DEBUG ChunkGenerator:49 - Chunk[0,0,0] blocks generated!
[April 06, 2020 - 02:36:11:AM] DEBUG ChunkGenerator:49 - Chunk[0,0,0] blocks generated!
[April 06, 2020 - 02:36:11:AM] DEBUG ChunkGenerator:49 - Chunk[0,0,0] blocks generated!
[April 06, 2020 - 02:36:11:AM] DEBUG ChunkGenerator:49 - Chunk[0,0,0] blocks generated!
[April 06, 2020 - 02:36:11:AM] DEBUG ChunkGenerator:49 - Chunk[0,0,0] blocks generated!
[April 06, 2020 - 02:36:11:AM] DEBUG ChunkGenerator:49 - Chunk[0,0,0] blocks generated!
[April 06, 2020 - 02:36:11:AM] DEBUG ChunkGenerator:49 - Chunk[0,0,0] blocks generated!
[April 06, 2020 - 02:36:11:AM] DEBUG ChunkGenerator:49 - Chunk[0,0,0] blocks generated!
[April 06, 2020 - 02:36:11:AM] DEBUG ChunkGenerator:49 - Chunk[0,0,0] blocks generated!
[April 06, 2020 - 02:36:11:AM] DEBUG ChunkGenerator:49 - Chunk[0,0,0] blocks generated!
[April 06, 2020 - 02:36:11:AM] DEBUG ChunkGenerator:49 - Chunk[0,0,0] blocks generated!
[April 06, 2020 - 02:36:11:AM] DEBUG ChunkGenerator:49 - Chunk[0,0,0] blocks generated!
[April 06, 2020 - 02:36:11:AM] DEBUG ChunkGenerator:49 - Chunk[0,0,0] blocks generated!
[April 06, 2020 - 02:36:11:AM] DEBUG ChunkGenerator:49 - Chunk[0,0,0] blocks generated!
[April 06, 2020 - 02:36:11:AM] DEBUG ChunkGenerator:49 - Chunk[0,0,0] blocks generated!
[April 06, 2020 - 02:36:11:AM] DEBUG ChunkGenerator:49 - Chunk[0,0,0] blocks generated!
[April 06, 2020 - 02:36:11:AM] DEBUG ChunkGenerator:49 - Chunk[0,0,0] blocks generated!
[April 06, 2020 - 02:36:11:AM] DEBUG ChunkGenerator:49 - Chunk[0,0,0] blocks generated!
[April 06, 2020 - 02:36:11:AM] DEBUG ChunkGenerator:49 - Chunk[0,0,0] blocks generated!
[April 06, 2020 - 02:36:11:AM] DEBUG ChunkGenerator:49 - Chunk[0,0,0] blocks generated!
[April 06, 2020 - 02:36:11:AM] DEBUG ChunkGenerator:49 - Chunk[0,0,0] blocks generated!
[April 06, 2020 - 02:36:11:AM] DEBUG ChunkGenerator:49 - Chunk[0,0,0] blocks generated!
[April 06, 2020 - 02:36:11:AM] DEBUG ChunkGenerator:49 - Chunk[0,0,0] blocks generated!
[April 06, 2020 - 02:36:11:AM] DEBUG ChunkGenerator:49 - Chunk[0,0,0] blocks generated!
[April 06, 2020 - 02:36:11:AM] DEBUG ChunkGenerator:49 - Chunk[0,0,0] blocks generated!
[April 06, 2020 - 02:36:11:AM] DEBUG ChunkGenerator:49 - Chunk[0,0,0] blocks generated!
[April 06, 2020 - 02:36:11:AM] DEBUG ChunkGenerator:49 - Chunk[0,0,0] blocks generated!
[April 06, 2020 - 02:36:11:AM] DEBUG ChunkGenerator:49 - Chunk[0,0,0] blocks generated!
[April 06, 2020 - 02:36:11:AM] DEBUG ChunkGenerator:49 - Chunk[0,0,0] blocks generated!
[April 06, 2020 - 02:36:11:AM] DEBUG ChunkGenerator:49 - Chunk[0,0,0] blocks generated!
[April 06, 2020 - 02:36:11:AM] DEBUG ChunkGenerator:49 - Chunk[0,0,0] blocks generated!
[April 06, 2020 - 02:36:11:AM] DEBUG ChunkGenerator:49 - Chunk[0,0,0] blocks generated!
[April 06, 2020 - 02:36:11:AM] DEBUG ChunkGenerator:49 - Chunk[0,0,0] blocks generated!
[April 06, 2020 - 02:36:11:AM] DEBUG ChunkGenerator:49 - Chunk[0,0,0] blocks generated!
[April 06, 2020 - 02:36:11:AM] DEBUG ChunkGenerator:49 - Chunk[0,0,0] blocks generated!
[April 06, 2020 - 02:36:11:AM] DEBUG ChunkGenerator:49 - Chunk[0,0,0] blocks generated!
[April 06, 2020 - 02:36:11:AM] DEBUG ChunkGenerator:49 - Chunk[0,0,0] blocks generated!
[April 06, 2020 - 02:36:11:AM] DEBUG ChunkGenerator:49 - Chunk[0,0,0] blocks generated!
[April 06, 2020 - 02:36:11:AM] DEBUG ChunkGenerator:49 - Chunk[0,0,0] blocks generated!
[April 06, 2020 - 02:36:11:AM] DEBUG ChunkGenerator:49 - Chunk[0,0,0] blocks generated!
[April 06, 2020 - 02:36:11:AM] DEBUG ChunkGenerator:49 - Chunk[0,0,0] blocks generated!
[April 06, 2020 - 02:36:11:AM] DEBUG ChunkGenerator:49 - Chunk[0,0,0] blocks generated!
[April 06, 2020 - 02:36:11:AM] DEBUG ChunkGenerator:49 - Chunk[0,0,0] blocks generated!
[April 06, 2020 - 02:36:11:AM] DEBUG ChunkGenerator:49 - Chunk[0,0,0] blocks generated!
[April 06, 2020 - 02:36:11:AM] DEBUG ChunkGenerator:49 - Chunk[0,0,0] blocks generated!
[April 06, 2020 - 02:36:11:AM] DEBUG ChunkGenerator:49 - Chunk[0,0,0] blocks generated!
[April 06, 2020 - 02:36:11:AM] DEBUG ChunkGenerator:49 - Chunk[0,0,0] blocks generated!
[April 06, 2020 - 02:36:11:AM] DEBUG ChunkGenerator:49 - Chunk[0,0,0] blocks generated!
[April 06, 2020 - 02:36:12:AM] DEBUG ChunkGenerator:49 - Chunk[0,0,0] blocks generated!
[April 06, 2020 - 02:36:12:AM] DEBUG ChunkGenerator:49 - Chunk[0,0,0] blocks generated!
[April 06, 2020 - 02:36:12:AM] DEBUG ChunkGenerator:49 - Chunk[0,0,0] blocks generated!
[April 06, 2020 - 02:36:12:AM] DEBUG ChunkGenerator:49 - Chunk[0,0,0] blocks generated!
[April 06, 2020 - 02:36:12:AM] DEBUG ChunkGenerator:49 - Chunk[0,0,0] blocks generated!
[April 06, 2020 - 02:36:12:AM] DEBUG ChunkGenerator:49 - Chunk[0,0,0] blocks generated!
[April 06, 2020 - 02:36:12:AM] DEBUG ChunkGenerator:49 - Chunk[0,0,0] blocks generated!
[April 06, 2020 - 02:36:12:AM] DEBUG ChunkGenerator:49 - Chunk[0,0,0] blocks generated!
[April 06, 2020 - 02:36:12:AM] DEBUG ChunkGenerator:49 - Chunk[0,0,0] blocks generated!
[April 06, 2020 - 02:36:12:AM] DEBUG ChunkGenerator:49 - Chunk[0,0,0] blocks generated!
[April 06, 2020 - 02:36:12:AM] DEBUG ChunkGenerator:49 - Chunk[0,0,0] blocks generated!
[April 06, 2020 - 02:36:12:AM] DEBUG ChunkGenerator:49 - Chunk[0,0,0] blocks generated!
[April 06, 2020 - 02:36:12:AM] DEBUG ChunkGenerator:49 - Chunk[0,0,0] blocks generated!
[April 06, 2020 - 02:36:12:AM] DEBUG ChunkGenerator:49 - Chunk[0,0,0] blocks generated!
[April 06, 2020 - 02:36:12:AM] DEBUG ChunkGenerator:49 - Chunk[0,0,0] blocks generated!
[April 06, 2020 - 02:36:12:AM] DEBUG ChunkGenerator:49 - Chunk[0,0,0] blocks generated!
[April 06, 2020 - 02:36:12:AM] DEBUG ChunkGenerator:49 - Chunk[0,0,0] blocks generated!
[April 06, 2020 - 02:36:12:AM] DEBUG ChunkGenerator:49 - Chunk[0,0,0] blocks generated!
[April 06, 2020 - 02:36:12:AM] DEBUG ChunkGenerator:49 - Chunk[0,0,0] blocks generated!
[April 06, 2020 - 02:36:12:AM] DEBUG ChunkGenerator:49 - Chunk[0,0,0] blocks generated!
[April 06, 2020 - 02:36:12:AM] DEBUG ChunkGenerator:49 - Chunk[0,0,0] blocks generated!
[April 06, 2020 - 02:36:12:AM] DEBUG ChunkGenerator:49 - Chunk[0,0,0] blocks generated!
[April 06, 2020 - 02:36:12:AM] DEBUG ChunkGenerator:49 - Chunk[0,0,0] blocks generated!
[April 06, 2020 - 02:36:12:AM] DEBUG ChunkGenerator:49 - Chunk[0,0,0] blocks generated!
[April 06, 2020 - 02:36:12:AM] DEBUG ChunkGenerator:49 - Chunk[0,0,0] blocks generated!
[April 06, 2020 - 02:36:12:AM] DEBUG ChunkGenerator:49 - Chunk[0,0,0] blocks generated!
[April 06, 2020 - 02:36:12:AM] DEBUG ChunkGenerator:49 - Chunk[0,0,0] blocks generated!
[April 06, 2020 - 02:36:12:AM] DEBUG ChunkGenerator:49 - Chunk[0,0,0] blocks generated!
[April 06, 2020 - 02:36:12:AM] DEBUG ChunkGenerator:49 - Chunk[0,0,0] blocks generated!
[April 06, 2020 - 02:36:12:AM] DEBUG ChunkGenerator:49 - Chunk[0,0,0] blocks generated!
[April 06, 2020 - 02:36:12:AM] DEBUG ChunkGenerator:49 - Chunk[0,0,0] blocks generated!
[April 06, 2020 - 02:36:12:AM] DEBUG ChunkGenerator:49 - Chunk[0,0,0] blocks generated!
[April 06, 2020 - 02:36:12:AM] DEBUG ChunkGenerator:49 - Chunk[0,0,0] blocks generated!
[April 06, 2020 - 02:36:12:AM] DEBUG ChunkGenerator:49 - Chunk[0,0,0] blocks generated!
[April 06, 2020 - 02:36:12:AM] DEBUG ChunkGenerator:49 - Chunk[0,0,0] blocks generated!
[April 06, 2020 - 02:36:12:AM] DEBUG ChunkGenerator:49 - Chunk[0,0,0] blocks generated!
[April 06, 2020 - 02:36:12:AM] DEBUG ChunkGenerator:49 - Chunk[0,0,0] blocks generated!
[April 06, 2020 - 02:36:12:AM] DEBUG ChunkGenerator:49 - Chunk[0,0,0] blocks generated!
[April 06, 2020 - 02:36:12:AM] DEBUG ChunkGenerator:49 - Chunk[0,0,0] blocks generated!
[April 06, 2020 - 02:36:12:AM] DEBUG ChunkGenerator:49 - Chunk[0,0,0] blocks generated!
[April 06, 2020 - 02:36:12:AM] DEBUG ChunkGenerator:49 - Chunk[0,0,0] blocks generated!
[April 06, 2020 - 02:36:12:AM] DEBUG ChunkGenerator:49 - Chunk[0,0,0] blocks generated!
[April 06, 2020 - 02:36:12:AM] DEBUG ChunkGenerator:49 - Chunk[0,0,0] blocks generated!
[April 06, 2020 - 02:36:12:AM] DEBUG ChunkGenerator:49 - Chunk[0,0,0] blocks generated!
[April 06, 2020 - 02:36:12:AM] DEBUG ChunkGenerator:49 - Chunk[0,0,0] blocks generated!
[April 06, 2020 - 02:36:12:AM] DEBUG ChunkGenerator:49 - Chunk[0,0,0] blocks generated!
[April 06, 2020 - 02:36:12:AM] DEBUG ChunkGenerator:49 - Chunk[0,0,0] blocks generated!
[April 06, 2020 - 02:36:12:AM] DEBUG ChunkGenerator:49 - Chunk[0,0,0] blocks generated!
[April 06, 2020 - 02:36:12:AM] DEBUG ChunkGenerator:49 - Chunk[0,0,0] blocks generated!
[April 06, 2020 - 02:36:12:AM] DEBUG ChunkGenerator:49 - Chunk[0,0,0] blocks generated!
[April 06, 2020 - 02:36:12:AM] DEBUG ChunkGenerator:49 - Chunk[0,0,0] blocks generated!
[April 06, 2020 - 02:36:12:AM] DEBUG ChunkGenerator:49 - Chunk[0,0,0] blocks generated!
[April 06, 2020 - 02:36:12:AM] DEBUG ChunkGenerator:49 - Chunk[0,0,0] blocks generated!
[April 06, 2020 - 02:36:12:AM] DEBUG ChunkGenerator:49 - Chunk[0,0,0] blocks generated!
[April 06, 2020 - 02:36:12:AM] DEBUG ChunkGenerator:49 - Chunk[0,0,0] blocks generated!
[April 06, 2020 - 02:36:12:AM] DEBUG ChunkGenerator:49 - Chunk[0,0,0] blocks generated!
[April 06, 2020 - 02:36:12:AM] DEBUG ChunkGenerator:49 - Chunk[0,0,0] blocks generated!
[April 06, 2020 - 02:36:12:AM] DEBUG ChunkGenerator:49 - Chunk[0,0,0] blocks generated!
[April 06, 2020 - 02:36:12:AM] DEBUG ChunkGenerator:49 - Chunk[0,0,0] blocks generated!
[April 06, 2020 - 02:36:12:AM] DEBUG ChunkGenerator:49 - Chunk[0,0,0] blocks generated!
[April 06, 2020 - 02:36:13:AM] DEBUG ChunkGenerator:49 - Chunk[0,0,0] blocks generated!
[April 06, 2020 - 02:36:13:AM] DEBUG ChunkGenerator:49 - Chunk[0,0,0] blocks generated!
[April 06, 2020 - 02:36:13:AM] DEBUG ChunkGenerator:49 - Chunk[0,0,0] blocks generated!
[April 06, 2020 - 02:36:13:AM] DEBUG ChunkGenerator:49 - Chunk[0,0,0] blocks generated!
[April 06, 2020 - 02:36:13:AM] DEBUG ChunkGenerator:49 - Chunk[0,0,0] blocks generated!
[April 06, 2020 - 02:36:13:AM] DEBUG ChunkGenerator:49 - Chunk[0,0,0] blocks generated!
[April 06, 2020 - 02:36:13:AM] DEBUG ChunkGenerator:49 - Chunk[0,0,0] blocks generated!
[April 06, 2020 - 02:36:13:AM] DEBUG ChunkGenerator:49 - Chunk[0,0,0] blocks generated!
[April 06, 2020 - 02:36:13:AM] DEBUG ChunkGenerator:49 - Chunk[0,0,0] blocks generated!
[April 06, 2020 - 02:36:13:AM] DEBUG ChunkGenerator:49 - Chunk[0,0,0] blocks generated!
[April 06, 2020 - 02:36:13:AM] DEBUG ChunkGenerator:49 - Chunk[0,0,0] blocks generated!
[April 06, 2020 - 02:36:13:AM] DEBUG ChunkGenerator:49 - Chunk[0,0,0] blocks generated!
[April 06, 2020 - 02:36:13:AM] DEBUG ChunkGenerator:49 - Chunk[0,0,0] blocks generated!
[April 06, 2020 - 02:36:13:AM] DEBUG ChunkGenerator:49 - Chunk[0,0,0] blocks generated!
[April 06, 2020 - 02:36:13:AM] DEBUG ChunkGenerator:49 - Chunk[0,0,0] blocks generated!
[April 06, 2020 - 02:36:13:AM] DEBUG ChunkGenerator:49 - Chunk[0,0,0] blocks generated!
[April 06, 2020 - 02:36:13:AM] DEBUG ChunkGenerator:49 - Chunk[0,0,0] blocks generated!
[April 06, 2020 - 02:36:13:AM] DEBUG ChunkGenerator:49 - Chunk[0,0,0] blocks generated!
[April 06, 2020 - 02:36:13:AM] DEBUG ChunkGenerator:49 - Chunk[0,0,0] blocks generated!
[April 06, 2020 - 02:36:13:AM] DEBUG ChunkGenerator:49 - Chunk[0,0,0] blocks generated!
[April 06, 2020 - 02:36:13:AM] DEBUG ChunkGenerator:49 - Chunk[0,0,0] blocks generated!
[April 06, 2020 - 02:36:13:AM] DEBUG ChunkGenerator:49 - Chunk[0,0,0] blocks generated!
[April 06, 2020 - 02:36:13:AM] DEBUG ChunkGenerator:49 - Chunk[0,0,0] blocks generated!
[April 06, 2020 - 02:36:13:AM] DEBUG ChunkGenerator:49 - Chunk[0,0,0] blocks generated!
[April 06, 2020 - 02:36:13:AM] DEBUG ChunkGenerator:49 - Chunk[0,0,0] blocks generated!
[April 06, 2020 - 02:36:13:AM] DEBUG ChunkGenerator:49 - Chunk[0,0,0] blocks generated!
[April 06, 2020 - 02:36:13:AM] DEBUG ChunkGenerator:49 - Chunk[0,0,0] blocks generated!
[April 06, 2020 - 02:36:13:AM] DEBUG ChunkGenerator:49 - Chunk[0,0,0] blocks generated!
[April 06, 2020 - 02:36:13:AM] DEBUG ChunkGenerator:49 - Chunk[0,0,0] blocks generated!
[April 06, 2020 - 02:36:13:AM] DEBUG ChunkGenerator:49 - Chunk[0,0,0] blocks generated!
[April 06, 2020 - 02:36:13:AM] DEBUG ChunkGenerator:49 - Chunk[0,0,0] blocks generated!
[April 06, 2020 - 02:36:13:AM] DEBUG ChunkGenerator:49 - Chunk[0,0,0] blocks generated!
[April 06, 2020 - 02:36:13:AM] DEBUG ChunkGenerator:49 - Chunk[0,0,0] blocks generated!
[April 06, 2020 - 02:36:13:AM] DEBUG ChunkGenerator:49 - Chunk[0,0,0] blocks generated!
[April 06, 2020 - 02:36:13:AM] DEBUG ChunkGenerator:49 - Chunk[0,0,0] blocks generated!
[April 06, 2020 - 02:36:13:AM] DEBUG ChunkGenerator:49 - Chunk[0,0,0] blocks generated!
[April 06, 2020 - 02:36:13:AM] DEBUG ChunkGenerator:49 - Chunk[0,0,0] blocks generated!
[April 06, 2020 - 02:36:13:AM] DEBUG ChunkGenerator:49 - Chunk[0,0,0] blocks generated!
[April 06, 2020 - 02:36:13:AM] DEBUG ChunkGenerator:49 - Chunk[0,0,0] blocks generated!
[April 06, 2020 - 02:36:13:AM] DEBUG ChunkGenerator:49 - Chunk[0,0,0] blocks generated!
[April 06, 2020 - 02:36:13:AM] DEBUG ChunkGenerator:49 - Chunk[0,0,0] blocks generated!
[April 06, 2020 - 02:36:13:AM] DEBUG ChunkGenerator:49 - Chunk[0,0,0] blocks generated!
[April 06, 2020 - 02:36:13:AM] DEBUG ChunkGenerator:49 - Chunk[0,0,0] blocks generated!
[April 06, 2020 - 02:36:13:AM] DEBUG ChunkGenerator:49 - Chunk[0,0,0] blocks generated!
[April 06, 2020 - 02:36:13:AM] DEBUG ChunkGenerator:49 - Chunk[0,0,0] blocks generated!
[April 06, 2020 - 02:36:13:AM] DEBUG ChunkGenerator:49 - Chunk[0,0,0] blocks generated!
[April 06, 2020 - 02:36:13:AM] DEBUG ChunkGenerator:49 - Chunk[0,0,0] blocks generated!
[April 06, 2020 - 02:36:13:AM] DEBUG ChunkGenerator:49 - Chunk[0,0,0] blocks generated!
[April 06, 2020 - 02:36:13:AM] DEBUG ChunkGenerator:49 - Chunk[0,0,0] blocks generated!
[April 06, 2020 - 02:36:13:AM] DEBUG ChunkGenerator:49 - Chunk[0,0,0] blocks generated!
[April 06, 2020 - 02:36:13:AM] DEBUG ChunkGenerator:49 - Chunk[0,0,0] blocks generated!
[April 06, 2020 - 02:36:13:AM] DEBUG ChunkGenerator:49 - Chunk[0,0,0] blocks generated!
[April 06, 2020 - 02:36:13:AM] DEBUG ChunkGenerator:49 - Chunk[0,0,0] blocks generated!
[April 06, 2020 - 02:36:13:AM] DEBUG ChunkGenerator:49 - Chunk[0,0,0] blocks generated!
[April 06, 2020 - 02:36:13:AM] DEBUG ChunkGenerator:49 - Chunk[0,0,0] blocks generated!
[April 06, 2020 - 02:36:13:AM] DEBUG ChunkGenerator:49 - Chunk[0,0,0] blocks generated!
[April 06, 2020 - 02:36:13:AM] DEBUG ChunkGenerator:49 - Chunk[0,0,0] blocks generated!
[April 06, 2020 - 02:36:13:AM] DEBUG ChunkGenerator:49 - Chunk[0,0,0] blocks generated!
[April 06, 2020 - 02:36:13:AM] DEBUG ChunkGenerator:49 - Chunk[0,0,0] blocks generated!
[April 06, 2020 - 02:36:13:AM] DEBUG ChunkGenerator:49 - Chunk[0,0,0] blocks generated!
[April 06, 2020 - 02:36:14:AM] DEBUG ChunkGenerator:49 - Chunk[0,0,0] blocks generated!
