[April 06, 2020 - 03:09:06:PM] DEBUG GameRunner:82 - Found entity system 'com.jgfx.chunk.systems.ChunkMeshBuilder'.
[April 06, 2020 - 03:09:06:PM] DEBUG GameRunner:82 - Found entity system 'com.jgfx.chunk.systems.ChunkGenerator'.
[April 06, 2020 - 03:09:06:PM] DEBUG GameRunner:82 - Found entity system 'com.jgfx.chunk.systems.ChunkNeighborBuilder'.
[April 06, 2020 - 03:09:06:PM] DEBUG GameRunner:82 - Found entity system 'com.jgfx.chunk.systems.ChunkRenderer'.
[April 06, 2020 - 03:09:06:PM] DEBUG GameRunner:82 - Found entity system 'com.jgfx.chunk.systems.ChunkManager'.
[April 06, 2020 - 03:09:06:PM] DEBUG GameRunner:82 - Found entity system 'com.jgfx.chunk.systems.ChunkSynthesizer'.
[April 06, 2020 - 03:09:06:PM] DEBUG GameRunner:82 - Found entity system 'com.jgfx.player.systems.SimplePlayerMove'.
[April 06, 2020 - 03:09:06:PM] DEBUG GameRunner:124 - Successfully instantiated entity system 'com.jgfx.chunk.systems.ChunkNeighborBuilder'.
[April 06, 2020 - 03:09:06:PM] DEBUG GameRunner:124 - Successfully instantiated entity system 'com.jgfx.chunk.systems.ChunkSynthesizer'.
[April 06, 2020 - 03:09:06:PM] DEBUG GameRunner:124 - Successfully instantiated entity system 'com.jgfx.chunk.systems.ChunkMeshBuilder'.
[April 06, 2020 - 03:09:06:PM] DEBUG GameRunner:124 - Successfully instantiated entity system 'com.jgfx.player.systems.SimplePlayerMove'.
[April 06, 2020 - 03:09:06:PM] DEBUG GameRunner:124 - Successfully instantiated entity system 'com.jgfx.chunk.systems.ChunkRenderer'.
[April 06, 2020 - 03:09:06:PM] DEBUG GameRunner:124 - Successfully instantiated entity system 'com.jgfx.chunk.systems.ChunkGenerator'.
[April 06, 2020 - 03:09:06:PM] DEBUG GameRunner:124 - Successfully instantiated entity system 'com.jgfx.chunk.systems.ChunkManager'.
[April 06, 2020 - 03:09:06:PM] INFO GameEngine:216 - Status -> Preparing Subsystems...
[April 06, 2020 - 03:09:06:PM] INFO GameEngine:216 - Status -> Pre-initialising graphics subsystem
[April 06, 2020 - 03:09:06:PM] INFO GameEngine:216 - Status -> Pre-initialising input subsystem
[April 06, 2020 - 03:09:06:PM] INFO GameEngine:216 - Status -> Beginning load process: 'Loading assets'.
[April 06, 2020 - 03:09:13:PM] DEBUG GameRunner:82 - Found entity system 'com.jgfx.chunk.systems.ChunkMeshBuilder'.
[April 06, 2020 - 03:09:13:PM] DEBUG GameRunner:82 - Found entity system 'com.jgfx.chunk.systems.ChunkGenerator'.
[April 06, 2020 - 03:09:13:PM] DEBUG GameRunner:82 - Found entity system 'com.jgfx.chunk.systems.ChunkNeighborBuilder'.
[April 06, 2020 - 03:09:13:PM] DEBUG GameRunner:82 - Found entity system 'com.jgfx.chunk.systems.ChunkRenderer'.
[April 06, 2020 - 03:09:13:PM] DEBUG GameRunner:82 - Found entity system 'com.jgfx.chunk.systems.ChunkManager'.
[April 06, 2020 - 03:09:13:PM] DEBUG GameRunner:82 - Found entity system 'com.jgfx.chunk.systems.ChunkSynthesizer'.
[April 06, 2020 - 03:09:13:PM] DEBUG GameRunner:82 - Found entity system 'com.jgfx.player.systems.SimplePlayerMove'.
[April 06, 2020 - 03:09:13:PM] DEBUG GameRunner:124 - Successfully instantiated entity system 'com.jgfx.chunk.systems.ChunkNeighborBuilder'.
[April 06, 2020 - 03:09:13:PM] DEBUG GameRunner:124 - Successfully instantiated entity system 'com.jgfx.chunk.systems.ChunkSynthesizer'.
[April 06, 2020 - 03:09:13:PM] DEBUG GameRunner:124 - Successfully instantiated entity system 'com.jgfx.chunk.systems.ChunkMeshBuilder'.
[April 06, 2020 - 03:09:13:PM] DEBUG GameRunner:124 - Successfully instantiated entity system 'com.jgfx.player.systems.SimplePlayerMove'.
[April 06, 2020 - 03:09:13:PM] DEBUG GameRunner:124 - Successfully instantiated entity system 'com.jgfx.chunk.systems.ChunkRenderer'.
[April 06, 2020 - 03:09:13:PM] DEBUG GameRunner:124 - Successfully instantiated entity system 'com.jgfx.chunk.systems.ChunkGenerator'.
[April 06, 2020 - 03:09:13:PM] DEBUG GameRunner:124 - Successfully instantiated entity system 'com.jgfx.chunk.systems.ChunkManager'.
[April 06, 2020 - 03:09:13:PM] INFO GameEngine:216 - Status -> Preparing Subsystems...
[April 06, 2020 - 03:09:13:PM] INFO GameEngine:216 - Status -> Pre-initialising graphics subsystem
[April 06, 2020 - 03:09:13:PM] INFO GameEngine:216 - Status -> Pre-initialising input subsystem
[April 06, 2020 - 03:09:13:PM] INFO GameEngine:216 - Status -> Beginning load process: 'Loading assets'.
[April 06, 2020 - 03:09:17:PM] DEBUG GameRunner:82 - Found entity system 'com.jgfx.chunk.systems.ChunkMeshBuilder'.
[April 06, 2020 - 03:09:17:PM] DEBUG GameRunner:82 - Found entity system 'com.jgfx.chunk.systems.ChunkGenerator'.
[April 06, 2020 - 03:09:17:PM] DEBUG GameRunner:82 - Found entity system 'com.jgfx.chunk.systems.ChunkNeighborBuilder'.
[April 06, 2020 - 03:09:17:PM] DEBUG GameRunner:82 - Found entity system 'com.jgfx.chunk.systems.ChunkRenderer'.
[April 06, 2020 - 03:09:17:PM] DEBUG GameRunner:82 - Found entity system 'com.jgfx.chunk.systems.ChunkManager'.
[April 06, 2020 - 03:09:17:PM] DEBUG GameRunner:82 - Found entity system 'com.jgfx.chunk.systems.ChunkSynthesizer'.
[April 06, 2020 - 03:09:17:PM] DEBUG GameRunner:82 - Found entity system 'com.jgfx.player.systems.SimplePlayerMove'.
[April 06, 2020 - 03:09:17:PM] DEBUG GameRunner:124 - Successfully instantiated entity system 'com.jgfx.chunk.systems.ChunkNeighborBuilder'.
[April 06, 2020 - 03:09:17:PM] DEBUG GameRunner:124 - Successfully instantiated entity system 'com.jgfx.chunk.systems.ChunkSynthesizer'.
[April 06, 2020 - 03:09:17:PM] DEBUG GameRunner:124 - Successfully instantiated entity system 'com.jgfx.chunk.systems.ChunkMeshBuilder'.
[April 06, 2020 - 03:09:17:PM] DEBUG GameRunner:124 - Successfully instantiated entity system 'com.jgfx.player.systems.SimplePlayerMove'.
[April 06, 2020 - 03:09:17:PM] DEBUG GameRunner:124 - Successfully instantiated entity system 'com.jgfx.chunk.systems.ChunkRenderer'.
[April 06, 2020 - 03:09:17:PM] DEBUG GameRunner:124 - Successfully instantiated entity system 'com.jgfx.chunk.systems.ChunkGenerator'.
[April 06, 2020 - 03:09:17:PM] DEBUG GameRunner:124 - Successfully instantiated entity system 'com.jgfx.chunk.systems.ChunkManager'.
[April 06, 2020 - 03:09:17:PM] INFO GameEngine:216 - Status -> Preparing Subsystems...
[April 06, 2020 - 03:09:17:PM] INFO GameEngine:216 - Status -> Pre-initialising graphics subsystem
[April 06, 2020 - 03:09:18:PM] INFO GameEngine:216 - Status -> Pre-initialising input subsystem
[April 06, 2020 - 03:09:18:PM] INFO GameEngine:216 - Status -> Beginning load process: 'Loading assets'.
[April 06, 2020 - 03:09:18:PM] INFO GameEngine:216 - Status -> Beginning load process: 'Loading default shapes'.
[April 06, 2020 - 03:09:18:PM] INFO GameEngine:216 - Status -> Beginning load process: 'Loading assets'.
[April 06, 2020 - 03:09:18:PM] INFO GameEngine:216 - Status -> Beginning load process: 'Loading local player...'.
[April 06, 2020 - 03:09:18:PM] INFO GameEngine:216 - Status -> Injecting instances to Subsystesm...
[April 06, 2020 - 03:09:18:PM] INFO GameEngine:216 - Status -> Scanning for shared variables in graphics subsystem
[April 06, 2020 - 03:09:18:PM] INFO GameEngine:216 - Status -> Scanning for shared variables in input subsystem
[April 06, 2020 - 03:09:18:PM] INFO GameEngine:216 - Status -> Initialising graphics subsystem
[April 06, 2020 - 03:09:18:PM] INFO GameEngine:216 - Status -> Initialising input subsystem
[April 06, 2020 - 03:09:18:PM] INFO GameEngine:216 - Status -> Initializing entity systems...
[April 06, 2020 - 03:09:18:PM] INFO GameEngine:216 - Status -> Post-initialising graphics subsystem
[April 06, 2020 - 03:09:18:PM] INFO GameEngine:216 - Status -> Post-initialising input subsystem
[April 06, 2020 - 03:09:21:PM] DEBUG ChunkManager:51 - Chunk[0] at 0, 0, 0 stored in chunk manager
[April 06, 2020 - 03:09:21:PM] DEBUG ChunkGenerator:54 - Chunk[0,0,0] blocks generated!
[April 06, 2020 - 03:09:21:PM] WARN ChunkManager:48 - Chunk[0] at 0, 0, 0 was generated twice. Destroying
[April 06, 2020 - 03:09:21:PM] DEBUG ChunkMeshBuilder:54 - Chunk[0, 0, 0] generated mesh!
[April 06, 2020 - 03:09:27:PM] DEBUG ChunkManager:51 - Chunk[-35] at -11, 6, -9 stored in chunk manager
[April 06, 2020 - 03:09:27:PM] DEBUG ChunkGenerator:54 - Chunk[-11,6,-9] blocks generated!
[April 06, 2020 - 03:09:27:PM] WARN ChunkManager:48 - Chunk[-35] at -11, 6, -9 was generated twice. Destroying
[April 06, 2020 - 03:09:27:PM] DEBUG ChunkMeshBuilder:54 - Chunk[-11, 6, -9] generated mesh!
[April 06, 2020 - 03:09:35:PM] DEBUG GameRunner:82 - Found entity system 'com.jgfx.chunk.systems.ChunkMeshBuilder'.
[April 06, 2020 - 03:09:35:PM] DEBUG GameRunner:82 - Found entity system 'com.jgfx.chunk.systems.ChunkGenerator'.
[April 06, 2020 - 03:09:35:PM] DEBUG GameRunner:82 - Found entity system 'com.jgfx.chunk.systems.ChunkNeighborBuilder'.
[April 06, 2020 - 03:09:35:PM] DEBUG GameRunner:82 - Found entity system 'com.jgfx.chunk.systems.ChunkRenderer'.
[April 06, 2020 - 03:09:35:PM] DEBUG GameRunner:82 - Found entity system 'com.jgfx.chunk.systems.ChunkManager'.
[April 06, 2020 - 03:09:35:PM] DEBUG GameRunner:82 - Found entity system 'com.jgfx.chunk.systems.ChunkSynthesizer'.
[April 06, 2020 - 03:09:35:PM] DEBUG GameRunner:82 - Found entity system 'com.jgfx.player.systems.SimplePlayerMove'.
[April 06, 2020 - 03:09:35:PM] DEBUG GameRunner:124 - Successfully instantiated entity system 'com.jgfx.chunk.systems.ChunkNeighborBuilder'.
[April 06, 2020 - 03:09:35:PM] DEBUG GameRunner:124 - Successfully instantiated entity system 'com.jgfx.chunk.systems.ChunkSynthesizer'.
[April 06, 2020 - 03:09:35:PM] DEBUG GameRunner:124 - Successfully instantiated entity system 'com.jgfx.chunk.systems.ChunkMeshBuilder'.
[April 06, 2020 - 03:09:35:PM] DEBUG GameRunner:124 - Successfully instantiated entity system 'com.jgfx.player.systems.SimplePlayerMove'.
[April 06, 2020 - 03:09:35:PM] DEBUG GameRunner:124 - Successfully instantiated entity system 'com.jgfx.chunk.systems.ChunkRenderer'.
[April 06, 2020 - 03:09:35:PM] DEBUG GameRunner:124 - Successfully instantiated entity system 'com.jgfx.chunk.systems.ChunkGenerator'.
[April 06, 2020 - 03:09:35:PM] DEBUG GameRunner:124 - Successfully instantiated entity system 'com.jgfx.chunk.systems.ChunkManager'.
[April 06, 2020 - 03:09:35:PM] INFO GameEngine:216 - Status -> Preparing Subsystems...
[April 06, 2020 - 03:09:35:PM] INFO GameEngine:216 - Status -> Pre-initialising graphics subsystem
[April 06, 2020 - 03:09:35:PM] INFO GameEngine:216 - Status -> Pre-initialising input subsystem
[April 06, 2020 - 03:09:35:PM] INFO GameEngine:216 - Status -> Beginning load process: 'Loading assets'.
[April 06, 2020 - 03:09:35:PM] INFO GameEngine:216 - Status -> Beginning load process: 'Loading default shapes'.
[April 06, 2020 - 03:09:35:PM] INFO GameEngine:216 - Status -> Beginning load process: 'Loading assets'.
[April 06, 2020 - 03:09:35:PM] INFO GameEngine:216 - Status -> Beginning load process: 'Loading local player...'.
[April 06, 2020 - 03:09:36:PM] INFO GameEngine:216 - Status -> Injecting instances to Subsystesm...
[April 06, 2020 - 03:09:36:PM] INFO GameEngine:216 - Status -> Scanning for shared variables in graphics subsystem
[April 06, 2020 - 03:09:36:PM] INFO GameEngine:216 - Status -> Scanning for shared variables in input subsystem
[April 06, 2020 - 03:09:36:PM] INFO GameEngine:216 - Status -> Initialising graphics subsystem
[April 06, 2020 - 03:09:36:PM] INFO GameEngine:216 - Status -> Initialising input subsystem
[April 06, 2020 - 03:09:36:PM] INFO GameEngine:216 - Status -> Initializing entity systems...
[April 06, 2020 - 03:09:36:PM] INFO GameEngine:216 - Status -> Post-initialising graphics subsystem
[April 06, 2020 - 03:09:36:PM] INFO GameEngine:216 - Status -> Post-initialising input subsystem
[April 06, 2020 - 03:09:37:PM] DEBUG ChunkManager:51 - Chunk[0] at 0, 0, 0 stored in chunk manager
[April 06, 2020 - 03:09:37:PM] DEBUG ChunkGenerator:54 - Chunk[0,0,0] blocks generated!
[April 06, 2020 - 03:09:37:PM] WARN ChunkManager:48 - Chunk[0] at 0, 0, 0 was generated twice. Destroying
[April 06, 2020 - 03:09:38:PM] DEBUG ChunkMeshBuilder:54 - Chunk[0, 0, 0] generated mesh!
[April 06, 2020 - 03:09:53:PM] DEBUG ChunkManager:51 - Chunk[14] at 0, 3, 2 stored in chunk manager
[April 06, 2020 - 03:09:53:PM] DEBUG ChunkGenerator:54 - Chunk[0,3,2] blocks generated!
[April 06, 2020 - 03:09:53:PM] WARN ChunkManager:48 - Chunk[14] at 0, 3, 2 was generated twice. Destroying
[April 06, 2020 - 03:09:53:PM] DEBUG ChunkMeshBuilder:54 - Chunk[0, 3, 2] generated mesh!
