[April 06, 2020 - 03:15:15:AM] DEBUG GameRunner:82 - Found entity system 'com.jgfx.chunk.systems.ChunkMeshBuilder'.
[April 06, 2020 - 03:15:15:AM] DEBUG GameRunner:82 - Found entity system 'com.jgfx.chunk.systems.ChunkGenerator'.
[April 06, 2020 - 03:15:15:AM] DEBUG GameRunner:82 - Found entity system 'com.jgfx.chunk.systems.ChunkNeighborBuilder'.
[April 06, 2020 - 03:15:15:AM] DEBUG GameRunner:82 - Found entity system 'com.jgfx.chunk.systems.ChunkRenderer'.
[April 06, 2020 - 03:15:15:AM] DEBUG GameRunner:82 - Found entity system 'com.jgfx.chunk.systems.ChunkManager'.
[April 06, 2020 - 03:15:15:AM] DEBUG GameRunner:82 - Found entity system 'com.jgfx.chunk.systems.ChunkSynthesizer'.
[April 06, 2020 - 03:15:15:AM] DEBUG GameRunner:82 - Found entity system 'com.jgfx.player.systems.SimplePlayerMove'.
[April 06, 2020 - 03:15:15:AM] DEBUG GameRunner:124 - Successfully instantiated entity system 'com.jgfx.chunk.systems.ChunkNeighborBuilder'.
[April 06, 2020 - 03:15:15:AM] DEBUG GameRunner:124 - Successfully instantiated entity system 'com.jgfx.chunk.systems.ChunkSynthesizer'.
[April 06, 2020 - 03:15:15:AM] DEBUG GameRunner:124 - Successfully instantiated entity system 'com.jgfx.chunk.systems.ChunkMeshBuilder'.
[April 06, 2020 - 03:15:15:AM] DEBUG GameRunner:124 - Successfully instantiated entity system 'com.jgfx.player.systems.SimplePlayerMove'.
[April 06, 2020 - 03:15:15:AM] DEBUG GameRunner:124 - Successfully instantiated entity system 'com.jgfx.chunk.systems.ChunkRenderer'.
[April 06, 2020 - 03:15:15:AM] DEBUG GameRunner:124 - Successfully instantiated entity system 'com.jgfx.chunk.systems.ChunkGenerator'.
[April 06, 2020 - 03:15:15:AM] DEBUG GameRunner:124 - Successfully instantiated entity system 'com.jgfx.chunk.systems.ChunkManager'.
[April 06, 2020 - 03:15:15:AM] INFO GameEngine:216 - Status -> Preparing Subsystems...
[April 06, 2020 - 03:15:15:AM] INFO GameEngine:216 - Status -> Pre-initialising graphics subsystem
[April 06, 2020 - 03:15:16:AM] INFO GameEngine:216 - Status -> Pre-initialising input subsystem
[April 06, 2020 - 03:15:16:AM] INFO GameEngine:216 - Status -> Beginning load process: 'Loading assets'.
[April 06, 2020 - 03:15:16:AM] INFO GameEngine:216 - Status -> Beginning load process: 'Loading default shapes'.
[April 06, 2020 - 03:15:16:AM] INFO GameEngine:216 - Status -> Beginning load process: 'Loading assets'.
[April 06, 2020 - 03:15:19:AM] DEBUG GameRunner:82 - Found entity system 'com.jgfx.chunk.systems.ChunkMeshBuilder'.
[April 06, 2020 - 03:15:19:AM] DEBUG GameRunner:82 - Found entity system 'com.jgfx.chunk.systems.ChunkGenerator'.
[April 06, 2020 - 03:15:19:AM] DEBUG GameRunner:82 - Found entity system 'com.jgfx.chunk.systems.ChunkNeighborBuilder'.
[April 06, 2020 - 03:15:19:AM] DEBUG GameRunner:82 - Found entity system 'com.jgfx.chunk.systems.ChunkRenderer'.
[April 06, 2020 - 03:15:19:AM] DEBUG GameRunner:82 - Found entity system 'com.jgfx.chunk.systems.ChunkManager'.
[April 06, 2020 - 03:15:19:AM] DEBUG GameRunner:82 - Found entity system 'com.jgfx.chunk.systems.ChunkSynthesizer'.
[April 06, 2020 - 03:15:19:AM] DEBUG GameRunner:82 - Found entity system 'com.jgfx.player.systems.SimplePlayerMove'.
[April 06, 2020 - 03:15:19:AM] DEBUG GameRunner:124 - Successfully instantiated entity system 'com.jgfx.chunk.systems.ChunkSynthesizer'.
[April 06, 2020 - 03:15:19:AM] DEBUG GameRunner:124 - Successfully instantiated entity system 'com.jgfx.chunk.systems.ChunkManager'.
[April 06, 2020 - 03:15:19:AM] DEBUG GameRunner:124 - Successfully instantiated entity system 'com.jgfx.player.systems.SimplePlayerMove'.
[April 06, 2020 - 03:15:19:AM] DEBUG GameRunner:124 - Successfully instantiated entity system 'com.jgfx.chunk.systems.ChunkMeshBuilder'.
[April 06, 2020 - 03:15:19:AM] DEBUG GameRunner:124 - Successfully instantiated entity system 'com.jgfx.chunk.systems.ChunkRenderer'.
[April 06, 2020 - 03:15:19:AM] DEBUG GameRunner:124 - Successfully instantiated entity system 'com.jgfx.chunk.systems.ChunkGenerator'.
[April 06, 2020 - 03:15:19:AM] DEBUG GameRunner:124 - Successfully instantiated entity system 'com.jgfx.chunk.systems.ChunkNeighborBuilder'.
[April 06, 2020 - 03:15:19:AM] INFO GameEngine:216 - Status -> Preparing Subsystems...
[April 06, 2020 - 03:15:19:AM] INFO GameEngine:216 - Status -> Pre-initialising graphics subsystem
[April 06, 2020 - 03:15:19:AM] INFO GameEngine:216 - Status -> Pre-initialising input subsystem
[April 06, 2020 - 03:15:19:AM] INFO GameEngine:216 - Status -> Beginning load process: 'Loading assets'.
[April 06, 2020 - 03:15:19:AM] INFO GameEngine:216 - Status -> Beginning load process: 'Loading default shapes'.
[April 06, 2020 - 03:15:19:AM] INFO GameEngine:216 - Status -> Beginning load process: 'Loading assets'.
[April 06, 2020 - 03:15:19:AM] INFO GameEngine:216 - Status -> Beginning load process: 'Loading local player...'.
[April 06, 2020 - 03:15:19:AM] INFO GameEngine:216 - Status -> Injecting instances to Subsystesm...
[April 06, 2020 - 03:15:19:AM] INFO GameEngine:216 - Status -> Scanning for shared variables in graphics subsystem
[April 06, 2020 - 03:15:19:AM] INFO GameEngine:216 - Status -> Scanning for shared variables in input subsystem
[April 06, 2020 - 03:15:19:AM] INFO GameEngine:216 - Status -> Initialising graphics subsystem
[April 06, 2020 - 03:15:19:AM] INFO GameEngine:216 - Status -> Initialising input subsystem
[April 06, 2020 - 03:15:19:AM] INFO GameEngine:216 - Status -> Initializing entity systems...
[April 06, 2020 - 03:15:19:AM] INFO GameEngine:216 - Status -> Post-initialising graphics subsystem
[April 06, 2020 - 03:15:19:AM] INFO GameEngine:216 - Status -> Post-initialising input subsystem
[April 06, 2020 - 03:15:22:AM] DEBUG ChunkManager:51 - Chunk[0] at 0, 0, 0 stored in chunk manager
[April 06, 2020 - 03:15:22:AM] DEBUG ChunkGenerator:52 - Chunk[0,0,0] blocks generated!
[April 06, 2020 - 03:15:22:AM] WARN ChunkManager:48 - Chunk[0] at 0, 0, 0 was generated twice. Destroying
[April 06, 2020 - 03:15:22:AM] DEBUG ChunkMeshBuilder:49 - Chunk[0, 0, 0] generated mesh!
[April 06, 2020 - 03:15:22:AM] WARN ChunkManager:48 - Chunk[0] at 0, 0, 0 was generated twice. Destroying
[April 06, 2020 - 03:15:22:AM] WARN ChunkManager:48 - Chunk[0] at 0, 0, 0 was generated twice. Destroying
[April 06, 2020 - 03:15:22:AM] WARN ChunkManager:48 - Chunk[0] at 0, 0, 0 was generated twice. Destroying
[April 06, 2020 - 03:15:23:AM] DEBUG ChunkManager:51 - Chunk[7] at -1, 0, 2 stored in chunk manager
[April 06, 2020 - 03:15:23:AM] DEBUG ChunkGenerator:52 - Chunk[-1,0,2] blocks generated!
[April 06, 2020 - 03:15:23:AM] WARN ChunkManager:48 - Chunk[7] at -1, 0, 2 was generated twice. Destroying
[April 06, 2020 - 03:15:23:AM] DEBUG ChunkMeshBuilder:49 - Chunk[-1, 0, 2] generated mesh!
[April 06, 2020 - 03:15:23:AM] WARN ChunkManager:48 - Chunk[7] at -1, 0, 2 was generated twice. Destroying
[April 06, 2020 - 03:15:23:AM] WARN ChunkManager:48 - Chunk[7] at -1, 0, 2 was generated twice. Destroying
[April 06, 2020 - 03:15:23:AM] WARN ChunkManager:48 - Chunk[7] at -1, 0, 2 was generated twice. Destroying
[April 06, 2020 - 03:15:23:AM] WARN ChunkManager:48 - Chunk[7] at -1, 0, 2 was generated twice. Destroying
[April 06, 2020 - 03:15:24:AM] DEBUG ChunkManager:51 - Chunk[23] at -1, 0, 6 stored in chunk manager
[April 06, 2020 - 03:15:24:AM] DEBUG ChunkGenerator:52 - Chunk[-1,0,6] blocks generated!
[April 06, 2020 - 03:15:24:AM] WARN ChunkManager:48 - Chunk[23] at -1, 0, 6 was generated twice. Destroying
[April 06, 2020 - 03:15:24:AM] DEBUG ChunkMeshBuilder:49 - Chunk[-1, 0, 6] generated mesh!
[April 06, 2020 - 03:15:24:AM] WARN ChunkManager:48 - Chunk[23] at -1, 0, 6 was generated twice. Destroying
[April 06, 2020 - 03:15:24:AM] WARN ChunkManager:48 - Chunk[23] at -1, 0, 6 was generated twice. Destroying
[April 06, 2020 - 03:15:24:AM] WARN ChunkManager:48 - Chunk[23] at -1, 0, 6 was generated twice. Destroying
[April 06, 2020 - 03:15:24:AM] WARN ChunkManager:48 - Chunk[23] at -1, 0, 6 was generated twice. Destroying
[April 06, 2020 - 03:15:24:AM] WARN ChunkManager:48 - Chunk[23] at -1, 0, 6 was generated twice. Destroying
[April 06, 2020 - 03:15:24:AM] WARN ChunkManager:48 - Chunk[23] at -1, 0, 6 was generated twice. Destroying
