[April 06, 2020 - 03:14:47:AM] DEBUG GameRunner:82 - Found entity system 'com.jgfx.chunk.systems.ChunkMeshBuilder'.
[April 06, 2020 - 03:14:47:AM] DEBUG GameRunner:82 - Found entity system 'com.jgfx.chunk.systems.ChunkGenerator'.
[April 06, 2020 - 03:14:47:AM] DEBUG GameRunner:82 - Found entity system 'com.jgfx.chunk.systems.ChunkNeighborBuilder'.
[April 06, 2020 - 03:14:47:AM] DEBUG GameRunner:82 - Found entity system 'com.jgfx.chunk.systems.ChunkRenderer'.
[April 06, 2020 - 03:14:47:AM] DEBUG GameRunner:82 - Found entity system 'com.jgfx.chunk.systems.ChunkManager'.
[April 06, 2020 - 03:14:47:AM] DEBUG GameRunner:82 - Found entity system 'com.jgfx.chunk.systems.ChunkSynthesizer'.
[April 06, 2020 - 03:14:47:AM] DEBUG GameRunner:82 - Found entity system 'com.jgfx.player.systems.SimplePlayerMove'.
[April 06, 2020 - 03:14:47:AM] DEBUG GameRunner:124 - Successfully instantiated entity system 'com.jgfx.chunk.systems.ChunkNeighborBuilder'.
[April 06, 2020 - 03:14:47:AM] DEBUG GameRunner:124 - Successfully instantiated entity system 'com.jgfx.chunk.systems.ChunkSynthesizer'.
[April 06, 2020 - 03:14:47:AM] DEBUG GameRunner:124 - Successfully instantiated entity system 'com.jgfx.chunk.systems.ChunkMeshBuilder'.
[April 06, 2020 - 03:14:47:AM] DEBUG GameRunner:124 - Successfully instantiated entity system 'com.jgfx.player.systems.SimplePlayerMove'.
[April 06, 2020 - 03:14:47:AM] DEBUG GameRunner:124 - Successfully instantiated entity system 'com.jgfx.chunk.systems.ChunkRenderer'.
[April 06, 2020 - 03:14:47:AM] DEBUG GameRunner:124 - Successfully instantiated entity system 'com.jgfx.chunk.systems.ChunkGenerator'.
[April 06, 2020 - 03:14:47:AM] DEBUG GameRunner:124 - Successfully instantiated entity system 'com.jgfx.chunk.systems.ChunkManager'.
[April 06, 2020 - 03:14:47:AM] INFO GameEngine:216 - Status -> Preparing Subsystems...
[April 06, 2020 - 03:14:47:AM] INFO GameEngine:216 - Status -> Pre-initialising graphics subsystem
[April 06, 2020 - 03:14:48:AM] INFO GameEngine:216 - Status -> Pre-initialising input subsystem
[April 06, 2020 - 03:14:48:AM] INFO GameEngine:216 - Status -> Beginning load process: 'Loading assets'.
[April 06, 2020 - 03:14:48:AM] INFO GameEngine:216 - Status -> Beginning load process: 'Loading default shapes'.
[April 06, 2020 - 03:14:48:AM] INFO GameEngine:216 - Status -> Beginning load process: 'Loading assets'.
[April 06, 2020 - 03:14:48:AM] INFO GameEngine:216 - Status -> Beginning load process: 'Loading local player...'.
[April 06, 2020 - 03:14:48:AM] INFO GameEngine:216 - Status -> Injecting instances to Subsystesm...
[April 06, 2020 - 03:14:48:AM] INFO GameEngine:216 - Status -> Scanning for shared variables in graphics subsystem
[April 06, 2020 - 03:14:48:AM] INFO GameEngine:216 - Status -> Scanning for shared variables in input subsystem
[April 06, 2020 - 03:14:48:AM] INFO GameEngine:216 - Status -> Initialising graphics subsystem
[April 06, 2020 - 03:14:48:AM] INFO GameEngine:216 - Status -> Initialising input subsystem
[April 06, 2020 - 03:14:48:AM] INFO GameEngine:216 - Status -> Initializing entity systems...
[April 06, 2020 - 03:14:48:AM] INFO GameEngine:216 - Status -> Post-initialising graphics subsystem
[April 06, 2020 - 03:14:48:AM] INFO GameEngine:216 - Status -> Post-initialising input subsystem
[April 06, 2020 - 03:14:50:AM] DEBUG ChunkManager:51 - Chunk[0] at 0, 0, 0 stored in chunk manager
[April 06, 2020 - 03:14:50:AM] DEBUG ChunkGenerator:52 - Chunk[0,0,0] blocks generated!
[April 06, 2020 - 03:14:50:AM] WARN ChunkManager:48 - Chunk[0] at 0, 0, 0 was generated twice. Destroying
[April 06, 2020 - 03:14:50:AM] DEBUG ChunkMeshBuilder:49 - Chunk[0, 0, 0] generated mesh!
[April 06, 2020 - 03:14:50:AM] WARN ChunkManager:48 - Chunk[0] at 0, 0, 0 was generated twice. Destroying
[April 06, 2020 - 03:14:50:AM] WARN ChunkManager:48 - Chunk[0] at 0, 0, 0 was generated twice. Destroying
[April 06, 2020 - 03:14:50:AM] WARN ChunkManager:48 - Chunk[0] at 0, 0, 0 was generated twice. Destroying
[April 06, 2020 - 03:14:50:AM] WARN ChunkManager:48 - Chunk[0] at 0, 0, 0 was generated twice. Destroying
[April 06, 2020 - 03:14:50:AM] WARN ChunkManager:48 - Chunk[0] at 0, 0, 0 was generated twice. Destroying
[April 06, 2020 - 03:14:51:AM] DEBUG ChunkManager:51 - Chunk[14] at -2, 0, 4 stored in chunk manager
[April 06, 2020 - 03:14:51:AM] DEBUG ChunkGenerator:52 - Chunk[-2,0,4] blocks generated!
[April 06, 2020 - 03:14:51:AM] WARN ChunkManager:48 - Chunk[14] at -2, 0, 4 was generated twice. Destroying
[April 06, 2020 - 03:14:51:AM] DEBUG ChunkMeshBuilder:49 - Chunk[-2, 0, 4] generated mesh!
[April 06, 2020 - 03:14:51:AM] WARN ChunkManager:48 - Chunk[14] at -2, 0, 4 was generated twice. Destroying
[April 06, 2020 - 03:14:51:AM] WARN ChunkManager:48 - Chunk[14] at -2, 0, 4 was generated twice. Destroying
[April 06, 2020 - 03:14:51:AM] WARN ChunkManager:48 - Chunk[14] at -2, 0, 4 was generated twice. Destroying
[April 06, 2020 - 03:14:51:AM] DEBUG ChunkManager:51 - Chunk[22] at -6, 0, 7 stored in chunk manager
[April 06, 2020 - 03:14:51:AM] DEBUG ChunkGenerator:52 - Chunk[-6,0,7] blocks generated!
[April 06, 2020 - 03:14:51:AM] WARN ChunkManager:48 - Chunk[22] at -6, 0, 7 was generated twice. Destroying
[April 06, 2020 - 03:14:51:AM] DEBUG ChunkMeshBuilder:49 - Chunk[-6, 0, 7] generated mesh!
[April 06, 2020 - 03:14:51:AM] WARN ChunkManager:48 - Chunk[22] at -6, 0, 7 was generated twice. Destroying
[April 06, 2020 - 03:14:52:AM] WARN ChunkManager:48 - Chunk[22] at -6, 0, 7 was generated twice. Destroying
[April 06, 2020 - 03:14:52:AM] WARN ChunkManager:48 - Chunk[22] at -6, 0, 7 was generated twice. Destroying
[April 06, 2020 - 03:14:52:AM] WARN ChunkManager:48 - Chunk[22] at -6, 0, 7 was generated twice. Destroying
[April 06, 2020 - 03:14:52:AM] DEBUG ChunkManager:51 - Chunk[15] at -9, 0, 6 stored in chunk manager
[April 06, 2020 - 03:14:52:AM] DEBUG ChunkGenerator:52 - Chunk[-9,0,6] blocks generated!
[April 06, 2020 - 03:14:52:AM] WARN ChunkManager:48 - Chunk[15] at -9, 0, 6 was generated twice. Destroying
[April 06, 2020 - 03:14:52:AM] DEBUG ChunkMeshBuilder:49 - Chunk[-9, 0, 6] generated mesh!
[April 06, 2020 - 03:14:52:AM] WARN ChunkManager:48 - Chunk[15] at -9, 0, 6 was generated twice. Destroying
[April 06, 2020 - 03:14:52:AM] WARN ChunkManager:48 - Chunk[15] at -9, 0, 6 was generated twice. Destroying
[April 06, 2020 - 03:14:53:AM] DEBUG ChunkManager:51 - Chunk[8] at -12, 0, 5 stored in chunk manager
[April 06, 2020 - 03:14:53:AM] DEBUG ChunkGenerator:52 - Chunk[-12,0,5] blocks generated!
[April 06, 2020 - 03:14:53:AM] WARN ChunkManager:48 - Chunk[8] at -12, 0, 5 was generated twice. Destroying
[April 06, 2020 - 03:14:53:AM] DEBUG ChunkMeshBuilder:49 - Chunk[-12, 0, 5] generated mesh!
[April 06, 2020 - 03:14:53:AM] WARN ChunkManager:48 - Chunk[8] at -12, 0, 5 was generated twice. Destroying
[April 06, 2020 - 03:14:53:AM] WARN ChunkManager:48 - Chunk[8] at -12, 0, 5 was generated twice. Destroying
[April 06, 2020 - 03:14:53:AM] WARN ChunkManager:48 - Chunk[8] at -12, 0, 5 was generated twice. Destroying
[April 06, 2020 - 03:14:53:AM] WARN ChunkManager:48 - Chunk[8] at -12, 0, 5 was generated twice. Destroying
[April 06, 2020 - 03:14:53:AM] WARN ChunkManager:48 - Chunk[8] at -12, 0, 5 was generated twice. Destroying
[April 06, 2020 - 03:14:54:AM] DEBUG ChunkManager:51 - Chunk[-8] at -16, 0, 2 stored in chunk manager
[April 06, 2020 - 03:14:54:AM] DEBUG ChunkGenerator:52 - Chunk[-16,0,2] blocks generated!
[April 06, 2020 - 03:14:54:AM] WARN ChunkManager:48 - Chunk[-8] at -16, 0, 2 was generated twice. Destroying
[April 06, 2020 - 03:14:54:AM] DEBUG ChunkMeshBuilder:49 - Chunk[-16, 0, 2] generated mesh!
[April 06, 2020 - 03:14:54:AM] WARN ChunkManager:48 - Chunk[-8] at -16, 0, 2 was generated twice. Destroying
[April 06, 2020 - 03:14:54:AM] WARN ChunkManager:48 - Chunk[-8] at -16, 0, 2 was generated twice. Destroying
[April 06, 2020 - 03:14:54:AM] WARN ChunkManager:48 - Chunk[-8] at -16, 0, 2 was generated twice. Destroying
[April 06, 2020 - 03:14:54:AM] DEBUG ChunkManager:51 - Chunk[-12] at -16, 0, 1 stored in chunk manager
[April 06, 2020 - 03:14:54:AM] DEBUG ChunkGenerator:52 - Chunk[-16,0,1] blocks generated!
[April 06, 2020 - 03:14:54:AM] DEBUG ChunkMeshBuilder:49 - Chunk[-16, 0, 1] generated mesh!
[April 06, 2020 - 03:14:59:AM] DEBUG GameRunner:82 - Found entity system 'com.jgfx.chunk.systems.ChunkMeshBuilder'.
[April 06, 2020 - 03:14:59:AM] DEBUG GameRunner:82 - Found entity system 'com.jgfx.chunk.systems.ChunkGenerator'.
[April 06, 2020 - 03:14:59:AM] DEBUG GameRunner:82 - Found entity system 'com.jgfx.chunk.systems.ChunkNeighborBuilder'.
[April 06, 2020 - 03:14:59:AM] DEBUG GameRunner:82 - Found entity system 'com.jgfx.chunk.systems.ChunkRenderer'.
[April 06, 2020 - 03:14:59:AM] DEBUG GameRunner:82 - Found entity system 'com.jgfx.chunk.systems.ChunkManager'.
[April 06, 2020 - 03:14:59:AM] DEBUG GameRunner:82 - Found entity system 'com.jgfx.chunk.systems.ChunkSynthesizer'.
[April 06, 2020 - 03:14:59:AM] DEBUG GameRunner:82 - Found entity system 'com.jgfx.player.systems.SimplePlayerMove'.
[April 06, 2020 - 03:14:59:AM] DEBUG GameRunner:124 - Successfully instantiated entity system 'com.jgfx.chunk.systems.ChunkNeighborBuilder'.
[April 06, 2020 - 03:14:59:AM] DEBUG GameRunner:124 - Successfully instantiated entity system 'com.jgfx.chunk.systems.ChunkSynthesizer'.
[April 06, 2020 - 03:14:59:AM] DEBUG GameRunner:124 - Successfully instantiated entity system 'com.jgfx.chunk.systems.ChunkMeshBuilder'.
[April 06, 2020 - 03:14:59:AM] DEBUG GameRunner:124 - Successfully instantiated entity system 'com.jgfx.player.systems.SimplePlayerMove'.
[April 06, 2020 - 03:14:59:AM] DEBUG GameRunner:124 - Successfully instantiated entity system 'com.jgfx.chunk.systems.ChunkRenderer'.
[April 06, 2020 - 03:14:59:AM] DEBUG GameRunner:124 - Successfully instantiated entity system 'com.jgfx.chunk.systems.ChunkGenerator'.
[April 06, 2020 - 03:14:59:AM] DEBUG GameRunner:124 - Successfully instantiated entity system 'com.jgfx.chunk.systems.ChunkManager'.
[April 06, 2020 - 03:14:59:AM] INFO GameEngine:216 - Status -> Preparing Subsystems...
[April 06, 2020 - 03:14:59:AM] INFO GameEngine:216 - Status -> Pre-initialising graphics subsystem
[April 06, 2020 - 03:15:00:AM] INFO GameEngine:216 - Status -> Pre-initialising input subsystem
[April 06, 2020 - 03:15:00:AM] INFO GameEngine:216 - Status -> Beginning load process: 'Loading assets'.
[April 06, 2020 - 03:15:00:AM] INFO GameEngine:216 - Status -> Beginning load process: 'Loading default shapes'.
[April 06, 2020 - 03:15:00:AM] INFO GameEngine:216 - Status -> Beginning load process: 'Loading assets'.
