[April 06, 2020 - 03:50:05:AM] DEBUG GameRunner:82 - Found entity system 'com.jgfx.chunk.systems.ChunkMeshBuilder'.
[April 06, 2020 - 03:50:05:AM] DEBUG GameRunner:82 - Found entity system 'com.jgfx.chunk.systems.ChunkGenerator'.
[April 06, 2020 - 03:50:05:AM] DEBUG GameRunner:82 - Found entity system 'com.jgfx.chunk.systems.ChunkNeighborBuilder'.
[April 06, 2020 - 03:50:05:AM] DEBUG GameRunner:82 - Found entity system 'com.jgfx.chunk.systems.ChunkRenderer'.
[April 06, 2020 - 03:50:05:AM] DEBUG GameRunner:82 - Found entity system 'com.jgfx.chunk.systems.ChunkManager'.
[April 06, 2020 - 03:50:05:AM] DEBUG GameRunner:82 - Found entity system 'com.jgfx.chunk.systems.ChunkSynthesizer'.
[April 06, 2020 - 03:50:05:AM] DEBUG GameRunner:82 - Found entity system 'com.jgfx.player.systems.SimplePlayerMove'.
[April 06, 2020 - 03:50:05:AM] DEBUG GameRunner:124 - Successfully instantiated entity system 'com.jgfx.chunk.systems.ChunkNeighborBuilder'.
[April 06, 2020 - 03:50:05:AM] DEBUG GameRunner:124 - Successfully instantiated entity system 'com.jgfx.chunk.systems.ChunkSynthesizer'.
[April 06, 2020 - 03:50:05:AM] DEBUG GameRunner:124 - Successfully instantiated entity system 'com.jgfx.chunk.systems.ChunkMeshBuilder'.
[April 06, 2020 - 03:50:05:AM] DEBUG GameRunner:124 - Successfully instantiated entity system 'com.jgfx.player.systems.SimplePlayerMove'.
[April 06, 2020 - 03:50:05:AM] DEBUG GameRunner:124 - Successfully instantiated entity system 'com.jgfx.chunk.systems.ChunkRenderer'.
[April 06, 2020 - 03:50:05:AM] DEBUG GameRunner:124 - Successfully instantiated entity system 'com.jgfx.chunk.systems.ChunkGenerator'.
[April 06, 2020 - 03:50:05:AM] DEBUG GameRunner:124 - Successfully instantiated entity system 'com.jgfx.chunk.systems.ChunkManager'.
[April 06, 2020 - 03:50:05:AM] INFO GameEngine:216 - Status -> Preparing Subsystems...
[April 06, 2020 - 03:50:05:AM] INFO GameEngine:216 - Status -> Pre-initialising graphics subsystem
[April 06, 2020 - 03:50:05:AM] INFO GameEngine:216 - Status -> Pre-initialising input subsystem
[April 06, 2020 - 03:50:05:AM] INFO GameEngine:216 - Status -> Beginning load process: 'Loading assets'.
[April 06, 2020 - 03:50:10:AM] DEBUG GameRunner:82 - Found entity system 'com.jgfx.chunk.systems.ChunkMeshBuilder'.
[April 06, 2020 - 03:50:10:AM] DEBUG GameRunner:82 - Found entity system 'com.jgfx.chunk.systems.ChunkGenerator'.
[April 06, 2020 - 03:50:10:AM] DEBUG GameRunner:82 - Found entity system 'com.jgfx.chunk.systems.ChunkNeighborBuilder'.
[April 06, 2020 - 03:50:10:AM] DEBUG GameRunner:82 - Found entity system 'com.jgfx.chunk.systems.ChunkRenderer'.
[April 06, 2020 - 03:50:10:AM] DEBUG GameRunner:82 - Found entity system 'com.jgfx.chunk.systems.ChunkManager'.
[April 06, 2020 - 03:50:10:AM] DEBUG GameRunner:82 - Found entity system 'com.jgfx.chunk.systems.ChunkSynthesizer'.
[April 06, 2020 - 03:50:10:AM] DEBUG GameRunner:82 - Found entity system 'com.jgfx.player.systems.SimplePlayerMove'.
[April 06, 2020 - 03:50:10:AM] DEBUG GameRunner:124 - Successfully instantiated entity system 'com.jgfx.chunk.systems.ChunkNeighborBuilder'.
[April 06, 2020 - 03:50:10:AM] DEBUG GameRunner:124 - Successfully instantiated entity system 'com.jgfx.chunk.systems.ChunkSynthesizer'.
[April 06, 2020 - 03:50:10:AM] DEBUG GameRunner:124 - Successfully instantiated entity system 'com.jgfx.chunk.systems.ChunkMeshBuilder'.
[April 06, 2020 - 03:50:10:AM] DEBUG GameRunner:124 - Successfully instantiated entity system 'com.jgfx.player.systems.SimplePlayerMove'.
[April 06, 2020 - 03:50:10:AM] DEBUG GameRunner:124 - Successfully instantiated entity system 'com.jgfx.chunk.systems.ChunkRenderer'.
[April 06, 2020 - 03:50:10:AM] DEBUG GameRunner:124 - Successfully instantiated entity system 'com.jgfx.chunk.systems.ChunkGenerator'.
[April 06, 2020 - 03:50:10:AM] DEBUG GameRunner:124 - Successfully instantiated entity system 'com.jgfx.chunk.systems.ChunkManager'.
[April 06, 2020 - 03:50:10:AM] INFO GameEngine:216 - Status -> Preparing Subsystems...
[April 06, 2020 - 03:50:10:AM] INFO GameEngine:216 - Status -> Pre-initialising graphics subsystem
[April 06, 2020 - 03:50:11:AM] INFO GameEngine:216 - Status -> Pre-initialising input subsystem
[April 06, 2020 - 03:50:11:AM] INFO GameEngine:216 - Status -> Beginning load process: 'Loading assets'.
[April 06, 2020 - 03:50:22:AM] DEBUG GameRunner:82 - Found entity system 'com.jgfx.chunk.systems.ChunkMeshBuilder'.
[April 06, 2020 - 03:50:22:AM] DEBUG GameRunner:82 - Found entity system 'com.jgfx.chunk.systems.ChunkGenerator'.
[April 06, 2020 - 03:50:22:AM] DEBUG GameRunner:82 - Found entity system 'com.jgfx.chunk.systems.ChunkNeighborBuilder'.
[April 06, 2020 - 03:50:22:AM] DEBUG GameRunner:82 - Found entity system 'com.jgfx.chunk.systems.ChunkRenderer'.
[April 06, 2020 - 03:50:22:AM] DEBUG GameRunner:82 - Found entity system 'com.jgfx.chunk.systems.ChunkManager'.
[April 06, 2020 - 03:50:22:AM] DEBUG GameRunner:82 - Found entity system 'com.jgfx.chunk.systems.ChunkSynthesizer'.
[April 06, 2020 - 03:50:22:AM] DEBUG GameRunner:82 - Found entity system 'com.jgfx.player.systems.SimplePlayerMove'.
[April 06, 2020 - 03:50:22:AM] DEBUG GameRunner:124 - Successfully instantiated entity system 'com.jgfx.chunk.systems.ChunkNeighborBuilder'.
[April 06, 2020 - 03:50:22:AM] DEBUG GameRunner:124 - Successfully instantiated entity system 'com.jgfx.chunk.systems.ChunkSynthesizer'.
[April 06, 2020 - 03:50:22:AM] DEBUG GameRunner:124 - Successfully instantiated entity system 'com.jgfx.chunk.systems.ChunkMeshBuilder'.
[April 06, 2020 - 03:50:22:AM] DEBUG GameRunner:124 - Successfully instantiated entity system 'com.jgfx.player.systems.SimplePlayerMove'.
[April 06, 2020 - 03:50:22:AM] DEBUG GameRunner:124 - Successfully instantiated entity system 'com.jgfx.chunk.systems.ChunkRenderer'.
[April 06, 2020 - 03:50:22:AM] DEBUG GameRunner:124 - Successfully instantiated entity system 'com.jgfx.chunk.systems.ChunkGenerator'.
[April 06, 2020 - 03:50:22:AM] DEBUG GameRunner:124 - Successfully instantiated entity system 'com.jgfx.chunk.systems.ChunkManager'.
[April 06, 2020 - 03:50:22:AM] INFO GameEngine:216 - Status -> Preparing Subsystems...
[April 06, 2020 - 03:50:22:AM] INFO GameEngine:216 - Status -> Pre-initialising graphics subsystem
[April 06, 2020 - 03:50:23:AM] INFO GameEngine:216 - Status -> Pre-initialising input subsystem
[April 06, 2020 - 03:50:23:AM] INFO GameEngine:216 - Status -> Beginning load process: 'Loading assets'.
[April 06, 2020 - 03:50:23:AM] INFO GameEngine:216 - Status -> Beginning load process: 'Loading default shapes'.
[April 06, 2020 - 03:50:23:AM] INFO GameEngine:216 - Status -> Beginning load process: 'Loading assets'.
[April 06, 2020 - 03:50:27:AM] DEBUG GameRunner:82 - Found entity system 'com.jgfx.chunk.systems.ChunkMeshBuilder'.
[April 06, 2020 - 03:50:27:AM] DEBUG GameRunner:82 - Found entity system 'com.jgfx.chunk.systems.ChunkGenerator'.
[April 06, 2020 - 03:50:27:AM] DEBUG GameRunner:82 - Found entity system 'com.jgfx.chunk.systems.ChunkNeighborBuilder'.
[April 06, 2020 - 03:50:27:AM] DEBUG GameRunner:82 - Found entity system 'com.jgfx.chunk.systems.ChunkRenderer'.
[April 06, 2020 - 03:50:27:AM] DEBUG GameRunner:82 - Found entity system 'com.jgfx.chunk.systems.ChunkManager'.
[April 06, 2020 - 03:50:27:AM] DEBUG GameRunner:82 - Found entity system 'com.jgfx.chunk.systems.ChunkSynthesizer'.
[April 06, 2020 - 03:50:27:AM] DEBUG GameRunner:82 - Found entity system 'com.jgfx.player.systems.SimplePlayerMove'.
[April 06, 2020 - 03:50:27:AM] DEBUG GameRunner:124 - Successfully instantiated entity system 'com.jgfx.chunk.systems.ChunkNeighborBuilder'.
[April 06, 2020 - 03:50:27:AM] DEBUG GameRunner:124 - Successfully instantiated entity system 'com.jgfx.chunk.systems.ChunkSynthesizer'.
[April 06, 2020 - 03:50:27:AM] DEBUG GameRunner:124 - Successfully instantiated entity system 'com.jgfx.chunk.systems.ChunkMeshBuilder'.
[April 06, 2020 - 03:50:27:AM] DEBUG GameRunner:124 - Successfully instantiated entity system 'com.jgfx.player.systems.SimplePlayerMove'.
[April 06, 2020 - 03:50:27:AM] DEBUG GameRunner:124 - Successfully instantiated entity system 'com.jgfx.chunk.systems.ChunkRenderer'.
[April 06, 2020 - 03:50:27:AM] DEBUG GameRunner:124 - Successfully instantiated entity system 'com.jgfx.chunk.systems.ChunkGenerator'.
[April 06, 2020 - 03:50:27:AM] DEBUG GameRunner:124 - Successfully instantiated entity system 'com.jgfx.chunk.systems.ChunkManager'.
[April 06, 2020 - 03:50:27:AM] INFO GameEngine:216 - Status -> Preparing Subsystems...
[April 06, 2020 - 03:50:27:AM] INFO GameEngine:216 - Status -> Pre-initialising graphics subsystem
[April 06, 2020 - 03:50:28:AM] INFO GameEngine:216 - Status -> Pre-initialising input subsystem
[April 06, 2020 - 03:50:28:AM] INFO GameEngine:216 - Status -> Beginning load process: 'Loading assets'.
[April 06, 2020 - 03:50:28:AM] INFO GameEngine:216 - Status -> Beginning load process: 'Loading default shapes'.
[April 06, 2020 - 03:50:28:AM] INFO GameEngine:216 - Status -> Beginning load process: 'Loading assets'.
[April 06, 2020 - 03:50:32:AM] DEBUG GameRunner:82 - Found entity system 'com.jgfx.chunk.systems.ChunkMeshBuilder'.
[April 06, 2020 - 03:50:32:AM] DEBUG GameRunner:82 - Found entity system 'com.jgfx.chunk.systems.ChunkGenerator'.
[April 06, 2020 - 03:50:32:AM] DEBUG GameRunner:82 - Found entity system 'com.jgfx.chunk.systems.ChunkNeighborBuilder'.
[April 06, 2020 - 03:50:32:AM] DEBUG GameRunner:82 - Found entity system 'com.jgfx.chunk.systems.ChunkRenderer'.
[April 06, 2020 - 03:50:32:AM] DEBUG GameRunner:82 - Found entity system 'com.jgfx.chunk.systems.ChunkManager'.
[April 06, 2020 - 03:50:32:AM] DEBUG GameRunner:82 - Found entity system 'com.jgfx.chunk.systems.ChunkSynthesizer'.
[April 06, 2020 - 03:50:32:AM] DEBUG GameRunner:82 - Found entity system 'com.jgfx.player.systems.SimplePlayerMove'.
[April 06, 2020 - 03:50:32:AM] DEBUG GameRunner:124 - Successfully instantiated entity system 'com.jgfx.chunk.systems.ChunkNeighborBuilder'.
[April 06, 2020 - 03:50:32:AM] DEBUG GameRunner:124 - Successfully instantiated entity system 'com.jgfx.chunk.systems.ChunkSynthesizer'.
[April 06, 2020 - 03:50:32:AM] DEBUG GameRunner:124 - Successfully instantiated entity system 'com.jgfx.chunk.systems.ChunkMeshBuilder'.
[April 06, 2020 - 03:50:32:AM] DEBUG GameRunner:124 - Successfully instantiated entity system 'com.jgfx.player.systems.SimplePlayerMove'.
[April 06, 2020 - 03:50:32:AM] DEBUG GameRunner:124 - Successfully instantiated entity system 'com.jgfx.chunk.systems.ChunkRenderer'.
[April 06, 2020 - 03:50:32:AM] DEBUG GameRunner:124 - Successfully instantiated entity system 'com.jgfx.chunk.systems.ChunkGenerator'.
[April 06, 2020 - 03:50:32:AM] DEBUG GameRunner:124 - Successfully instantiated entity system 'com.jgfx.chunk.systems.ChunkManager'.
[April 06, 2020 - 03:50:32:AM] INFO GameEngine:216 - Status -> Preparing Subsystems...
[April 06, 2020 - 03:50:32:AM] INFO GameEngine:216 - Status -> Pre-initialising graphics subsystem
[April 06, 2020 - 03:50:33:AM] INFO GameEngine:216 - Status -> Pre-initialising input subsystem
[April 06, 2020 - 03:50:33:AM] INFO GameEngine:216 - Status -> Beginning load process: 'Loading assets'.
[April 06, 2020 - 03:50:33:AM] INFO GameEngine:216 - Status -> Beginning load process: 'Loading default shapes'.
[April 06, 2020 - 03:50:33:AM] INFO GameEngine:216 - Status -> Beginning load process: 'Loading assets'.
[April 06, 2020 - 03:50:35:AM] DEBUG GameRunner:82 - Found entity system 'com.jgfx.chunk.systems.ChunkMeshBuilder'.
[April 06, 2020 - 03:50:35:AM] DEBUG GameRunner:82 - Found entity system 'com.jgfx.chunk.systems.ChunkGenerator'.
[April 06, 2020 - 03:50:35:AM] DEBUG GameRunner:82 - Found entity system 'com.jgfx.chunk.systems.ChunkNeighborBuilder'.
[April 06, 2020 - 03:50:35:AM] DEBUG GameRunner:82 - Found entity system 'com.jgfx.chunk.systems.ChunkRenderer'.
[April 06, 2020 - 03:50:35:AM] DEBUG GameRunner:82 - Found entity system 'com.jgfx.chunk.systems.ChunkManager'.
[April 06, 2020 - 03:50:35:AM] DEBUG GameRunner:82 - Found entity system 'com.jgfx.chunk.systems.ChunkSynthesizer'.
[April 06, 2020 - 03:50:35:AM] DEBUG GameRunner:82 - Found entity system 'com.jgfx.player.systems.SimplePlayerMove'.
[April 06, 2020 - 03:50:35:AM] DEBUG GameRunner:124 - Successfully instantiated entity system 'com.jgfx.chunk.systems.ChunkNeighborBuilder'.
[April 06, 2020 - 03:50:35:AM] DEBUG GameRunner:124 - Successfully instantiated entity system 'com.jgfx.chunk.systems.ChunkSynthesizer'.
[April 06, 2020 - 03:50:35:AM] DEBUG GameRunner:124 - Successfully instantiated entity system 'com.jgfx.chunk.systems.ChunkMeshBuilder'.
[April 06, 2020 - 03:50:35:AM] DEBUG GameRunner:124 - Successfully instantiated entity system 'com.jgfx.player.systems.SimplePlayerMove'.
[April 06, 2020 - 03:50:35:AM] DEBUG GameRunner:124 - Successfully instantiated entity system 'com.jgfx.chunk.systems.ChunkRenderer'.
[April 06, 2020 - 03:50:35:AM] DEBUG GameRunner:124 - Successfully instantiated entity system 'com.jgfx.chunk.systems.ChunkGenerator'.
[April 06, 2020 - 03:50:35:AM] DEBUG GameRunner:124 - Successfully instantiated entity system 'com.jgfx.chunk.systems.ChunkManager'.
[April 06, 2020 - 03:50:35:AM] INFO GameEngine:216 - Status -> Preparing Subsystems...
[April 06, 2020 - 03:50:35:AM] INFO GameEngine:216 - Status -> Pre-initialising graphics subsystem
[April 06, 2020 - 03:50:35:AM] INFO GameEngine:216 - Status -> Pre-initialising input subsystem
[April 06, 2020 - 03:50:35:AM] INFO GameEngine:216 - Status -> Beginning load process: 'Loading assets'.
[April 06, 2020 - 03:50:36:AM] INFO GameEngine:216 - Status -> Beginning load process: 'Loading default shapes'.
[April 06, 2020 - 03:50:36:AM] INFO GameEngine:216 - Status -> Beginning load process: 'Loading assets'.
[April 06, 2020 - 03:50:36:AM] INFO GameEngine:216 - Status -> Beginning load process: 'Loading local player...'.
[April 06, 2020 - 03:50:36:AM] INFO GameEngine:216 - Status -> Injecting instances to Subsystesm...
[April 06, 2020 - 03:50:36:AM] INFO GameEngine:216 - Status -> Scanning for shared variables in graphics subsystem
[April 06, 2020 - 03:50:36:AM] INFO GameEngine:216 - Status -> Scanning for shared variables in input subsystem
[April 06, 2020 - 03:50:36:AM] INFO GameEngine:216 - Status -> Initialising graphics subsystem
[April 06, 2020 - 03:50:36:AM] INFO GameEngine:216 - Status -> Initialising input subsystem
[April 06, 2020 - 03:50:36:AM] INFO GameEngine:216 - Status -> Initializing entity systems...
[April 06, 2020 - 03:50:36:AM] INFO GameEngine:216 - Status -> Post-initialising graphics subsystem
[April 06, 2020 - 03:50:36:AM] INFO GameEngine:216 - Status -> Post-initialising input subsystem
[April 06, 2020 - 03:50:38:AM] DEBUG ChunkManager:51 - Chunk[0] at 0, 0, 0 stored in chunk manager
[April 06, 2020 - 03:50:38:AM] DEBUG ChunkGenerator:52 - Chunk[0,0,0] blocks generated!
[April 06, 2020 - 03:50:38:AM] WARN ChunkManager:48 - Chunk[0] at 0, 0, 0 was generated twice. Destroying
[April 06, 2020 - 03:50:38:AM] DEBUG ChunkMeshBuilder:51 - Chunk[0, 0, 0] generated mesh!
