[April 06, 2020 - 03:51:23:AM] DEBUG GameRunner:82 - Found entity system 'com.jgfx.chunk.systems.ChunkMeshBuilder'.
[April 06, 2020 - 03:51:23:AM] DEBUG GameRunner:82 - Found entity system 'com.jgfx.chunk.systems.ChunkGenerator'.
[April 06, 2020 - 03:51:23:AM] DEBUG GameRunner:82 - Found entity system 'com.jgfx.chunk.systems.ChunkNeighborBuilder'.
[April 06, 2020 - 03:51:23:AM] DEBUG GameRunner:82 - Found entity system 'com.jgfx.chunk.systems.ChunkRenderer'.
[April 06, 2020 - 03:51:23:AM] DEBUG GameRunner:82 - Found entity system 'com.jgfx.chunk.systems.ChunkManager'.
[April 06, 2020 - 03:51:23:AM] DEBUG GameRunner:82 - Found entity system 'com.jgfx.chunk.systems.ChunkSynthesizer'.
[April 06, 2020 - 03:51:23:AM] DEBUG GameRunner:82 - Found entity system 'com.jgfx.player.systems.SimplePlayerMove'.
[April 06, 2020 - 03:51:23:AM] DEBUG GameRunner:124 - Successfully instantiated entity system 'com.jgfx.chunk.systems.ChunkNeighborBuilder'.
[April 06, 2020 - 03:51:23:AM] DEBUG GameRunner:124 - Successfully instantiated entity system 'com.jgfx.chunk.systems.ChunkSynthesizer'.
[April 06, 2020 - 03:51:23:AM] DEBUG GameRunner:124 - Successfully instantiated entity system 'com.jgfx.chunk.systems.ChunkMeshBuilder'.
[April 06, 2020 - 03:51:23:AM] DEBUG GameRunner:124 - Successfully instantiated entity system 'com.jgfx.player.systems.SimplePlayerMove'.
[April 06, 2020 - 03:51:23:AM] DEBUG GameRunner:124 - Successfully instantiated entity system 'com.jgfx.chunk.systems.ChunkRenderer'.
[April 06, 2020 - 03:51:23:AM] DEBUG GameRunner:124 - Successfully instantiated entity system 'com.jgfx.chunk.systems.ChunkGenerator'.
[April 06, 2020 - 03:51:23:AM] DEBUG GameRunner:124 - Successfully instantiated entity system 'com.jgfx.chunk.systems.ChunkManager'.
[April 06, 2020 - 03:51:23:AM] INFO GameEngine:216 - Status -> Preparing Subsystems...
[April 06, 2020 - 03:51:23:AM] INFO GameEngine:216 - Status -> Pre-initialising graphics subsystem
[April 06, 2020 - 03:51:24:AM] INFO GameEngine:216 - Status -> Pre-initialising input subsystem
[April 06, 2020 - 03:51:24:AM] INFO GameEngine:216 - Status -> Beginning load process: 'Loading assets'.
[April 06, 2020 - 03:51:24:AM] INFO GameEngine:216 - Status -> Beginning load process: 'Loading default shapes'.
[April 06, 2020 - 03:51:24:AM] INFO GameEngine:216 - Status -> Beginning load process: 'Loading assets'.
[April 06, 2020 - 03:51:26:AM] DEBUG GameRunner:82 - Found entity system 'com.jgfx.chunk.systems.ChunkMeshBuilder'.
[April 06, 2020 - 03:51:26:AM] DEBUG GameRunner:82 - Found entity system 'com.jgfx.chunk.systems.ChunkGenerator'.
[April 06, 2020 - 03:51:26:AM] DEBUG GameRunner:82 - Found entity system 'com.jgfx.chunk.systems.ChunkNeighborBuilder'.
[April 06, 2020 - 03:51:26:AM] DEBUG GameRunner:82 - Found entity system 'com.jgfx.chunk.systems.ChunkRenderer'.
[April 06, 2020 - 03:51:26:AM] DEBUG GameRunner:82 - Found entity system 'com.jgfx.chunk.systems.ChunkManager'.
[April 06, 2020 - 03:51:26:AM] DEBUG GameRunner:82 - Found entity system 'com.jgfx.chunk.systems.ChunkSynthesizer'.
[April 06, 2020 - 03:51:26:AM] DEBUG GameRunner:82 - Found entity system 'com.jgfx.player.systems.SimplePlayerMove'.
[April 06, 2020 - 03:51:26:AM] DEBUG GameRunner:124 - Successfully instantiated entity system 'com.jgfx.chunk.systems.ChunkNeighborBuilder'.
[April 06, 2020 - 03:51:26:AM] DEBUG GameRunner:124 - Successfully instantiated entity system 'com.jgfx.chunk.systems.ChunkSynthesizer'.
[April 06, 2020 - 03:51:26:AM] DEBUG GameRunner:124 - Successfully instantiated entity system 'com.jgfx.chunk.systems.ChunkMeshBuilder'.
[April 06, 2020 - 03:51:26:AM] DEBUG GameRunner:124 - Successfully instantiated entity system 'com.jgfx.player.systems.SimplePlayerMove'.
[April 06, 2020 - 03:51:26:AM] DEBUG GameRunner:124 - Successfully instantiated entity system 'com.jgfx.chunk.systems.ChunkRenderer'.
[April 06, 2020 - 03:51:26:AM] DEBUG GameRunner:124 - Successfully instantiated entity system 'com.jgfx.chunk.systems.ChunkGenerator'.
[April 06, 2020 - 03:51:26:AM] DEBUG GameRunner:124 - Successfully instantiated entity system 'com.jgfx.chunk.systems.ChunkManager'.
[April 06, 2020 - 03:51:26:AM] INFO GameEngine:216 - Status -> Preparing Subsystems...
[April 06, 2020 - 03:51:26:AM] INFO GameEngine:216 - Status -> Pre-initialising graphics subsystem
[April 06, 2020 - 03:51:26:AM] INFO GameEngine:216 - Status -> Pre-initialising input subsystem
[April 06, 2020 - 03:51:26:AM] INFO GameEngine:216 - Status -> Beginning load process: 'Loading assets'.
[April 06, 2020 - 03:51:26:AM] INFO GameEngine:216 - Status -> Beginning load process: 'Loading default shapes'.
[April 06, 2020 - 03:51:26:AM] INFO GameEngine:216 - Status -> Beginning load process: 'Loading assets'.
[April 06, 2020 - 03:51:28:AM] DEBUG GameRunner:82 - Found entity system 'com.jgfx.chunk.systems.ChunkMeshBuilder'.
[April 06, 2020 - 03:51:28:AM] DEBUG GameRunner:82 - Found entity system 'com.jgfx.chunk.systems.ChunkGenerator'.
[April 06, 2020 - 03:51:28:AM] DEBUG GameRunner:82 - Found entity system 'com.jgfx.chunk.systems.ChunkNeighborBuilder'.
[April 06, 2020 - 03:51:28:AM] DEBUG GameRunner:82 - Found entity system 'com.jgfx.chunk.systems.ChunkRenderer'.
[April 06, 2020 - 03:51:28:AM] DEBUG GameRunner:82 - Found entity system 'com.jgfx.chunk.systems.ChunkManager'.
[April 06, 2020 - 03:51:28:AM] DEBUG GameRunner:82 - Found entity system 'com.jgfx.chunk.systems.ChunkSynthesizer'.
[April 06, 2020 - 03:51:28:AM] DEBUG GameRunner:82 - Found entity system 'com.jgfx.player.systems.SimplePlayerMove'.
[April 06, 2020 - 03:51:28:AM] DEBUG GameRunner:124 - Successfully instantiated entity system 'com.jgfx.chunk.systems.ChunkNeighborBuilder'.
[April 06, 2020 - 03:51:28:AM] DEBUG GameRunner:124 - Successfully instantiated entity system 'com.jgfx.chunk.systems.ChunkSynthesizer'.
[April 06, 2020 - 03:51:28:AM] DEBUG GameRunner:124 - Successfully instantiated entity system 'com.jgfx.chunk.systems.ChunkMeshBuilder'.
[April 06, 2020 - 03:51:28:AM] DEBUG GameRunner:124 - Successfully instantiated entity system 'com.jgfx.player.systems.SimplePlayerMove'.
[April 06, 2020 - 03:51:28:AM] DEBUG GameRunner:124 - Successfully instantiated entity system 'com.jgfx.chunk.systems.ChunkRenderer'.
[April 06, 2020 - 03:51:28:AM] DEBUG GameRunner:124 - Successfully instantiated entity system 'com.jgfx.chunk.systems.ChunkGenerator'.
[April 06, 2020 - 03:51:28:AM] DEBUG GameRunner:124 - Successfully instantiated entity system 'com.jgfx.chunk.systems.ChunkManager'.
[April 06, 2020 - 03:51:28:AM] INFO GameEngine:216 - Status -> Preparing Subsystems...
[April 06, 2020 - 03:51:29:AM] INFO GameEngine:216 - Status -> Pre-initialising graphics subsystem
[April 06, 2020 - 03:51:29:AM] INFO GameEngine:216 - Status -> Pre-initialising input subsystem
[April 06, 2020 - 03:51:29:AM] INFO GameEngine:216 - Status -> Beginning load process: 'Loading assets'.
[April 06, 2020 - 03:51:29:AM] INFO GameEngine:216 - Status -> Beginning load process: 'Loading default shapes'.
[April 06, 2020 - 03:51:29:AM] INFO GameEngine:216 - Status -> Beginning load process: 'Loading assets'.
[April 06, 2020 - 03:51:29:AM] INFO GameEngine:216 - Status -> Beginning load process: 'Loading local player...'.
[April 06, 2020 - 03:51:29:AM] INFO GameEngine:216 - Status -> Injecting instances to Subsystesm...
[April 06, 2020 - 03:51:29:AM] INFO GameEngine:216 - Status -> Scanning for shared variables in graphics subsystem
[April 06, 2020 - 03:51:29:AM] INFO GameEngine:216 - Status -> Scanning for shared variables in input subsystem
[April 06, 2020 - 03:51:29:AM] INFO GameEngine:216 - Status -> Initialising graphics subsystem
[April 06, 2020 - 03:51:29:AM] INFO GameEngine:216 - Status -> Initialising input subsystem
[April 06, 2020 - 03:51:29:AM] INFO GameEngine:216 - Status -> Initializing entity systems...
[April 06, 2020 - 03:51:29:AM] INFO GameEngine:216 - Status -> Post-initialising graphics subsystem
[April 06, 2020 - 03:51:29:AM] INFO GameEngine:216 - Status -> Post-initialising input subsystem
[April 06, 2020 - 03:51:31:AM] DEBUG ChunkManager:51 - Chunk[0] at 0, 0, 0 stored in chunk manager
[April 06, 2020 - 03:51:31:AM] DEBUG ChunkGenerator:52 - Chunk[0,0,0] blocks generated!
[April 06, 2020 - 03:51:31:AM] WARN ChunkManager:48 - Chunk[0] at 0, 0, 0 was generated twice. Destroying
[April 06, 2020 - 03:51:31:AM] DEBUG ChunkMeshBuilder:51 - Chunk[0, 0, 0] generated mesh!
[April 06, 2020 - 03:51:31:AM] WARN ChunkManager:48 - Chunk[0] at 0, 0, 0 was generated twice. Destroying
[April 06, 2020 - 03:51:35:AM] DEBUG ChunkManager:51 - Chunk[13] at -5, 3, 3 stored in chunk manager
[April 06, 2020 - 03:51:35:AM] DEBUG ChunkGenerator:52 - Chunk[-5,3,3] blocks generated!
[April 06, 2020 - 03:51:35:AM] WARN ChunkManager:48 - Chunk[13] at -5, 3, 3 was generated twice. Destroying
[April 06, 2020 - 03:51:35:AM] DEBUG ChunkMeshBuilder:51 - Chunk[-5, 3, 3] generated mesh!
[April 06, 2020 - 03:51:35:AM] WARN ChunkManager:48 - Chunk[13] at -5, 3, 3 was generated twice. Destroying
[April 06, 2020 - 03:51:35:AM] WARN ChunkManager:48 - Chunk[13] at -5, 3, 3 was generated twice. Destroying
[April 06, 2020 - 03:51:37:AM] DEBUG ChunkManager:51 - Chunk[-7] at -7, 8, -4 stored in chunk manager
[April 06, 2020 - 03:51:37:AM] DEBUG ChunkGenerator:52 - Chunk[-7,8,-4] blocks generated!
[April 06, 2020 - 03:51:37:AM] WARN ChunkManager:48 - Chunk[-7] at -7, 8, -4 was generated twice. Destroying
[April 06, 2020 - 03:51:37:AM] DEBUG ChunkMeshBuilder:51 - Chunk[-7, 8, -4] generated mesh!
[April 06, 2020 - 03:51:37:AM] WARN ChunkManager:48 - Chunk[-7] at -7, 8, -4 was generated twice. Destroying
