[April 06, 2020 - 04:40:01:AM] DEBUG GameRunner:82 - Found entity system 'com.jgfx.chunk.systems.ChunkMeshBuilder'.
[April 06, 2020 - 04:40:01:AM] DEBUG GameRunner:82 - Found entity system 'com.jgfx.chunk.systems.ChunkGenerator'.
[April 06, 2020 - 04:40:01:AM] DEBUG GameRunner:82 - Found entity system 'com.jgfx.chunk.systems.ChunkNeighborBuilder'.
[April 06, 2020 - 04:40:01:AM] DEBUG GameRunner:82 - Found entity system 'com.jgfx.chunk.systems.ChunkRenderer'.
[April 06, 2020 - 04:40:01:AM] DEBUG GameRunner:82 - Found entity system 'com.jgfx.chunk.systems.ChunkManager'.
[April 06, 2020 - 04:40:01:AM] DEBUG GameRunner:82 - Found entity system 'com.jgfx.chunk.systems.ChunkSynthesizer'.
[April 06, 2020 - 04:40:01:AM] DEBUG GameRunner:82 - Found entity system 'com.jgfx.player.systems.SimplePlayerMove'.
[April 06, 2020 - 04:40:01:AM] DEBUG GameRunner:124 - Successfully instantiated entity system 'com.jgfx.chunk.systems.ChunkNeighborBuilder'.
[April 06, 2020 - 04:40:01:AM] DEBUG GameRunner:124 - Successfully instantiated entity system 'com.jgfx.chunk.systems.ChunkSynthesizer'.
[April 06, 2020 - 04:40:01:AM] DEBUG GameRunner:124 - Successfully instantiated entity system 'com.jgfx.chunk.systems.ChunkMeshBuilder'.
[April 06, 2020 - 04:40:01:AM] DEBUG GameRunner:124 - Successfully instantiated entity system 'com.jgfx.player.systems.SimplePlayerMove'.
[April 06, 2020 - 04:40:01:AM] DEBUG GameRunner:124 - Successfully instantiated entity system 'com.jgfx.chunk.systems.ChunkRenderer'.
[April 06, 2020 - 04:40:01:AM] DEBUG GameRunner:124 - Successfully instantiated entity system 'com.jgfx.chunk.systems.ChunkGenerator'.
[April 06, 2020 - 04:40:01:AM] DEBUG GameRunner:124 - Successfully instantiated entity system 'com.jgfx.chunk.systems.ChunkManager'.
[April 06, 2020 - 04:40:01:AM] INFO GameEngine:216 - Status -> Preparing Subsystems...
[April 06, 2020 - 04:40:01:AM] INFO GameEngine:216 - Status -> Pre-initialising graphics subsystem
[April 06, 2020 - 04:40:02:AM] INFO GameEngine:216 - Status -> Pre-initialising input subsystem
[April 06, 2020 - 04:40:02:AM] INFO GameEngine:216 - Status -> Beginning load process: 'Loading assets'.
[April 06, 2020 - 04:40:02:AM] INFO GameEngine:216 - Status -> Beginning load process: 'Loading default shapes'.
[April 06, 2020 - 04:40:02:AM] INFO GameEngine:216 - Status -> Beginning load process: 'Loading assets'.
[April 06, 2020 - 04:40:02:AM] INFO GameEngine:216 - Status -> Beginning load process: 'Loading local player...'.
[April 06, 2020 - 04:40:02:AM] INFO GameEngine:216 - Status -> Injecting instances to Subsystesm...
[April 06, 2020 - 04:40:02:AM] INFO GameEngine:216 - Status -> Scanning for shared variables in graphics subsystem
[April 06, 2020 - 04:40:02:AM] INFO GameEngine:216 - Status -> Scanning for shared variables in input subsystem
[April 06, 2020 - 04:40:02:AM] INFO GameEngine:216 - Status -> Initialising graphics subsystem
[April 06, 2020 - 04:40:02:AM] INFO GameEngine:216 - Status -> Initialising input subsystem
[April 06, 2020 - 04:40:02:AM] INFO GameEngine:216 - Status -> Initializing entity systems...
[April 06, 2020 - 04:40:02:AM] INFO GameEngine:216 - Status -> Post-initialising graphics subsystem
[April 06, 2020 - 04:40:02:AM] INFO GameEngine:216 - Status -> Post-initialising input subsystem
[April 06, 2020 - 04:40:04:AM] DEBUG ChunkManager:51 - Chunk[0] at 0, 0, 0 stored in chunk manager
[April 06, 2020 - 04:40:04:AM] DEBUG ChunkGenerator:54 - Chunk[0,0,0] blocks generated!
[April 06, 2020 - 04:40:04:AM] WARN ChunkManager:48 - Chunk[0] at 0, 0, 0 was generated twice. Destroying
[April 06, 2020 - 04:40:04:AM] DEBUG ChunkMeshBuilder:54 - Chunk[0, 0, 0] generated mesh!
[April 06, 2020 - 04:40:06:AM] DEBUG ChunkManager:51 - Chunk[47] at 3, 4, 9 stored in chunk manager
[April 06, 2020 - 04:40:06:AM] DEBUG ChunkGenerator:54 - Chunk[3,4,9] blocks generated!
[April 06, 2020 - 04:40:06:AM] WARN ChunkManager:48 - Chunk[47] at 3, 4, 9 was generated twice. Destroying
[April 06, 2020 - 04:40:06:AM] DEBUG ChunkMeshBuilder:54 - Chunk[3, 4, 9] generated mesh!
[April 06, 2020 - 04:40:08:AM] DEBUG ChunkManager:51 - Chunk[81] at 11, 7, 14 stored in chunk manager
[April 06, 2020 - 04:40:08:AM] DEBUG ChunkGenerator:54 - Chunk[11,7,14] blocks generated!
[April 06, 2020 - 04:40:08:AM] DEBUG ChunkManager:51 - Chunk[77] at 11, 7, 13 stored in chunk manager
[April 06, 2020 - 04:40:08:AM] DEBUG ChunkMeshBuilder:54 - Chunk[11, 7, 14] generated mesh!
[April 06, 2020 - 04:40:08:AM] DEBUG ChunkGenerator:54 - Chunk[11,7,13] blocks generated!
[April 06, 2020 - 04:40:08:AM] DEBUG ChunkMeshBuilder:54 - Chunk[11, 7, 13] generated mesh!
[April 06, 2020 - 04:41:23:AM] DEBUG ChunkManager:51 - Chunk[196] at 44, 14, 31 stored in chunk manager
[April 06, 2020 - 04:41:23:AM] DEBUG ChunkGenerator:54 - Chunk[44,14,31] blocks generated!
[April 06, 2020 - 04:41:23:AM] WARN ChunkManager:48 - Chunk[196] at 44, 14, 31 was generated twice. Destroying
[April 06, 2020 - 04:41:23:AM] DEBUG ChunkMeshBuilder:54 - Chunk[44, 14, 31] generated mesh!
