[April 04, 2020 - 01:11:23:AM] DEBUG GameRunner:82 - Found entity system 'com.jgfx.chunk.systems.ChunkMeshBuilder'.
[April 04, 2020 - 01:11:23:AM] DEBUG GameRunner:82 - Found entity system 'com.jgfx.chunk.systems.ChunkNeighborBuilder'.
[April 04, 2020 - 01:11:23:AM] DEBUG GameRunner:82 - Found entity system 'com.jgfx.chunk.systems.ChunkRenderer'.
[April 04, 2020 - 01:11:23:AM] DEBUG GameRunner:89 - Found load process 'com.jgfx.player.load.PlayerLoader'.
[April 04, 2020 - 01:11:23:AM] DEBUG GameRunner:82 - Found entity system 'com.jgfx.player.systems.SimplePlayerMove'.
[April 04, 2020 - 01:11:23:AM] DEBUG GameRunner:124 - Successfully instantiated entity system 'com.jgfx.chunk.systems.ChunkNeighborBuilder'.
[April 04, 2020 - 01:11:23:AM] DEBUG GameRunner:124 - Successfully instantiated entity system 'com.jgfx.chunk.systems.ChunkRenderer'.
[April 04, 2020 - 01:11:23:AM] DEBUG GameRunner:124 - Successfully instantiated entity system 'com.jgfx.player.systems.SimplePlayerMove'.
[April 04, 2020 - 01:11:23:AM] DEBUG GameRunner:124 - Successfully instantiated entity system 'com.jgfx.chunk.systems.ChunkMeshBuilder'.
[April 04, 2020 - 01:11:23:AM] DEBUG GameRunner:139 - Successfully instantiated load processes 'com.jgfx.player.load.PlayerLoader'.
[April 04, 2020 - 01:11:23:AM] INFO GameEngine:209 - Status -> Preparing Subsystems...
[April 04, 2020 - 01:11:23:AM] INFO GameEngine:209 - Status -> Pre-initialising graphics subsystem
[April 04, 2020 - 01:11:23:AM] INFO GameEngine:209 - Status -> Pre-initialising input subsystem
[April 04, 2020 - 01:11:23:AM] INFO GameEngine:209 - Status -> Beginning load process: 'Loading assets'.
[April 04, 2020 - 01:11:23:AM] INFO GameEngine:209 - Status -> Beginning load process: 'Loading default shapes'.
[April 04, 2020 - 01:11:23:AM] INFO GameEngine:209 - Status -> Beginning load process: 'Loading local player...'.
[April 04, 2020 - 01:11:23:AM] INFO GameEngine:209 - Status -> Injecting instances to Subsystesm...
[April 04, 2020 - 01:11:23:AM] INFO GameEngine:209 - Status -> Scanning for shared variables in graphics subsystem
[April 04, 2020 - 01:11:23:AM] INFO GameEngine:209 - Status -> Scanning for shared variables in input subsystem
[April 04, 2020 - 01:11:23:AM] INFO GameEngine:209 - Status -> Initialising graphics subsystem
[April 04, 2020 - 01:11:23:AM] INFO GameEngine:209 - Status -> Initialising input subsystem
[April 04, 2020 - 01:11:23:AM] INFO GameEngine:209 - Status -> Initializing entity systems...
[April 04, 2020 - 01:11:23:AM] INFO GameEngine:209 - Status -> Post-initialising graphics subsystem
[April 04, 2020 - 01:11:23:AM] INFO GameEngine:209 - Status -> Post-initialising input subsystem
